# JRE version: Java(TM) SE Runtime Environment (8.0_66-b18) (build 1.8.0_66-b18)
# Java VM: Java HotSpot(TM) 64-Bit Server VM (25.66-b18 mixed mode windows-amd64 compressed oops)
Heap:
 PSYoungGen      total 143872K, used 105121K [0x00000000f5580000, 0x00000000ffd00000, 0x0000000100000000)
  eden space 117248K, 89% used [0x00000000f5580000,0x00000000fbc284a8,0x00000000fc800000)
  from space 26624K, 0% used [0x00000000fe300000,0x00000000fe300000,0x00000000ffd00000)
  to   space 27136K, 0% used [0x00000000fc800000,0x00000000fc800000,0x00000000fe280000)
 ParOldGen       total 90624K, used 61671K [0x00000000e0000000, 0x00000000e5880000, 0x00000000f5580000)
  object space 90624K, 68% used [0x00000000e0000000,0x00000000e3c39f10,0x00000000e5880000)
 Metaspace       used 93487K, capacity 101380K, committed 101592K, reserved 1136640K
  class space    used 11042K, capacity 13466K, committed 13568K, reserved 1048576K
GC Heap History (10 events):
Event: 141.257 GC heap before
{Heap before GC invocations=20 (full 5):
 PSYoungGen      total 117760K, used 4455K [0x00000000f5580000, 0x00000000ffc00000, 0x0000000100000000)
  eden space 113152K, 0% used [0x00000000f5580000,0x00000000f5580000,0x00000000fc400000)
  from space 4608K, 96% used [0x00000000fc400000,0x00000000fc859c70,0x00000000fc880000)
  to   space 28672K, 0% used [0x00000000fe000000,0x00000000fe000000,0x00000000ffc00000)
 ParOldGen       total 90624K, used 63302K [0x00000000e0000000, 0x00000000e5880000, 0x00000000f5580000)
  object space 90624K, 69% used [0x00000000e0000000,0x00000000e3dd19b0,0x00000000e5880000)
 Metaspace       used 89478K, capacity 97220K, committed 97368K, reserved 1134592K
  class space    used 10671K, capacity 13131K, committed 13184K, reserved 1048576K
Event: 141.706 GC heap after
Heap after GC invocations=20 (full 5):
 PSYoungGen      total 117760K, used 0K [0x00000000f5580000, 0x00000000ffc00000, 0x0000000100000000)
  eden space 113152K, 0% used [0x00000000f5580000,0x00000000f5580000,0x00000000fc400000)
  from space 4608K, 0% used [0x00000000fc400000,0x00000000fc400000,0x00000000fc880000)
  to   space 28672K, 0% used [0x00000000fe000000,0x00000000fe000000,0x00000000ffc00000)
 ParOldGen       total 90624K, used 60363K [0x00000000e0000000, 0x00000000e5880000, 0x00000000f5580000)
  object space 90624K, 66% used [0x00000000e0000000,0x00000000e3af2d38,0x00000000e5880000)
 Metaspace       used 89478K, capacity 97220K, committed 97368K, reserved 1134592K
  class space    used 10671K, capacity 13131K, committed 13184K, reserved 1048576K
}
Event: 190.131 GC heap before
{Heap before GC invocations=21 (full 5):
 PSYoungGen      total 117760K, used 113152K [0x00000000f5580000, 0x00000000ffc00000, 0x0000000100000000)
  eden space 113152K, 100% used [0x00000000f5580000,0x00000000fc400000,0x00000000fc400000)
  from space 4608K, 0% used [0x00000000fc400000,0x00000000fc400000,0x00000000fc880000)
  to   space 28672K, 0% used [0x00000000fe000000,0x00000000fe000000,0x00000000ffc00000)
 ParOldGen       total 90624K, used 60363K [0x00000000e0000000, 0x00000000e5880000, 0x00000000f5580000)
  object space 90624K, 66% used [0x00000000e0000000,0x00000000e3af2d38,0x00000000e5880000)
 Metaspace       used 90010K, capacity 97924K, committed 98136K, reserved 1134592K
  class space    used 10685K, capacity 13131K, committed 13184K, reserved 1048576K
Event: 190.138 GC heap after
Heap after GC invocations=21 (full 5):
 PSYoungGen      total 141824K, used 1693K [0x00000000f5580000, 0x0000000100000000, 0x0000000100000000)
  eden space 113152K, 0% used [0x00000000f5580000,0x00000000f5580000,0x00000000fc400000)
  from space 28672K, 5% used [0x00000000fe000000,0x00000000fe1a7730,0x00000000ffc00000)
  to   space 28672K, 0% used [0x00000000fc400000,0x00000000fc400000,0x00000000fe000000)
 ParOldGen       total 90624K, used 60371K [0x00000000e0000000, 0x00000000e5880000, 0x00000000f5580000)
  object space 90624K, 66% used [0x00000000e0000000,0x00000000e3af4d38,0x00000000e5880000)
 Metaspace       used 90010K, capacity 97924K, committed 98136K, reserved 1134592K
  class space    used 10685K, capacity 13131K, committed 13184K, reserved 1048576K
}
Event: 206.297 GC heap before
{Heap before GC invocations=22 (full 5):
 PSYoungGen      total 141824K, used 114845K [0x00000000f5580000, 0x0000000100000000, 0x0000000100000000)
  eden space 113152K, 100% used [0x00000000f5580000,0x00000000fc400000,0x00000000fc400000)
  from space 28672K, 5% used [0x00000000fe000000,0x00000000fe1a7730,0x00000000ffc00000)
  to   space 28672K, 0% used [0x00000000fc400000,0x00000000fc400000,0x00000000fe000000)
 ParOldGen       total 90624K, used 60371K [0x00000000e0000000, 0x00000000e5880000, 0x00000000f5580000)
  object space 90624K, 66% used [0x00000000e0000000,0x00000000e3af4d38,0x00000000e5880000)
 Metaspace       used 91181K, capacity 99114K, committed 99288K, reserved 1134592K
  class space    used 10811K, capacity 13228K, committed 13312K, reserved 1048576K
Event: 206.305 GC heap after
Heap after GC invocations=22 (full 5):
 PSYoungGen      total 141824K, used 3936K [0x00000000f5580000, 0x00000000ffe00000, 0x0000000100000000)
  eden space 113152K, 0% used [0x00000000f5580000,0x00000000f5580000,0x00000000fc400000)
  from space 28672K, 13% used [0x00000000fc400000,0x00000000fc7d8310,0x00000000fe000000)
  to   space 27648K, 0% used [0x00000000fe300000,0x00000000fe300000,0x00000000ffe00000)
 ParOldGen       total 90624K, used 60379K [0x00000000e0000000, 0x00000000e5880000, 0x00000000f5580000)
  object space 90624K, 66% used [0x00000000e0000000,0x00000000e3af6d38,0x00000000e5880000)
 Metaspace       used 91181K, capacity 99114K, committed 99288K, reserved 1134592K
  class space    used 10811K, capacity 13228K, committed 13312K, reserved 1048576K
}
Event: 220.592 GC heap before
{Heap before GC invocations=23 (full 5):
 PSYoungGen      total 141824K, used 61195K [0x00000000f5580000, 0x00000000ffe00000, 0x0000000100000000)
  eden space 113152K, 50% used [0x00000000f5580000,0x00000000f8d6ac38,0x00000000fc400000)
  from space 28672K, 13% used [0x00000000fc400000,0x00000000fc7d8310,0x00000000fe000000)
  to   space 27648K, 0% used [0x00000000fe300000,0x00000000fe300000,0x00000000ffe00000)
 ParOldGen       total 90624K, used 60379K [0x00000000e0000000, 0x00000000e5880000, 0x00000000f5580000)
  object space 90624K, 66% used [0x00000000e0000000,0x00000000e3af6d38,0x00000000e5880000)
 Metaspace       used 91593K, capacity 99414K, committed 99544K, reserved 1136640K
  class space    used 10844K, capacity 13262K, committed 13312K, reserved 1048576K
Event: 220.604 GC heap after
Heap after GC invocations=23 (full 5):
 PSYoungGen      total 143872K, used 3905K [0x00000000f5580000, 0x00000000ffd00000, 0x0000000100000000)
  eden space 117248K, 0% used [0x00000000f5580000,0x00000000f5580000,0x00000000fc800000)
  from space 26624K, 14% used [0x00000000fe300000,0x00000000fe6d0550,0x00000000ffd00000)
  to   space 27136K, 0% used [0x00000000fc800000,0x00000000fc800000,0x00000000fe280000)
 ParOldGen       total 90624K, used 60379K [0x00000000e0000000, 0x00000000e5880000, 0x00000000f5580000)
  object space 90624K, 66% used [0x00000000e0000000,0x00000000e3af6d38,0x00000000e5880000)
 Metaspace       used 91593K, capacity 99414K, committed 99544K, reserved 1136640K
  class space    used 10844K, capacity 13262K, committed 13312K, reserved 1048576K
}
Event: 220.604 GC heap before
{Heap before GC invocations=24 (full 6):
 PSYoungGen      total 143872K, used 3905K [0x00000000f5580000, 0x00000000ffd00000, 0x0000000100000000)
  eden space 117248K, 0% used [0x00000000f5580000,0x00000000f5580000,0x00000000fc800000)
  from space 26624K, 14% used [0x00000000fe300000,0x00000000fe6d0550,0x00000000ffd00000)
  to   space 27136K, 0% used [0x00000000fc800000,0x00000000fc800000,0x00000000fe280000)
 ParOldGen       total 90624K, used 60379K [0x00000000e0000000, 0x00000000e5880000, 0x00000000f5580000)
  object space 90624K, 66% used [0x00000000e0000000,0x00000000e3af6d38,0x00000000e5880000)
 Metaspace       used 91593K, capacity 99414K, committed 99544K, reserved 1136640K
  class space    used 10844K, capacity 13262K, committed 13312K, reserved 1048576K
Event: 220.989 GC heap after
Heap after GC invocations=24 (full 6):
 PSYoungGen      total 143872K, used 0K [0x00000000f5580000, 0x00000000ffd00000, 0x0000000100000000)
  eden space 117248K, 0% used [0x00000000f5580000,0x00000000f5580000,0x00000000fc800000)
  from space 26624K, 0% used [0x00000000fe300000,0x00000000fe300000,0x00000000ffd00000)
  to   space 27136K, 0% used [0x00000000fc800000,0x00000000fc800000,0x00000000fe280000)
 ParOldGen       total 90624K, used 61671K [0x00000000e0000000, 0x00000000e5880000, 0x00000000f5580000)
  object space 90624K, 68% used [0x00000000e0000000,0x00000000e3c39f10,0x00000000e5880000)
 Metaspace       used 91593K, capacity 99414K, committed 99544K, reserved 1136640K
  class space    used 10844K, capacity 13262K, committed 13312K, reserved 1048576K
}

