# JRE version: Java(TM) SE Runtime Environment (8.0_66-b18) (build 1.8.0_66-b18)
# Java VM: Java HotSpot(TM) 64-Bit Server VM (25.66-b18 mixed mode windows-amd64 compressed oops)
Heap:
 PSYoungGen      total 120320K, used 29575K [0x00000000f5580000, 0x00000000feb00000, 0x0000000100000000)
  eden space 91648K, 6% used [0x00000000f5580000,0x00000000f5b21410,0x00000000faf00000)
  from space 28672K, 83% used [0x00000000fcd00000,0x00000000fe440a60,0x00000000fe900000)
  to   space 30720K, 0% used [0x00000000faf00000,0x00000000faf00000,0x00000000fcd00000)
 ParOldGen       total 107520K, used 45332K [0x00000000e0000000, 0x00000000e6900000, 0x00000000f5580000)
  object space 107520K, 42% used [0x00000000e0000000,0x00000000e2c453a8,0x00000000e6900000)
 Metaspace       used 79315K, capacity 86326K, committed 86424K, reserved 1124352K
  class space    used 9636K, capacity 11886K, committed 11944K, reserved 1048576K
GC Heap History (10 events):
Event: 7.685 GC heap before
{Heap before GC invocations=11 (full 2):
 PSYoungGen      total 82944K, used 71456K [0x00000000f5580000, 0x00000000fcb00000, 0x0000000100000000)
  eden space 68096K, 83% used [0x00000000f5580000,0x00000000f8ccbf18,0x00000000f9800000)
  from space 14848K, 99% used [0x00000000faa00000,0x00000000fb87c130,0x00000000fb880000)
  to   space 18432K, 0% used [0x00000000f9800000,0x00000000f9800000,0x00000000faa00000)
 ParOldGen       total 73216K, used 28417K [0x00000000e0000000, 0x00000000e4780000, 0x00000000f5580000)
  object space 73216K, 38% used [0x00000000e0000000,0x00000000e1bc06e8,0x00000000e4780000)
 Metaspace       used 54445K, capacity 59054K, committed 59160K, reserved 1099776K
  class space    used 6419K, capacity 7953K, committed 7976K, reserved 1048576K
Event: 7.710 GC heap after
Heap after GC invocations=11 (full 2):
 PSYoungGen      total 86528K, used 18407K [0x00000000f5580000, 0x00000000fd380000, 0x0000000100000000)
  eden space 68096K, 0% used [0x00000000f5580000,0x00000000f5580000,0x00000000f9800000)
  from space 18432K, 99% used [0x00000000f9800000,0x00000000fa9f9d70,0x00000000faa00000)
  to   space 22528K, 0% used [0x00000000fbd80000,0x00000000fbd80000,0x00000000fd380000)
 ParOldGen       total 73216K, used 32511K [0x00000000e0000000, 0x00000000e4780000, 0x00000000f5580000)
  object space 73216K, 44% used [0x00000000e0000000,0x00000000e1fbfc08,0x00000000e4780000)
 Metaspace       used 54445K, capacity 59054K, committed 59160K, reserved 1099776K
  class space    used 6419K, capacity 7953K, committed 7976K, reserved 1048576K
}
Event: 7.710 GC heap before
{Heap before GC invocations=12 (full 3):
 PSYoungGen      total 86528K, used 18407K [0x00000000f5580000, 0x00000000fd380000, 0x0000000100000000)
  eden space 68096K, 0% used [0x00000000f5580000,0x00000000f5580000,0x00000000f9800000)
  from space 18432K, 99% used [0x00000000f9800000,0x00000000fa9f9d70,0x00000000faa00000)
  to   space 22528K, 0% used [0x00000000fbd80000,0x00000000fbd80000,0x00000000fd380000)
 ParOldGen       total 73216K, used 32511K [0x00000000e0000000, 0x00000000e4780000, 0x00000000f5580000)
  object space 73216K, 44% used [0x00000000e0000000,0x00000000e1fbfc08,0x00000000e4780000)
 Metaspace       used 54445K, capacity 59054K, committed 59160K, reserved 1099776K
  class space    used 6419K, capacity 7953K, committed 7976K, reserved 1048576K
Event: 7.991 GC heap after
Heap after GC invocations=12 (full 3):
 PSYoungGen      total 86528K, used 0K [0x00000000f5580000, 0x00000000fd380000, 0x0000000100000000)
  eden space 68096K, 0% used [0x00000000f5580000,0x00000000f5580000,0x00000000f9800000)
  from space 18432K, 0% used [0x00000000f9800000,0x00000000f9800000,0x00000000faa00000)
  to   space 22528K, 0% used [0x00000000fbd80000,0x00000000fbd80000,0x00000000fd380000)
 ParOldGen       total 107520K, used 44656K [0x00000000e0000000, 0x00000000e6900000, 0x00000000f5580000)
  object space 107520K, 41% used [0x00000000e0000000,0x00000000e2b9c000,0x00000000e6900000)
 Metaspace       used 54445K, capacity 59054K, committed 59160K, reserved 1099776K
  class space    used 6419K, capacity 7953K, committed 7976K, reserved 1048576K
}
Event: 10.013 GC heap before
{Heap before GC invocations=13 (full 3):
 PSYoungGen      total 86528K, used 68096K [0x00000000f5580000, 0x00000000fd380000, 0x0000000100000000)
  eden space 68096K, 100% used [0x00000000f5580000,0x00000000f9800000,0x00000000f9800000)
  from space 18432K, 0% used [0x00000000f9800000,0x00000000f9800000,0x00000000faa00000)
  to   space 22528K, 0% used [0x00000000fbd80000,0x00000000fbd80000,0x00000000fd380000)
 ParOldGen       total 107520K, used 44656K [0x00000000e0000000, 0x00000000e6900000, 0x00000000f5580000)
  object space 107520K, 41% used [0x00000000e0000000,0x00000000e2b9c000,0x00000000e6900000)
 Metaspace       used 66102K, capacity 71134K, committed 71448K, reserved 1112064K
  class space    used 7978K, capacity 9648K, committed 9768K, reserved 1048576K
Event: 10.035 GC heap after
Heap after GC invocations=13 (full 3):
 PSYoungGen      total 102400K, used 19687K [0x00000000f5580000, 0x00000000fd380000, 0x0000000100000000)
  eden space 79872K, 0% used [0x00000000f5580000,0x00000000f5580000,0x00000000fa380000)
  from space 22528K, 87% used [0x00000000fbd80000,0x00000000fd0b9f90,0x00000000fd380000)
  to   space 24576K, 0% used [0x00000000fa380000,0x00000000fa380000,0x00000000fbb80000)
 ParOldGen       total 107520K, used 44664K [0x00000000e0000000, 0x00000000e6900000, 0x00000000f5580000)
  object space 107520K, 41% used [0x00000000e0000000,0x00000000e2b9e000,0x00000000e6900000)
 Metaspace       used 66102K, capacity 71134K, committed 71448K, reserved 1112064K
  class space    used 7978K, capacity 9648K, committed 9768K, reserved 1048576K
}
Event: 11.558 GC heap before
{Heap before GC invocations=14 (full 3):
 PSYoungGen      total 102400K, used 99559K [0x00000000f5580000, 0x00000000fd380000, 0x0000000100000000)
  eden space 79872K, 100% used [0x00000000f5580000,0x00000000fa380000,0x00000000fa380000)
  from space 22528K, 87% used [0x00000000fbd80000,0x00000000fd0b9f90,0x00000000fd380000)
  to   space 24576K, 0% used [0x00000000fa380000,0x00000000fa380000,0x00000000fbb80000)
 ParOldGen       total 107520K, used 44664K [0x00000000e0000000, 0x00000000e6900000, 0x00000000f5580000)
  object space 107520K, 41% used [0x00000000e0000000,0x00000000e2b9e000,0x00000000e6900000)
 Metaspace       used 73178K, capacity 79560K, committed 79896K, reserved 1118208K
  class space    used 8888K, capacity 10928K, committed 11048K, reserved 1048576K
Event: 11.590 GC heap after
Heap after GC invocations=14 (full 3):
 PSYoungGen      total 104448K, used 24556K [0x00000000f5580000, 0x00000000fe900000, 0x0000000100000000)
  eden space 79872K, 0% used [0x00000000f5580000,0x00000000f5580000,0x00000000fa380000)
  from space 24576K, 99% used [0x00000000fa380000,0x00000000fbb7b0d0,0x00000000fbb80000)
  to   space 28672K, 0% used [0x00000000fcd00000,0x00000000fcd00000,0x00000000fe900000)
 ParOldGen       total 107520K, used 45324K [0x00000000e0000000, 0x00000000e6900000, 0x00000000f5580000)
  object space 107520K, 42% used [0x00000000e0000000,0x00000000e2c433a8,0x00000000e6900000)
 Metaspace       used 73178K, capacity 79560K, committed 79896K, reserved 1118208K
  class space    used 8888K, capacity 10928K, committed 11048K, reserved 1048576K
}
Event: 44.748 GC heap before
{Heap before GC invocations=15 (full 3):
 PSYoungGen      total 104448K, used 104428K [0x00000000f5580000, 0x00000000fe900000, 0x0000000100000000)
  eden space 79872K, 100% used [0x00000000f5580000,0x00000000fa380000,0x00000000fa380000)
  from space 24576K, 99% used [0x00000000fa380000,0x00000000fbb7b0d0,0x00000000fbb80000)
  to   space 28672K, 0% used [0x00000000fcd00000,0x00000000fcd00000,0x00000000fe900000)
 ParOldGen       total 107520K, used 45324K [0x00000000e0000000, 0x00000000e6900000, 0x00000000f5580000)
  object space 107520K, 42% used [0x00000000e0000000,0x00000000e2c433a8,0x00000000e6900000)
 Metaspace       used 79195K, capacity 86260K, committed 86424K, reserved 1124352K
  class space    used 9623K, capacity 11884K, committed 11944K, reserved 1048576K
Event: 44.782 GC heap after
Heap after GC invocations=15 (full 3):
 PSYoungGen      total 120320K, used 23810K [0x00000000f5580000, 0x00000000feb00000, 0x0000000100000000)
  eden space 91648K, 0% used [0x00000000f5580000,0x00000000f5580000,0x00000000faf00000)
  from space 28672K, 83% used [0x00000000fcd00000,0x00000000fe440a60,0x00000000fe900000)
  to   space 30720K, 0% used [0x00000000faf00000,0x00000000faf00000,0x00000000fcd00000)
 ParOldGen       total 107520K, used 45332K [0x00000000e0000000, 0x00000000e6900000, 0x00000000f5580000)
  object space 107520K, 42% used [0x00000000e0000000,0x00000000e2c453a8,0x00000000e6900000)
 Metaspace       used 79195K, capacity 86260K, committed 86424K, reserved 1124352K
  class space    used 9623K, capacity 11884K, committed 11944K, reserved 1048576K
}

