# JRE version: Java(TM) SE Runtime Environment (8.0_66-b18) (build 1.8.0_66-b18)
# Java VM: Java HotSpot(TM) 64-Bit Server VM (25.66-b18 mixed mode windows-amd64 compressed oops)
Heap:
 PSYoungGen      total 136704K, used 40366K [0x00000000f5580000, 0x0000000100000000, 0x0000000100000000)
  eden space 98304K, 33% used [0x00000000f5580000,0x00000000f75737d0,0x00000000fb580000)
  from space 38400K, 19% used [0x00000000fda80000,0x00000000fe1f8410,0x0000000100000000)
  to   space 37888K, 0% used [0x00000000fb580000,0x00000000fb580000,0x00000000fda80000)
 ParOldGen       total 122368K, used 62265K [0x00000000e0000000, 0x00000000e7780000, 0x00000000f5580000)
  object space 122368K, 50% used [0x00000000e0000000,0x00000000e3cce760,0x00000000e7780000)
 Metaspace       used 87492K, capacity 95134K, committed 95320K, reserved 1132544K
  class space    used 10595K, capacity 13080K, committed 13184K, reserved 1048576K
GC Heap History (10 events):
Event: 18.323 GC heap before
{Heap before GC invocations=12 (full 3):
 PSYoungGen      total 133120K, used 127790K [0x00000000f5580000, 0x00000000ff700000, 0x0000000100000000)
  eden space 105984K, 100% used [0x00000000f5580000,0x00000000fbd00000,0x00000000fbd00000)
  from space 27136K, 80% used [0x00000000fdb00000,0x00000000ff04b858,0x00000000ff580000)
  to   space 29696K, 0% used [0x00000000fbd00000,0x00000000fbd00000,0x00000000fda00000)
 ParOldGen       total 122368K, used 43561K [0x00000000e0000000, 0x00000000e7780000, 0x00000000f5580000)
  object space 122368K, 35% used [0x00000000e0000000,0x00000000e2a8a568,0x00000000e7780000)
 Metaspace       used 76659K, capacity 83306K, committed 83416K, reserved 1122304K
  class space    used 9330K, capacity 11461K, committed 11520K, reserved 1048576K
Event: 18.348 GC heap after
Heap after GC invocations=12 (full 3):
 PSYoungGen      total 135680K, used 28997K [0x00000000f5580000, 0x0000000100000000, 0x0000000100000000)
  eden space 105984K, 0% used [0x00000000f5580000,0x00000000f5580000,0x00000000fbd00000)
  from space 29696K, 97% used [0x00000000fbd00000,0x00000000fd9514c8,0x00000000fda00000)
  to   space 33792K, 0% used [0x00000000fdf00000,0x00000000fdf00000,0x0000000100000000)
 ParOldGen       total 122368K, used 43588K [0x00000000e0000000, 0x00000000e7780000, 0x00000000f5580000)
  object space 122368K, 35% used [0x00000000e0000000,0x00000000e2a911b8,0x00000000e7780000)
 Metaspace       used 76659K, capacity 83306K, committed 83416K, reserved 1122304K
  class space    used 9330K, capacity 11461K, committed 11520K, reserved 1048576K
}
Event: 57.339 GC heap before
{Heap before GC invocations=13 (full 3):
 PSYoungGen      total 135680K, used 134981K [0x00000000f5580000, 0x0000000100000000, 0x0000000100000000)
  eden space 105984K, 100% used [0x00000000f5580000,0x00000000fbd00000,0x00000000fbd00000)
  from space 29696K, 97% used [0x00000000fbd00000,0x00000000fd9514c8,0x00000000fda00000)
  to   space 33792K, 0% used [0x00000000fdf00000,0x00000000fdf00000,0x0000000100000000)
 ParOldGen       total 122368K, used 43588K [0x00000000e0000000, 0x00000000e7780000, 0x00000000f5580000)
  object space 122368K, 35% used [0x00000000e0000000,0x00000000e2a911b8,0x00000000e7780000)
 Metaspace       used 81979K, capacity 89182K, committed 89304K, reserved 1126400K
  class space    used 9982K, capacity 12280K, committed 12288K, reserved 1048576K
Event: 57.378 GC heap after
Heap after GC invocations=13 (full 3):
 PSYoungGen      total 134656K, used 27914K [0x00000000f5580000, 0x0000000100000000, 0x0000000100000000)
  eden space 100864K, 0% used [0x00000000f5580000,0x00000000f5580000,0x00000000fb800000)
  from space 33792K, 82% used [0x00000000fdf00000,0x00000000ffa42828,0x0000000100000000)
  to   space 36864K, 0% used [0x00000000fb800000,0x00000000fb800000,0x00000000fdc00000)
 ParOldGen       total 122368K, used 43596K [0x00000000e0000000, 0x00000000e7780000, 0x00000000f5580000)
  object space 122368K, 35% used [0x00000000e0000000,0x00000000e2a931b8,0x00000000e7780000)
 Metaspace       used 81979K, capacity 89182K, committed 89304K, reserved 1126400K
  class space    used 9982K, capacity 12280K, committed 12288K, reserved 1048576K
}
Event: 71.595 GC heap before
{Heap before GC invocations=14 (full 3):
 PSYoungGen      total 134656K, used 58319K [0x00000000f5580000, 0x0000000100000000, 0x0000000100000000)
  eden space 100864K, 30% used [0x00000000f5580000,0x00000000f7331588,0x00000000fb800000)
  from space 33792K, 82% used [0x00000000fdf00000,0x00000000ffa42828,0x0000000100000000)
  to   space 36864K, 0% used [0x00000000fb800000,0x00000000fb800000,0x00000000fdc00000)
 ParOldGen       total 122368K, used 43596K [0x00000000e0000000, 0x00000000e7780000, 0x00000000f5580000)
  object space 122368K, 35% used [0x00000000e0000000,0x00000000e2a931b8,0x00000000e7780000)
 Metaspace       used 82556K, capacity 89902K, committed 89944K, reserved 1126400K
  class space    used 10044K, capacity 12392K, committed 12416K, reserved 1048576K
Event: 71.642 GC heap after
Heap after GC invocations=14 (full 3):
 PSYoungGen      total 126976K, used 25860K [0x00000000f5580000, 0x0000000100000000, 0x0000000100000000)
  eden space 100864K, 0% used [0x00000000f5580000,0x00000000f5580000,0x00000000fb800000)
  from space 26112K, 99% used [0x00000000fb800000,0x00000000fd141120,0x00000000fd180000)
  to   space 38400K, 0% used [0x00000000fda80000,0x00000000fda80000,0x0000000100000000)
 ParOldGen       total 122368K, used 43604K [0x00000000e0000000, 0x00000000e7780000, 0x00000000f5580000)
  object space 122368K, 35% used [0x00000000e0000000,0x00000000e2a951b8,0x00000000e7780000)
 Metaspace       used 82556K, capacity 89902K, committed 89944K, reserved 1126400K
  class space    used 10044K, capacity 12392K, committed 12416K, reserved 1048576K
}
Event: 71.642 GC heap before
{Heap before GC invocations=15 (full 4):
 PSYoungGen      total 126976K, used 25860K [0x00000000f5580000, 0x0000000100000000, 0x0000000100000000)
  eden space 100864K, 0% used [0x00000000f5580000,0x00000000f5580000,0x00000000fb800000)
  from space 26112K, 99% used [0x00000000fb800000,0x00000000fd141120,0x00000000fd180000)
  to   space 38400K, 0% used [0x00000000fda80000,0x00000000fda80000,0x0000000100000000)
 ParOldGen       total 122368K, used 43604K [0x00000000e0000000, 0x00000000e7780000, 0x00000000f5580000)
  object space 122368K, 35% used [0x00000000e0000000,0x00000000e2a951b8,0x00000000e7780000)
 Metaspace       used 82556K, capacity 89902K, committed 89944K, reserved 1126400K
  class space    used 10044K, capacity 12392K, committed 12416K, reserved 1048576K
Event: 72.079 GC heap after
Heap after GC invocations=15 (full 4):
 PSYoungGen      total 126976K, used 0K [0x00000000f5580000, 0x0000000100000000, 0x0000000100000000)
  eden space 100864K, 0% used [0x00000000f5580000,0x00000000f5580000,0x00000000fb800000)
  from space 26112K, 0% used [0x00000000fb800000,0x00000000fb800000,0x00000000fd180000)
  to   space 38400K, 0% used [0x00000000fda80000,0x00000000fda80000,0x0000000100000000)
 ParOldGen       total 122368K, used 62257K [0x00000000e0000000, 0x00000000e7780000, 0x00000000f5580000)
  object space 122368K, 50% used [0x00000000e0000000,0x00000000e3ccc760,0x00000000e7780000)
 Metaspace       used 82556K, capacity 89902K, committed 89944K, reserved 1126400K
  class space    used 10044K, capacity 12392K, committed 12416K, reserved 1048576K
}
Event: 105.759 GC heap before
{Heap before GC invocations=16 (full 4):
 PSYoungGen      total 126976K, used 100864K [0x00000000f5580000, 0x0000000100000000, 0x0000000100000000)
  eden space 100864K, 100% used [0x00000000f5580000,0x00000000fb800000,0x00000000fb800000)
  from space 26112K, 0% used [0x00000000fb800000,0x00000000fb800000,0x00000000fd180000)
  to   space 38400K, 0% used [0x00000000fda80000,0x00000000fda80000,0x0000000100000000)
 ParOldGen       total 122368K, used 62257K [0x00000000e0000000, 0x00000000e7780000, 0x00000000f5580000)
  object space 122368K, 50% used [0x00000000e0000000,0x00000000e3ccc760,0x00000000e7780000)
 Metaspace       used 86202K, capacity 93982K, committed 94296K, reserved 1130496K
  class space    used 10461K, capacity 12824K, committed 12928K, reserved 1048576K
Event: 105.769 GC heap after
Heap after GC invocations=16 (full 4):
 PSYoungGen      total 136704K, used 7649K [0x00000000f5580000, 0x0000000100000000, 0x0000000100000000)
  eden space 98304K, 0% used [0x00000000f5580000,0x00000000f5580000,0x00000000fb580000)
  from space 38400K, 19% used [0x00000000fda80000,0x00000000fe1f8410,0x0000000100000000)
  to   space 37888K, 0% used [0x00000000fb580000,0x00000000fb580000,0x00000000fda80000)
 ParOldGen       total 122368K, used 62265K [0x00000000e0000000, 0x00000000e7780000, 0x00000000f5580000)
  object space 122368K, 50% used [0x00000000e0000000,0x00000000e3cce760,0x00000000e7780000)
 Metaspace       used 86202K, capacity 93982K, committed 94296K, reserved 1130496K
  class space    used 10461K, capacity 12824K, committed 12928K, reserved 1048576K
}

