# JRE version: Java(TM) SE Runtime Environment (8.0_66-b18) (build 1.8.0_66-b18)
# Java VM: Java HotSpot(TM) 64-Bit Server VM (25.66-b18 mixed mode windows-amd64 compressed oops)
Heap:
 PSYoungGen      total 101888K, used 36489K [0x00000000f5580000, 0x00000000fca00000, 0x0000000100000000)
  eden space 86528K, 42% used [0x00000000f5580000,0x00000000f7922440,0x00000000faa00000)
  from space 15360K, 0% used [0x00000000fbb00000,0x00000000fbb00000,0x00000000fca00000)
  to   space 16384K, 0% used [0x00000000faa00000,0x00000000faa00000,0x00000000fba00000)
 ParOldGen       total 110080K, used 48873K [0x00000000e0000000, 0x00000000e6b80000, 0x00000000f5580000)
  object space 110080K, 44% used [0x00000000e0000000,0x00000000e2fba7a8,0x00000000e6b80000)
 Metaspace       used 84008K, capacity 91600K, committed 91864K, reserved 1128448K
  class space    used 10180K, capacity 12720K, committed 12800K, reserved 1048576K
GC Heap History (10 events):
Event: 1088.564 GC heap before
{Heap before GC invocations=51 (full 21):
 PSYoungGen      total 103936K, used 160K [0x00000000f5580000, 0x00000000fce00000, 0x0000000100000000)
  eden space 86528K, 0% used [0x00000000f5580000,0x00000000f5580000,0x00000000faa00000)
  from space 17408K, 0% used [0x00000000fbd00000,0x00000000fbd28000,0x00000000fce00000)
  to   space 18432K, 0% used [0x00000000faa00000,0x00000000faa00000,0x00000000fbc00000)
 ParOldGen       total 110080K, used 48727K [0x00000000e0000000, 0x00000000e6b80000, 0x00000000f5580000)
  object space 110080K, 44% used [0x00000000e0000000,0x00000000e2f95c40,0x00000000e6b80000)
 Metaspace       used 82975K, capacity 90342K, committed 90840K, reserved 1128448K
  class space    used 10062K, capacity 12431K, committed 12544K, reserved 1048576K
Event: 1088.690 GC heap after
Heap after GC invocations=51 (full 21):
 PSYoungGen      total 103936K, used 0K [0x00000000f5580000, 0x00000000fce00000, 0x0000000100000000)
  eden space 86528K, 0% used [0x00000000f5580000,0x00000000f5580000,0x00000000faa00000)
  from space 17408K, 0% used [0x00000000fbd00000,0x00000000fbd00000,0x00000000fce00000)
  to   space 18432K, 0% used [0x00000000faa00000,0x00000000faa00000,0x00000000fbc00000)
 ParOldGen       total 110080K, used 48727K [0x00000000e0000000, 0x00000000e6b80000, 0x00000000f5580000)
  object space 110080K, 44% used [0x00000000e0000000,0x00000000e2f95c28,0x00000000e6b80000)
 Metaspace       used 82975K, capacity 90342K, committed 90840K, reserved 1128448K
  class space    used 10062K, capacity 12431K, committed 12544K, reserved 1048576K
}
Event: 1148.569 GC heap before
{Heap before GC invocations=52 (full 21):
 PSYoungGen      total 103936K, used 5183K [0x00000000f5580000, 0x00000000fce00000, 0x0000000100000000)
  eden space 86528K, 5% used [0x00000000f5580000,0x00000000f5a8fd00,0x00000000faa00000)
  from space 17408K, 0% used [0x00000000fbd00000,0x00000000fbd00000,0x00000000fce00000)
  to   space 18432K, 0% used [0x00000000faa00000,0x00000000faa00000,0x00000000fbc00000)
 ParOldGen       total 110080K, used 48727K [0x00000000e0000000, 0x00000000e6b80000, 0x00000000f5580000)
  object space 110080K, 44% used [0x00000000e0000000,0x00000000e2f95c28,0x00000000e6b80000)
 Metaspace       used 82975K, capacity 90342K, committed 90840K, reserved 1128448K
  class space    used 10062K, capacity 12431K, committed 12544K, reserved 1048576K
Event: 1148.573 GC heap after
Heap after GC invocations=52 (full 21):
 PSYoungGen      total 87040K, used 128K [0x00000000f5580000, 0x00000000fcc00000, 0x0000000100000000)
  eden space 86528K, 0% used [0x00000000f5580000,0x00000000f5580000,0x00000000faa00000)
  from space 512K, 25% used [0x00000000faa00000,0x00000000faa20000,0x00000000faa80000)
  to   space 17408K, 0% used [0x00000000fbb00000,0x00000000fbb00000,0x00000000fcc00000)
 ParOldGen       total 110080K, used 48727K [0x00000000e0000000, 0x00000000e6b80000, 0x00000000f5580000)
  object space 110080K, 44% used [0x00000000e0000000,0x00000000e2f95c28,0x00000000e6b80000)
 Metaspace       used 82975K, capacity 90342K, committed 90840K, reserved 1128448K
  class space    used 10062K, capacity 12431K, committed 12544K, reserved 1048576K
}
Event: 1148.573 GC heap before
{Heap before GC invocations=53 (full 22):
 PSYoungGen      total 87040K, used 128K [0x00000000f5580000, 0x00000000fcc00000, 0x0000000100000000)
  eden space 86528K, 0% used [0x00000000f5580000,0x00000000f5580000,0x00000000faa00000)
  from space 512K, 25% used [0x00000000faa00000,0x00000000faa20000,0x00000000faa80000)
  to   space 17408K, 0% used [0x00000000fbb00000,0x00000000fbb00000,0x00000000fcc00000)
 ParOldGen       total 110080K, used 48727K [0x00000000e0000000, 0x00000000e6b80000, 0x00000000f5580000)
  object space 110080K, 44% used [0x00000000e0000000,0x00000000e2f95c28,0x00000000e6b80000)
 Metaspace       used 82975K, capacity 90342K, committed 90840K, reserved 1128448K
  class space    used 10062K, capacity 12431K, committed 12544K, reserved 1048576K
Event: 1148.690 GC heap after
Heap after GC invocations=53 (full 22):
 PSYoungGen      total 87040K, used 0K [0x00000000f5580000, 0x00000000fcc00000, 0x0000000100000000)
  eden space 86528K, 0% used [0x00000000f5580000,0x00000000f5580000,0x00000000faa00000)
  from space 512K, 0% used [0x00000000faa00000,0x00000000faa00000,0x00000000faa80000)
  to   space 17408K, 0% used [0x00000000fbb00000,0x00000000fbb00000,0x00000000fcc00000)
 ParOldGen       total 110080K, used 48725K [0x00000000e0000000, 0x00000000e6b80000, 0x00000000f5580000)
  object space 110080K, 44% used [0x00000000e0000000,0x00000000e2f957e8,0x00000000e6b80000)
 Metaspace       used 82975K, capacity 90342K, committed 90840K, reserved 1128448K
  class space    used 10062K, capacity 12431K, committed 12544K, reserved 1048576K
}
Event: 1208.587 GC heap before
{Heap before GC invocations=54 (full 22):
 PSYoungGen      total 87040K, used 10457K [0x00000000f5580000, 0x00000000fcc00000, 0x0000000100000000)
  eden space 86528K, 12% used [0x00000000f5580000,0x00000000f5fb6520,0x00000000faa00000)
  from space 512K, 0% used [0x00000000faa00000,0x00000000faa00000,0x00000000faa80000)
  to   space 17408K, 0% used [0x00000000fbb00000,0x00000000fbb00000,0x00000000fcc00000)
 ParOldGen       total 110080K, used 48725K [0x00000000e0000000, 0x00000000e6b80000, 0x00000000f5580000)
  object space 110080K, 44% used [0x00000000e0000000,0x00000000e2f957e8,0x00000000e6b80000)
 Metaspace       used 82989K, capacity 90342K, committed 90840K, reserved 1128448K
  class space    used 10062K, capacity 12431K, committed 12544K, reserved 1048576K
Event: 1208.592 GC heap after
Heap after GC invocations=54 (full 22):
 PSYoungGen      total 101888K, used 416K [0x00000000f5580000, 0x00000000fca00000, 0x0000000100000000)
  eden space 86528K, 0% used [0x00000000f5580000,0x00000000f5580000,0x00000000faa00000)
  from space 15360K, 2% used [0x00000000fbb00000,0x00000000fbb68000,0x00000000fca00000)
  to   space 16384K, 0% used [0x00000000faa00000,0x00000000faa00000,0x00000000fba00000)
 ParOldGen       total 110080K, used 48725K [0x00000000e0000000, 0x00000000e6b80000, 0x00000000f5580000)
  object space 110080K, 44% used [0x00000000e0000000,0x00000000e2f957e8,0x00000000e6b80000)
 Metaspace       used 82989K, capacity 90342K, committed 90840K, reserved 1128448K
  class space    used 10062K, capacity 12431K, committed 12544K, reserved 1048576K
}
Event: 1208.592 GC heap before
{Heap before GC invocations=55 (full 23):
 PSYoungGen      total 101888K, used 416K [0x00000000f5580000, 0x00000000fca00000, 0x0000000100000000)
  eden space 86528K, 0% used [0x00000000f5580000,0x00000000f5580000,0x00000000faa00000)
  from space 15360K, 2% used [0x00000000fbb00000,0x00000000fbb68000,0x00000000fca00000)
  to   space 16384K, 0% used [0x00000000faa00000,0x00000000faa00000,0x00000000fba00000)
 ParOldGen       total 110080K, used 48725K [0x00000000e0000000, 0x00000000e6b80000, 0x00000000f5580000)
  object space 110080K, 44% used [0x00000000e0000000,0x00000000e2f957e8,0x00000000e6b80000)
 Metaspace       used 82989K, capacity 90342K, committed 90840K, reserved 1128448K
  class space    used 10062K, capacity 12431K, committed 12544K, reserved 1048576K
Event: 1208.711 GC heap after
Heap after GC invocations=55 (full 23):
 PSYoungGen      total 101888K, used 0K [0x00000000f5580000, 0x00000000fca00000, 0x0000000100000000)
  eden space 86528K, 0% used [0x00000000f5580000,0x00000000f5580000,0x00000000faa00000)
  from space 15360K, 0% used [0x00000000fbb00000,0x00000000fbb00000,0x00000000fca00000)
  to   space 16384K, 0% used [0x00000000faa00000,0x00000000faa00000,0x00000000fba00000)
 ParOldGen       total 110080K, used 48873K [0x00000000e0000000, 0x00000000e6b80000, 0x00000000f5580000)
  object space 110080K, 44% used [0x00000000e0000000,0x00000000e2fba7a8,0x00000000e6b80000)
 Metaspace       used 82989K, capacity 90342K, committed 90840K, reserved 1128448K
  class space    used 10062K, capacity 12431K, committed 12544K, reserved 1048576K
}

