# JRE version: Java(TM) SE Runtime Environment (8.0_66-b18) (build 1.8.0_66-b18)
# Java VM: Java HotSpot(TM) 64-Bit Server VM (25.66-b18 mixed mode windows-amd64 compressed oops)
Heap:
 PSYoungGen      total 107008K, used 35104K [0x00000000f5580000, 0x00000000fe880000, 0x0000000100000000)
  eden space 74752K, 46% used [0x00000000f5580000,0x00000000f77c8020,0x00000000f9e80000)
  from space 32256K, 0% used [0x00000000f9e80000,0x00000000f9e80000,0x00000000fbe00000)
  to   space 35840K, 0% used [0x00000000fc580000,0x00000000fc580000,0x00000000fe880000)
 ParOldGen       total 116736K, used 64045K [0x00000000e0000000, 0x00000000e7200000, 0x00000000f5580000)
  object space 116736K, 54% used [0x00000000e0000000,0x00000000e3e8b780,0x00000000e7200000)
 Metaspace       used 83585K, capacity 91030K, committed 91352K, reserved 1128448K
  class space    used 10168K, capacity 12680K, committed 12800K, reserved 1048576K
GC Heap History (10 events):
Event: 9.122 GC heap before
{Heap before GC invocations=13 (full 3):
 PSYoungGen      total 80896K, used 62464K [0x00000000f5580000, 0x00000000fc880000, 0x0000000100000000)
  eden space 62464K, 100% used [0x00000000f5580000,0x00000000f9280000,0x00000000f9280000)
  from space 18432K, 0% used [0x00000000f9280000,0x00000000f9280000,0x00000000fa480000)
  to   space 22528K, 0% used [0x00000000fb280000,0x00000000fb280000,0x00000000fc880000)
 ParOldGen       total 116736K, used 43789K [0x00000000e0000000, 0x00000000e7200000, 0x00000000f5580000)
  object space 116736K, 37% used [0x00000000e0000000,0x00000000e2ac3698,0x00000000e7200000)
 Metaspace       used 65463K, capacity 70404K, committed 70744K, reserved 1110016K
  class space    used 7911K, capacity 9512K, committed 9600K, reserved 1048576K
Event: 9.140 GC heap after
Heap after GC invocations=13 (full 3):
 PSYoungGen      total 93184K, used 19342K [0x00000000f5580000, 0x00000000fcb00000, 0x0000000100000000)
  eden space 70656K, 0% used [0x00000000f5580000,0x00000000f5580000,0x00000000f9a80000)
  from space 22528K, 85% used [0x00000000fb280000,0x00000000fc563b18,0x00000000fc880000)
  to   space 24576K, 0% used [0x00000000f9a80000,0x00000000f9a80000,0x00000000fb280000)
 ParOldGen       total 116736K, used 43797K [0x00000000e0000000, 0x00000000e7200000, 0x00000000f5580000)
  object space 116736K, 37% used [0x00000000e0000000,0x00000000e2ac5698,0x00000000e7200000)
 Metaspace       used 65463K, capacity 70404K, committed 70744K, reserved 1110016K
  class space    used 7911K, capacity 9512K, committed 9600K, reserved 1048576K
}
Event: 10.166 GC heap before
{Heap before GC invocations=14 (full 3):
 PSYoungGen      total 93184K, used 89998K [0x00000000f5580000, 0x00000000fcb00000, 0x0000000100000000)
  eden space 70656K, 100% used [0x00000000f5580000,0x00000000f9a80000,0x00000000f9a80000)
  from space 22528K, 85% used [0x00000000fb280000,0x00000000fc563b18,0x00000000fc880000)
  to   space 24576K, 0% used [0x00000000f9a80000,0x00000000f9a80000,0x00000000fb280000)
 ParOldGen       total 116736K, used 43797K [0x00000000e0000000, 0x00000000e7200000, 0x00000000f5580000)
  object space 116736K, 37% used [0x00000000e0000000,0x00000000e2ac5698,0x00000000e7200000)
 Metaspace       used 69016K, capacity 74978K, committed 75096K, reserved 1114112K
  class space    used 8349K, capacity 10305K, committed 10368K, reserved 1048576K
Event: 10.188 GC heap after
Heap after GC invocations=14 (full 3):
 PSYoungGen      total 95232K, used 21603K [0x00000000f5580000, 0x00000000fd800000, 0x0000000100000000)
  eden space 70656K, 0% used [0x00000000f5580000,0x00000000f5580000,0x00000000f9a80000)
  from space 24576K, 87% used [0x00000000f9a80000,0x00000000faf98f90,0x00000000fb280000)
  to   space 26624K, 0% used [0x00000000fbe00000,0x00000000fbe00000,0x00000000fd800000)
 ParOldGen       total 116736K, used 43805K [0x00000000e0000000, 0x00000000e7200000, 0x00000000f5580000)
  object space 116736K, 37% used [0x00000000e0000000,0x00000000e2ac7698,0x00000000e7200000)
 Metaspace       used 69016K, capacity 74978K, committed 75096K, reserved 1114112K
  class space    used 8349K, capacity 10305K, committed 10368K, reserved 1048576K
}
Event: 35.140 GC heap before
{Heap before GC invocations=15 (full 3):
 PSYoungGen      total 95232K, used 92259K [0x00000000f5580000, 0x00000000fd800000, 0x0000000100000000)
  eden space 70656K, 100% used [0x00000000f5580000,0x00000000f9a80000,0x00000000f9a80000)
  from space 24576K, 87% used [0x00000000f9a80000,0x00000000faf98f90,0x00000000fb280000)
  to   space 26624K, 0% used [0x00000000fbe00000,0x00000000fbe00000,0x00000000fd800000)
 ParOldGen       total 116736K, used 43805K [0x00000000e0000000, 0x00000000e7200000, 0x00000000f5580000)
  object space 116736K, 37% used [0x00000000e0000000,0x00000000e2ac76b0,0x00000000e7200000)
 Metaspace       used 78552K, capacity 86084K, committed 86232K, reserved 1124352K
  class space    used 9600K, capacity 11912K, committed 12032K, reserved 1048576K
Event: 35.196 GC heap after
Heap after GC invocations=15 (full 3):
 PSYoungGen      total 101376K, used 26612K [0x00000000f5580000, 0x00000000fe180000, 0x0000000100000000)
  eden space 74752K, 0% used [0x00000000f5580000,0x00000000f5580000,0x00000000f9e80000)
  from space 26624K, 99% used [0x00000000fbe00000,0x00000000fd7fd2a8,0x00000000fd800000)
  to   space 32256K, 0% used [0x00000000f9e80000,0x00000000f9e80000,0x00000000fbe00000)
 ParOldGen       total 116736K, used 47535K [0x00000000e0000000, 0x00000000e7200000, 0x00000000f5580000)
  object space 116736K, 40% used [0x00000000e0000000,0x00000000e2e6bf08,0x00000000e7200000)
 Metaspace       used 78552K, capacity 86084K, committed 86232K, reserved 1124352K
  class space    used 9600K, capacity 11912K, committed 12032K, reserved 1048576K
}
Event: 70.647 GC heap before
{Heap before GC invocations=16 (full 3):
 PSYoungGen      total 101376K, used 100101K [0x00000000f5580000, 0x00000000fe180000, 0x0000000100000000)
  eden space 74752K, 98% used [0x00000000f5580000,0x00000000f9d441f8,0x00000000f9e80000)
  from space 26624K, 99% used [0x00000000fbe00000,0x00000000fd7fd2a8,0x00000000fd800000)
  to   space 32256K, 0% used [0x00000000f9e80000,0x00000000f9e80000,0x00000000fbe00000)
 ParOldGen       total 116736K, used 47535K [0x00000000e0000000, 0x00000000e7200000, 0x00000000f5580000)
  object space 116736K, 40% used [0x00000000e0000000,0x00000000e2e6bf08,0x00000000e7200000)
 Metaspace       used 82151K, capacity 89650K, committed 89944K, reserved 1126400K
  class space    used 10014K, capacity 12392K, committed 12416K, reserved 1048576K
Event: 70.688 GC heap after
Heap after GC invocations=16 (full 3):
 PSYoungGen      total 107008K, used 28859K [0x00000000f5580000, 0x00000000fe880000, 0x0000000100000000)
  eden space 74752K, 0% used [0x00000000f5580000,0x00000000f5580000,0x00000000f9e80000)
  from space 32256K, 89% used [0x00000000f9e80000,0x00000000fbaaed30,0x00000000fbe00000)
  to   space 35840K, 0% used [0x00000000fc580000,0x00000000fc580000,0x00000000fe880000)
 ParOldGen       total 116736K, used 47543K [0x00000000e0000000, 0x00000000e7200000, 0x00000000f5580000)
  object space 116736K, 40% used [0x00000000e0000000,0x00000000e2e6df08,0x00000000e7200000)
 Metaspace       used 82151K, capacity 89650K, committed 89944K, reserved 1126400K
  class space    used 10014K, capacity 12392K, committed 12416K, reserved 1048576K
}
Event: 70.688 GC heap before
{Heap before GC invocations=17 (full 4):
 PSYoungGen      total 107008K, used 28859K [0x00000000f5580000, 0x00000000fe880000, 0x0000000100000000)
  eden space 74752K, 0% used [0x00000000f5580000,0x00000000f5580000,0x00000000f9e80000)
  from space 32256K, 89% used [0x00000000f9e80000,0x00000000fbaaed30,0x00000000fbe00000)
  to   space 35840K, 0% used [0x00000000fc580000,0x00000000fc580000,0x00000000fe880000)
 ParOldGen       total 116736K, used 47543K [0x00000000e0000000, 0x00000000e7200000, 0x00000000f5580000)
  object space 116736K, 40% used [0x00000000e0000000,0x00000000e2e6df08,0x00000000e7200000)
 Metaspace       used 82151K, capacity 89650K, committed 89944K, reserved 1126400K
  class space    used 10014K, capacity 12392K, committed 12416K, reserved 1048576K
Event: 70.995 GC heap after
Heap after GC invocations=17 (full 4):
 PSYoungGen      total 107008K, used 0K [0x00000000f5580000, 0x00000000fe880000, 0x0000000100000000)
  eden space 74752K, 0% used [0x00000000f5580000,0x00000000f5580000,0x00000000f9e80000)
  from space 32256K, 0% used [0x00000000f9e80000,0x00000000f9e80000,0x00000000fbe00000)
  to   space 35840K, 0% used [0x00000000fc580000,0x00000000fc580000,0x00000000fe880000)
 ParOldGen       total 116736K, used 64045K [0x00000000e0000000, 0x00000000e7200000, 0x00000000f5580000)
  object space 116736K, 54% used [0x00000000e0000000,0x00000000e3e8b780,0x00000000e7200000)
 Metaspace       used 82151K, capacity 89650K, committed 89944K, reserved 1126400K
  class space    used 10014K, capacity 12392K, committed 12416K, reserved 1048576K
}

