# JRE version: Java(TM) SE Runtime Environment (8.0_66-b18) (build 1.8.0_66-b18)
# Java VM: Java HotSpot(TM) 64-Bit Server VM (25.66-b18 mixed mode windows-amd64 compressed oops)
Heap:
 PSYoungGen      total 138240K, used 71998K [0x00000000f5580000, 0x00000000fef80000, 0x0000000100000000)
  eden space 118784K, 56% used [0x00000000f5580000,0x00000000f9783600,0x00000000fc980000)
  from space 19456K, 22% used [0x00000000fc980000,0x00000000fcdcc260,0x00000000fdc80000)
  to   space 17920K, 0% used [0x00000000fde00000,0x00000000fde00000,0x00000000fef80000)
 ParOldGen       total 126464K, used 58975K [0x00000000e0000000, 0x00000000e7b80000, 0x00000000f5580000)
  object space 126464K, 46% used [0x00000000e0000000,0x00000000e3997c50,0x00000000e7b80000)
 Metaspace       used 94436K, capacity 102100K, committed 102448K, reserved 1138688K
  class space    used 11111K, capacity 13552K, committed 13616K, reserved 1048576K
GC Heap History (10 events):
Event: 833.371 GC heap before
{Heap before GC invocations=42 (full 16):
 PSYoungGen      total 139264K, used 224K [0x00000000f5580000, 0x00000000ff380000, 0x0000000100000000)
  eden space 117760K, 0% used [0x00000000f5580000,0x00000000f5580000,0x00000000fc880000)
  from space 21504K, 1% used [0x00000000fde80000,0x00000000fdeb8000,0x00000000ff380000)
  to   space 22016K, 0% used [0x00000000fc880000,0x00000000fc880000,0x00000000fde00000)
 ParOldGen       total 126464K, used 58927K [0x00000000e0000000, 0x00000000e7b80000, 0x00000000f5580000)
  object space 126464K, 46% used [0x00000000e0000000,0x00000000e398bf48,0x00000000e7b80000)
 Metaspace       used 92770K, capacity 100610K, committed 101040K, reserved 1136640K
  class space    used 10990K, capacity 13347K, committed 13488K, reserved 1048576K
Event: 833.568 GC heap after
Heap after GC invocations=42 (full 16):
 PSYoungGen      total 139264K, used 0K [0x00000000f5580000, 0x00000000ff380000, 0x0000000100000000)
  eden space 117760K, 0% used [0x00000000f5580000,0x00000000f5580000,0x00000000fc880000)
  from space 21504K, 0% used [0x00000000fde80000,0x00000000fde80000,0x00000000ff380000)
  to   space 22016K, 0% used [0x00000000fc880000,0x00000000fc880000,0x00000000fde00000)
 ParOldGen       total 126464K, used 58926K [0x00000000e0000000, 0x00000000e7b80000, 0x00000000f5580000)
  object space 126464K, 46% used [0x00000000e0000000,0x00000000e398baf8,0x00000000e7b80000)
 Metaspace       used 92770K, capacity 100610K, committed 101040K, reserved 1136640K
  class space    used 10990K, capacity 13347K, committed 13488K, reserved 1048576K
}
Event: 893.379 GC heap before
{Heap before GC invocations=43 (full 16):
 PSYoungGen      total 139264K, used 92453K [0x00000000f5580000, 0x00000000ff380000, 0x0000000100000000)
  eden space 117760K, 78% used [0x00000000f5580000,0x00000000fafc95f0,0x00000000fc880000)
  from space 21504K, 0% used [0x00000000fde80000,0x00000000fde80000,0x00000000ff380000)
  to   space 22016K, 0% used [0x00000000fc880000,0x00000000fc880000,0x00000000fde00000)
 ParOldGen       total 126464K, used 58926K [0x00000000e0000000, 0x00000000e7b80000, 0x00000000f5580000)
  object space 126464K, 46% used [0x00000000e0000000,0x00000000e398baf8,0x00000000e7b80000)
 Metaspace       used 92923K, capacity 100802K, committed 101296K, reserved 1136640K
  class space    used 10993K, capacity 13347K, committed 13488K, reserved 1048576K
Event: 893.386 GC heap after
Heap after GC invocations=43 (full 16):
 PSYoungGen      total 120320K, used 2112K [0x00000000f5580000, 0x00000000ff080000, 0x0000000100000000)
  eden space 117760K, 0% used [0x00000000f5580000,0x00000000f5580000,0x00000000fc880000)
  from space 2560K, 82% used [0x00000000fc880000,0x00000000fca90000,0x00000000fcb00000)
  to   space 20480K, 0% used [0x00000000fdc80000,0x00000000fdc80000,0x00000000ff080000)
 ParOldGen       total 126464K, used 58934K [0x00000000e0000000, 0x00000000e7b80000, 0x00000000f5580000)
  object space 126464K, 46% used [0x00000000e0000000,0x00000000e398daf8,0x00000000e7b80000)
 Metaspace       used 92923K, capacity 100802K, committed 101296K, reserved 1136640K
  class space    used 10993K, capacity 13347K, committed 13488K, reserved 1048576K
}
Event: 893.386 GC heap before
{Heap before GC invocations=44 (full 17):
 PSYoungGen      total 120320K, used 2112K [0x00000000f5580000, 0x00000000ff080000, 0x0000000100000000)
  eden space 117760K, 0% used [0x00000000f5580000,0x00000000f5580000,0x00000000fc880000)
  from space 2560K, 82% used [0x00000000fc880000,0x00000000fca90000,0x00000000fcb00000)
  to   space 20480K, 0% used [0x00000000fdc80000,0x00000000fdc80000,0x00000000ff080000)
 ParOldGen       total 126464K, used 58934K [0x00000000e0000000, 0x00000000e7b80000, 0x00000000f5580000)
  object space 126464K, 46% used [0x00000000e0000000,0x00000000e398daf8,0x00000000e7b80000)
 Metaspace       used 92923K, capacity 100802K, committed 101296K, reserved 1136640K
  class space    used 10993K, capacity 13347K, committed 13488K, reserved 1048576K
Event: 893.614 GC heap after
Heap after GC invocations=44 (full 17):
 PSYoungGen      total 120320K, used 0K [0x00000000f5580000, 0x00000000ff080000, 0x0000000100000000)
  eden space 117760K, 0% used [0x00000000f5580000,0x00000000f5580000,0x00000000fc880000)
  from space 2560K, 0% used [0x00000000fc880000,0x00000000fc880000,0x00000000fcb00000)
  to   space 20480K, 0% used [0x00000000fdc80000,0x00000000fdc80000,0x00000000ff080000)
 ParOldGen       total 126464K, used 58967K [0x00000000e0000000, 0x00000000e7b80000, 0x00000000f5580000)
  object space 126464K, 46% used [0x00000000e0000000,0x00000000e3995c50,0x00000000e7b80000)
 Metaspace       used 92923K, capacity 100802K, committed 101296K, reserved 1136640K
  class space    used 10993K, capacity 13347K, committed 13488K, reserved 1048576K
}
Event: 1046.367 GC heap before
{Heap before GC invocations=45 (full 17):
 PSYoungGen      total 120320K, used 117760K [0x00000000f5580000, 0x00000000ff080000, 0x0000000100000000)
  eden space 117760K, 100% used [0x00000000f5580000,0x00000000fc880000,0x00000000fc880000)
  from space 2560K, 0% used [0x00000000fc880000,0x00000000fc880000,0x00000000fcb00000)
  to   space 20480K, 0% used [0x00000000fdc80000,0x00000000fdc80000,0x00000000ff080000)
 ParOldGen       total 126464K, used 58967K [0x00000000e0000000, 0x00000000e7b80000, 0x00000000f5580000)
  object space 126464K, 46% used [0x00000000e0000000,0x00000000e3995c50,0x00000000e7b80000)
 Metaspace       used 93210K, capacity 101192K, committed 101552K, reserved 1136640K
  class space    used 10997K, capacity 13348K, committed 13488K, reserved 1048576K
Event: 1046.376 GC heap after
Heap after GC invocations=45 (full 17):
 PSYoungGen      total 139264K, used 2478K [0x00000000f5580000, 0x00000000ff200000, 0x0000000100000000)
  eden space 118784K, 0% used [0x00000000f5580000,0x00000000f5580000,0x00000000fc980000)
  from space 20480K, 12% used [0x00000000fdc80000,0x00000000fdeeb8f8,0x00000000ff080000)
  to   space 19456K, 0% used [0x00000000fc980000,0x00000000fc980000,0x00000000fdc80000)
 ParOldGen       total 126464K, used 58975K [0x00000000e0000000, 0x00000000e7b80000, 0x00000000f5580000)
  object space 126464K, 46% used [0x00000000e0000000,0x00000000e3997c50,0x00000000e7b80000)
 Metaspace       used 93210K, capacity 101192K, committed 101552K, reserved 1136640K
  class space    used 10997K, capacity 13348K, committed 13488K, reserved 1048576K
}
Event: 1070.376 GC heap before
{Heap before GC invocations=46 (full 17):
 PSYoungGen      total 139264K, used 121262K [0x00000000f5580000, 0x00000000ff200000, 0x0000000100000000)
  eden space 118784K, 100% used [0x00000000f5580000,0x00000000fc980000,0x00000000fc980000)
  from space 20480K, 12% used [0x00000000fdc80000,0x00000000fdeeb8f8,0x00000000ff080000)
  to   space 19456K, 0% used [0x00000000fc980000,0x00000000fc980000,0x00000000fdc80000)
 ParOldGen       total 126464K, used 58975K [0x00000000e0000000, 0x00000000e7b80000, 0x00000000f5580000)
  object space 126464K, 46% used [0x00000000e0000000,0x00000000e3997c50,0x00000000e7b80000)
 Metaspace       used 93574K, capacity 101420K, committed 101808K, reserved 1138688K
  class space    used 11023K, capacity 13418K, committed 13488K, reserved 1048576K
Event: 1070.389 GC heap after
Heap after GC invocations=46 (full 17):
 PSYoungGen      total 138240K, used 4400K [0x00000000f5580000, 0x00000000fef80000, 0x0000000100000000)
  eden space 118784K, 0% used [0x00000000f5580000,0x00000000f5580000,0x00000000fc980000)
  from space 19456K, 22% used [0x00000000fc980000,0x00000000fcdcc260,0x00000000fdc80000)
  to   space 17920K, 0% used [0x00000000fde00000,0x00000000fde00000,0x00000000fef80000)
 ParOldGen       total 126464K, used 58975K [0x00000000e0000000, 0x00000000e7b80000, 0x00000000f5580000)
  object space 126464K, 46% used [0x00000000e0000000,0x00000000e3997c50,0x00000000e7b80000)
 Metaspace       used 93574K, capacity 101420K, committed 101808K, reserved 1138688K
  class space    used 11023K, capacity 13418K, committed 13488K, reserved 1048576K
}

