# JRE version: Java(TM) SE Runtime Environment (8.0_66-b18) (build 1.8.0_66-b18)
# Java VM: Java HotSpot(TM) 64-Bit Server VM (25.66-b18 mixed mode windows-amd64 compressed oops)
Heap:
 PSYoungGen      total 75776K, used 36265K [0x00000000f5580000, 0x00000000fd800000, 0x0000000100000000)
  eden space 75264K, 48% used [0x00000000f5580000,0x00000000f78ea420,0x00000000f9f00000)
  from space 512K, 0% used [0x00000000f9f00000,0x00000000f9f00000,0x00000000f9f80000)
  to   space 29184K, 0% used [0x00000000fbb80000,0x00000000fbb80000,0x00000000fd800000)
 ParOldGen       total 120320K, used 50987K [0x00000000e0000000, 0x00000000e7580000, 0x00000000f5580000)
  object space 120320K, 42% used [0x00000000e0000000,0x00000000e31cae78,0x00000000e7580000)
 Metaspace       used 88182K, capacity 96006K, committed 96472K, reserved 1132544K
  class space    used 10666K, capacity 13152K, committed 13272K, reserved 1048576K
GC Heap History (10 events):
Event: 623.395 GC heap before
{Heap before GC invocations=36 (full 13):
 PSYoungGen      total 75776K, used 416K [0x00000000f5580000, 0x00000000fdd00000, 0x0000000100000000)
  eden space 75264K, 0% used [0x00000000f5580000,0x00000000f5580000,0x00000000f9f00000)
  from space 512K, 81% used [0x00000000f9f00000,0x00000000f9f68000,0x00000000f9f80000)
  to   space 31744K, 0% used [0x00000000fbe00000,0x00000000fbe00000,0x00000000fdd00000)
 ParOldGen       total 120320K, used 52427K [0x00000000e0000000, 0x00000000e7580000, 0x00000000f5580000)
  object space 120320K, 43% used [0x00000000e0000000,0x00000000e3332c60,0x00000000e7580000)
 Metaspace       used 87066K, capacity 94858K, committed 95192K, reserved 1132544K
  class space    used 10544K, capacity 12898K, committed 13016K, reserved 1048576K
Event: 623.670 GC heap after
Heap after GC invocations=36 (full 13):
 PSYoungGen      total 75776K, used 0K [0x00000000f5580000, 0x00000000fdd00000, 0x0000000100000000)
  eden space 75264K, 0% used [0x00000000f5580000,0x00000000f5580000,0x00000000f9f00000)
  from space 512K, 0% used [0x00000000f9f00000,0x00000000f9f00000,0x00000000f9f80000)
  to   space 31744K, 0% used [0x00000000fbe00000,0x00000000fbe00000,0x00000000fdd00000)
 ParOldGen       total 120320K, used 51137K [0x00000000e0000000, 0x00000000e7580000, 0x00000000f5580000)
  object space 120320K, 42% used [0x00000000e0000000,0x00000000e31f0760,0x00000000e7580000)
 Metaspace       used 87057K, capacity 94840K, committed 95192K, reserved 1132544K
  class space    used 10542K, capacity 12895K, committed 13016K, reserved 1048576K
}
Event: 683.471 GC heap before
{Heap before GC invocations=37 (full 13):
 PSYoungGen      total 75776K, used 3808K [0x00000000f5580000, 0x00000000fdd00000, 0x0000000100000000)
  eden space 75264K, 5% used [0x00000000f5580000,0x00000000f5938368,0x00000000f9f00000)
  from space 512K, 0% used [0x00000000f9f00000,0x00000000f9f00000,0x00000000f9f80000)
  to   space 31744K, 0% used [0x00000000fbe00000,0x00000000fbe00000,0x00000000fdd00000)
 ParOldGen       total 120320K, used 51137K [0x00000000e0000000, 0x00000000e7580000, 0x00000000f5580000)
  object space 120320K, 42% used [0x00000000e0000000,0x00000000e31f0760,0x00000000e7580000)
 Metaspace       used 87060K, capacity 94840K, committed 95192K, reserved 1132544K
  class space    used 10542K, capacity 12895K, committed 13016K, reserved 1048576K
Event: 683.480 GC heap after
Heap after GC invocations=37 (full 13):
 PSYoungGen      total 103936K, used 96K [0x00000000f5580000, 0x00000000fda00000, 0x0000000100000000)
  eden space 75264K, 0% used [0x00000000f5580000,0x00000000f5580000,0x00000000f9f00000)
  from space 28672K, 0% used [0x00000000fbe00000,0x00000000fbe18000,0x00000000fda00000)
  to   space 30208K, 0% used [0x00000000f9f00000,0x00000000f9f00000,0x00000000fbc80000)
 ParOldGen       total 120320K, used 51137K [0x00000000e0000000, 0x00000000e7580000, 0x00000000f5580000)
  object space 120320K, 42% used [0x00000000e0000000,0x00000000e31f0760,0x00000000e7580000)
 Metaspace       used 87060K, capacity 94840K, committed 95192K, reserved 1132544K
  class space    used 10542K, capacity 12895K, committed 13016K, reserved 1048576K
}
Event: 683.480 GC heap before
{Heap before GC invocations=38 (full 14):
 PSYoungGen      total 103936K, used 96K [0x00000000f5580000, 0x00000000fda00000, 0x0000000100000000)
  eden space 75264K, 0% used [0x00000000f5580000,0x00000000f5580000,0x00000000f9f00000)
  from space 28672K, 0% used [0x00000000fbe00000,0x00000000fbe18000,0x00000000fda00000)
  to   space 30208K, 0% used [0x00000000f9f00000,0x00000000f9f00000,0x00000000fbc80000)
 ParOldGen       total 120320K, used 51137K [0x00000000e0000000, 0x00000000e7580000, 0x00000000f5580000)
  object space 120320K, 42% used [0x00000000e0000000,0x00000000e31f0760,0x00000000e7580000)
 Metaspace       used 87060K, capacity 94840K, committed 95192K, reserved 1132544K
  class space    used 10542K, capacity 12895K, committed 13016K, reserved 1048576K
Event: 683.678 GC heap after
Heap after GC invocations=38 (full 14):
 PSYoungGen      total 103936K, used 0K [0x00000000f5580000, 0x00000000fda00000, 0x0000000100000000)
  eden space 75264K, 0% used [0x00000000f5580000,0x00000000f5580000,0x00000000f9f00000)
  from space 28672K, 0% used [0x00000000fbe00000,0x00000000fbe00000,0x00000000fda00000)
  to   space 30208K, 0% used [0x00000000f9f00000,0x00000000f9f00000,0x00000000fbc80000)
 ParOldGen       total 120320K, used 50985K [0x00000000e0000000, 0x00000000e7580000, 0x00000000f5580000)
  object space 120320K, 42% used [0x00000000e0000000,0x00000000e31ca658,0x00000000e7580000)
 Metaspace       used 87060K, capacity 94840K, committed 95192K, reserved 1132544K
  class space    used 10542K, capacity 12895K, committed 13016K, reserved 1048576K
}
Event: 743.470 GC heap before
{Heap before GC invocations=39 (full 14):
 PSYoungGen      total 103936K, used 3559K [0x00000000f5580000, 0x00000000fda00000, 0x0000000100000000)
  eden space 75264K, 4% used [0x00000000f5580000,0x00000000f58f9c58,0x00000000f9f00000)
  from space 28672K, 0% used [0x00000000fbe00000,0x00000000fbe00000,0x00000000fda00000)
  to   space 30208K, 0% used [0x00000000f9f00000,0x00000000f9f00000,0x00000000fbc80000)
 ParOldGen       total 120320K, used 50985K [0x00000000e0000000, 0x00000000e7580000, 0x00000000f5580000)
  object space 120320K, 42% used [0x00000000e0000000,0x00000000e31ca658,0x00000000e7580000)
 Metaspace       used 87062K, capacity 94840K, committed 95192K, reserved 1132544K
  class space    used 10542K, capacity 12895K, committed 13016K, reserved 1048576K
Event: 743.473 GC heap after
Heap after GC invocations=39 (full 14):
 PSYoungGen      total 75776K, used 96K [0x00000000f5580000, 0x00000000fd800000, 0x0000000100000000)
  eden space 75264K, 0% used [0x00000000f5580000,0x00000000f5580000,0x00000000f9f00000)
  from space 512K, 18% used [0x00000000f9f00000,0x00000000f9f18000,0x00000000f9f80000)
  to   space 29184K, 0% used [0x00000000fbb80000,0x00000000fbb80000,0x00000000fd800000)
 ParOldGen       total 120320K, used 50985K [0x00000000e0000000, 0x00000000e7580000, 0x00000000f5580000)
  object space 120320K, 42% used [0x00000000e0000000,0x00000000e31ca658,0x00000000e7580000)
 Metaspace       used 87062K, capacity 94840K, committed 95192K, reserved 1132544K
  class space    used 10542K, capacity 12895K, committed 13016K, reserved 1048576K
}
Event: 743.474 GC heap before
{Heap before GC invocations=40 (full 15):
 PSYoungGen      total 75776K, used 96K [0x00000000f5580000, 0x00000000fd800000, 0x0000000100000000)
  eden space 75264K, 0% used [0x00000000f5580000,0x00000000f5580000,0x00000000f9f00000)
  from space 512K, 18% used [0x00000000f9f00000,0x00000000f9f18000,0x00000000f9f80000)
  to   space 29184K, 0% used [0x00000000fbb80000,0x00000000fbb80000,0x00000000fd800000)
 ParOldGen       total 120320K, used 50985K [0x00000000e0000000, 0x00000000e7580000, 0x00000000f5580000)
  object space 120320K, 42% used [0x00000000e0000000,0x00000000e31ca658,0x00000000e7580000)
 Metaspace       used 87062K, capacity 94840K, committed 95192K, reserved 1132544K
  class space    used 10542K, capacity 12895K, committed 13016K, reserved 1048576K
Event: 743.649 GC heap after
Heap after GC invocations=40 (full 15):
 PSYoungGen      total 75776K, used 0K [0x00000000f5580000, 0x00000000fd800000, 0x0000000100000000)
  eden space 75264K, 0% used [0x00000000f5580000,0x00000000f5580000,0x00000000f9f00000)
  from space 512K, 0% used [0x00000000f9f00000,0x00000000f9f00000,0x00000000f9f80000)
  to   space 29184K, 0% used [0x00000000fbb80000,0x00000000fbb80000,0x00000000fd800000)
 ParOldGen       total 120320K, used 50987K [0x00000000e0000000, 0x00000000e7580000, 0x00000000f5580000)
  object space 120320K, 42% used [0x00000000e0000000,0x00000000e31cae78,0x00000000e7580000)
 Metaspace       used 87062K, capacity 94840K, committed 95192K, reserved 1132544K
  class space    used 10542K, capacity 12895K, committed 13016K, reserved 1048576K
}

