# JRE version: Java(TM) SE Runtime Environment (8.0_66-b18) (build 1.8.0_66-b18)
# Java VM: Java HotSpot(TM) 64-Bit Server VM (25.66-b18 mixed mode windows-amd64 compressed oops)
Heap:
 PSYoungGen      total 131072K, used 90898K [0x00000000f5580000, 0x00000000ff100000, 0x0000000100000000)
  eden space 113664K, 79% used [0x00000000f5580000,0x00000000fae44b20,0x00000000fc480000)
  from space 17408K, 0% used [0x00000000fc480000,0x00000000fc480000,0x00000000fd580000)
  to   space 18944K, 0% used [0x00000000fde80000,0x00000000fde80000,0x00000000ff100000)
 ParOldGen       total 110592K, used 62513K [0x00000000e0000000, 0x00000000e6c00000, 0x00000000f5580000)
  object space 110592K, 56% used [0x00000000e0000000,0x00000000e3d0c688,0x00000000e6c00000)
 Metaspace       used 99733K, capacity 107582K, committed 107816K, reserved 1142784K
  class space    used 11817K, capacity 14249K, committed 14376K, reserved 1048576K
GC Heap History (10 events):
Event: 1143.827 GC heap before
{Heap before GC invocations=56 (full 19):
 PSYoungGen      total 131584K, used 3527K [0x00000000f5580000, 0x00000000fe480000, 0x0000000100000000)
  eden space 117760K, 2% used [0x00000000f5580000,0x00000000f58f1f20,0x00000000fc880000)
  from space 13824K, 0% used [0x00000000fd700000,0x00000000fd700000,0x00000000fe480000)
  to   space 14336K, 0% used [0x00000000fc880000,0x00000000fc880000,0x00000000fd680000)
 ParOldGen       total 110592K, used 50698K [0x00000000e0000000, 0x00000000e6c00000, 0x00000000f5580000)
  object space 110592K, 45% used [0x00000000e0000000,0x00000000e3182908,0x00000000e6c00000)
 Metaspace       used 95617K, capacity 103492K, committed 103848K, reserved 1138688K
  class space    used 11251K, capacity 13640K, committed 13736K, reserved 1048576K
Event: 1143.830 GC heap after
Heap after GC invocations=56 (full 19):
 PSYoungGen      total 118272K, used 160K [0x00000000f5580000, 0x00000000fe280000, 0x0000000100000000)
  eden space 117760K, 0% used [0x00000000f5580000,0x00000000f5580000,0x00000000fc880000)
  from space 512K, 31% used [0x00000000fc880000,0x00000000fc8a8000,0x00000000fc900000)
  to   space 13312K, 0% used [0x00000000fd580000,0x00000000fd580000,0x00000000fe280000)
 ParOldGen       total 110592K, used 50698K [0x00000000e0000000, 0x00000000e6c00000, 0x00000000f5580000)
  object space 110592K, 45% used [0x00000000e0000000,0x00000000e3182908,0x00000000e6c00000)
 Metaspace       used 95617K, capacity 103492K, committed 103848K, reserved 1138688K
  class space    used 11251K, capacity 13640K, committed 13736K, reserved 1048576K
}
Event: 1143.830 GC heap before
{Heap before GC invocations=57 (full 20):
 PSYoungGen      total 118272K, used 160K [0x00000000f5580000, 0x00000000fe280000, 0x0000000100000000)
  eden space 117760K, 0% used [0x00000000f5580000,0x00000000f5580000,0x00000000fc880000)
  from space 512K, 31% used [0x00000000fc880000,0x00000000fc8a8000,0x00000000fc900000)
  to   space 13312K, 0% used [0x00000000fd580000,0x00000000fd580000,0x00000000fe280000)
 ParOldGen       total 110592K, used 50698K [0x00000000e0000000, 0x00000000e6c00000, 0x00000000f5580000)
  object space 110592K, 45% used [0x00000000e0000000,0x00000000e3182908,0x00000000e6c00000)
 Metaspace       used 95617K, capacity 103492K, committed 103848K, reserved 1138688K
  class space    used 11251K, capacity 13640K, committed 13736K, reserved 1048576K
Event: 1144.057 GC heap after
Heap after GC invocations=57 (full 20):
 PSYoungGen      total 118272K, used 0K [0x00000000f5580000, 0x00000000fe280000, 0x0000000100000000)
  eden space 117760K, 0% used [0x00000000f5580000,0x00000000f5580000,0x00000000fc880000)
  from space 512K, 0% used [0x00000000fc880000,0x00000000fc880000,0x00000000fc900000)
  to   space 13312K, 0% used [0x00000000fd580000,0x00000000fd580000,0x00000000fe280000)
 ParOldGen       total 110592K, used 50671K [0x00000000e0000000, 0x00000000e6c00000, 0x00000000f5580000)
  object space 110592K, 45% used [0x00000000e0000000,0x00000000e317bd80,0x00000000e6c00000)
 Metaspace       used 95613K, capacity 103486K, committed 103848K, reserved 1138688K
  class space    used 11250K, capacity 13639K, committed 13736K, reserved 1048576K
}
Event: 1189.517 GC heap before
{Heap before GC invocations=58 (full 20):
 PSYoungGen      total 118272K, used 117760K [0x00000000f5580000, 0x00000000fe280000, 0x0000000100000000)
  eden space 117760K, 100% used [0x00000000f5580000,0x00000000fc880000,0x00000000fc880000)
  from space 512K, 0% used [0x00000000fc880000,0x00000000fc880000,0x00000000fc900000)
  to   space 13312K, 0% used [0x00000000fd580000,0x00000000fd580000,0x00000000fe280000)
 ParOldGen       total 110592K, used 50671K [0x00000000e0000000, 0x00000000e6c00000, 0x00000000f5580000)
  object space 110592K, 45% used [0x00000000e0000000,0x00000000e317bd80,0x00000000e6c00000)
 Metaspace       used 98832K, capacity 106854K, committed 107176K, reserved 1142784K
  class space    used 11718K, capacity 14117K, committed 14248K, reserved 1048576K
Event: 1189.536 GC heap after
Heap after GC invocations=58 (full 20):
 PSYoungGen      total 126976K, used 13310K [0x00000000f5580000, 0x00000000fee00000, 0x0000000100000000)
  eden space 113664K, 0% used [0x00000000f5580000,0x00000000f5580000,0x00000000fc480000)
  from space 13312K, 99% used [0x00000000fd580000,0x00000000fe27fad8,0x00000000fe280000)
  to   space 17408K, 0% used [0x00000000fc480000,0x00000000fc480000,0x00000000fd580000)
 ParOldGen       total 110592K, used 52630K [0x00000000e0000000, 0x00000000e6c00000, 0x00000000f5580000)
  object space 110592K, 47% used [0x00000000e0000000,0x00000000e3365bb0,0x00000000e6c00000)
 Metaspace       used 98832K, capacity 106854K, committed 107176K, reserved 1142784K
  class space    used 11718K, capacity 14117K, committed 14248K, reserved 1048576K
}
Event: 1203.844 GC heap before
{Heap before GC invocations=59 (full 20):
 PSYoungGen      total 126976K, used 30387K [0x00000000f5580000, 0x00000000fee00000, 0x0000000100000000)
  eden space 113664K, 15% used [0x00000000f5580000,0x00000000f662d4d0,0x00000000fc480000)
  from space 13312K, 99% used [0x00000000fd580000,0x00000000fe27fad8,0x00000000fe280000)
  to   space 17408K, 0% used [0x00000000fc480000,0x00000000fc480000,0x00000000fd580000)
 ParOldGen       total 110592K, used 52630K [0x00000000e0000000, 0x00000000e6c00000, 0x00000000f5580000)
  object space 110592K, 47% used [0x00000000e0000000,0x00000000e3365bb0,0x00000000e6c00000)
 Metaspace       used 98849K, capacity 106918K, committed 107176K, reserved 1142784K
  class space    used 11718K, capacity 14117K, committed 14248K, reserved 1048576K
Event: 1203.866 GC heap after
Heap after GC invocations=59 (full 20):
 PSYoungGen      total 131072K, used 12076K [0x00000000f5580000, 0x00000000ff100000, 0x0000000100000000)
  eden space 113664K, 0% used [0x00000000f5580000,0x00000000f5580000,0x00000000fc480000)
  from space 17408K, 69% used [0x00000000fc480000,0x00000000fd04b368,0x00000000fd580000)
  to   space 18944K, 0% used [0x00000000fde80000,0x00000000fde80000,0x00000000ff100000)
 ParOldGen       total 110592K, used 52638K [0x00000000e0000000, 0x00000000e6c00000, 0x00000000f5580000)
  object space 110592K, 47% used [0x00000000e0000000,0x00000000e3367bb0,0x00000000e6c00000)
 Metaspace       used 98849K, capacity 106918K, committed 107176K, reserved 1142784K
  class space    used 11718K, capacity 14117K, committed 14248K, reserved 1048576K
}
Event: 1203.866 GC heap before
{Heap before GC invocations=60 (full 21):
 PSYoungGen      total 131072K, used 12076K [0x00000000f5580000, 0x00000000ff100000, 0x0000000100000000)
  eden space 113664K, 0% used [0x00000000f5580000,0x00000000f5580000,0x00000000fc480000)
  from space 17408K, 69% used [0x00000000fc480000,0x00000000fd04b368,0x00000000fd580000)
  to   space 18944K, 0% used [0x00000000fde80000,0x00000000fde80000,0x00000000ff100000)
 ParOldGen       total 110592K, used 52638K [0x00000000e0000000, 0x00000000e6c00000, 0x00000000f5580000)
  object space 110592K, 47% used [0x00000000e0000000,0x00000000e3367bb0,0x00000000e6c00000)
 Metaspace       used 98849K, capacity 106918K, committed 107176K, reserved 1142784K
  class space    used 11718K, capacity 14117K, committed 14248K, reserved 1048576K
Event: 1204.286 GC heap after
Heap after GC invocations=60 (full 21):
 PSYoungGen      total 131072K, used 0K [0x00000000f5580000, 0x00000000ff100000, 0x0000000100000000)
  eden space 113664K, 0% used [0x00000000f5580000,0x00000000f5580000,0x00000000fc480000)
  from space 17408K, 0% used [0x00000000fc480000,0x00000000fc480000,0x00000000fd580000)
  to   space 18944K, 0% used [0x00000000fde80000,0x00000000fde80000,0x00000000ff100000)
 ParOldGen       total 110592K, used 62513K [0x00000000e0000000, 0x00000000e6c00000, 0x00000000f5580000)
  object space 110592K, 56% used [0x00000000e0000000,0x00000000e3d0c688,0x00000000e6c00000)
 Metaspace       used 98849K, capacity 106918K, committed 107176K, reserved 1142784K
  class space    used 11718K, capacity 14117K, committed 14248K, reserved 1048576K
}

