# JRE version: Java(TM) SE Runtime Environment (8.0_66-b18) (build 1.8.0_66-b18)
# Java VM: Java HotSpot(TM) 64-Bit Server VM (25.66-b18 mixed mode windows-amd64 compressed oops)
Heap:
 PSYoungGen      total 141824K, used 38640K [0x00000000f5580000, 0x00000000ff900000, 0x0000000100000000)
  eden space 119296K, 32% used [0x00000000f5580000,0x00000000f7b3c2e0,0x00000000fca00000)
  from space 22528K, 0% used [0x00000000fe300000,0x00000000fe300000,0x00000000ff900000)
  to   space 24064K, 0% used [0x00000000fca00000,0x00000000fca00000,0x00000000fe180000)
 ParOldGen       total 101888K, used 49597K [0x00000000e0000000, 0x00000000e6380000, 0x00000000f5580000)
  object space 101888K, 48% used [0x00000000e0000000,0x00000000e306f540,0x00000000e6380000)
 Metaspace       used 86190K, capacity 93716K, committed 94040K, reserved 1130496K
  class space    used 10359K, capacity 12848K, committed 12888K, reserved 1048576K
GC Heap History (10 events):
Event: 854.519 GC heap before
{Heap before GC invocations=41 (full 17):
 PSYoungGen      total 146432K, used 128K [0x00000000f5580000, 0x00000000fff00000, 0x0000000100000000)
  eden space 118784K, 0% used [0x00000000f5580000,0x00000000f5580000,0x00000000fc980000)
  from space 27648K, 0% used [0x00000000fe400000,0x00000000fe420000,0x00000000fff00000)
  to   space 27136K, 0% used [0x00000000fc980000,0x00000000fc980000,0x00000000fe400000)
 ParOldGen       total 101888K, used 49623K [0x00000000e0000000, 0x00000000e6380000, 0x00000000f5580000)
  object space 101888K, 48% used [0x00000000e0000000,0x00000000e3075ff8,0x00000000e6380000)
 Metaspace       used 85218K, capacity 92714K, committed 93144K, reserved 1130496K
  class space    used 10252K, capacity 12623K, committed 12760K, reserved 1048576K
Event: 854.652 GC heap after
Heap after GC invocations=41 (full 17):
 PSYoungGen      total 146432K, used 0K [0x00000000f5580000, 0x00000000fff00000, 0x0000000100000000)
  eden space 118784K, 0% used [0x00000000f5580000,0x00000000f5580000,0x00000000fc980000)
  from space 27648K, 0% used [0x00000000fe400000,0x00000000fe400000,0x00000000fff00000)
  to   space 27136K, 0% used [0x00000000fc980000,0x00000000fc980000,0x00000000fe400000)
 ParOldGen       total 101888K, used 49624K [0x00000000e0000000, 0x00000000e6380000, 0x00000000f5580000)
  object space 101888K, 48% used [0x00000000e0000000,0x00000000e3076020,0x00000000e6380000)
 Metaspace       used 85218K, capacity 92714K, committed 93144K, reserved 1130496K
  class space    used 10252K, capacity 12623K, committed 12760K, reserved 1048576K
}
Event: 914.527 GC heap before
{Heap before GC invocations=42 (full 17):
 PSYoungGen      total 146432K, used 11990K [0x00000000f5580000, 0x00000000fff00000, 0x0000000100000000)
  eden space 118784K, 10% used [0x00000000f5580000,0x00000000f6135bf0,0x00000000fc980000)
  from space 27648K, 0% used [0x00000000fe400000,0x00000000fe400000,0x00000000fff00000)
  to   space 27136K, 0% used [0x00000000fc980000,0x00000000fc980000,0x00000000fe400000)
 ParOldGen       total 101888K, used 49624K [0x00000000e0000000, 0x00000000e6380000, 0x00000000f5580000)
  object space 101888K, 48% used [0x00000000e0000000,0x00000000e3076020,0x00000000e6380000)
 Metaspace       used 85242K, capacity 92778K, committed 93144K, reserved 1130496K
  class space    used 10252K, capacity 12623K, committed 12760K, reserved 1048576K
Event: 914.532 GC heap after
Heap after GC invocations=42 (full 17):
 PSYoungGen      total 119296K, used 416K [0x00000000f5580000, 0x00000000ffc00000, 0x0000000100000000)
  eden space 118784K, 0% used [0x00000000f5580000,0x00000000f5580000,0x00000000fc980000)
  from space 512K, 81% used [0x00000000fc980000,0x00000000fc9e8000,0x00000000fca00000)
  to   space 25600K, 0% used [0x00000000fe300000,0x00000000fe300000,0x00000000ffc00000)
 ParOldGen       total 101888K, used 49624K [0x00000000e0000000, 0x00000000e6380000, 0x00000000f5580000)
  object space 101888K, 48% used [0x00000000e0000000,0x00000000e3076020,0x00000000e6380000)
 Metaspace       used 85242K, capacity 92778K, committed 93144K, reserved 1130496K
  class space    used 10252K, capacity 12623K, committed 12760K, reserved 1048576K
}
Event: 914.532 GC heap before
{Heap before GC invocations=43 (full 18):
 PSYoungGen      total 119296K, used 416K [0x00000000f5580000, 0x00000000ffc00000, 0x0000000100000000)
  eden space 118784K, 0% used [0x00000000f5580000,0x00000000f5580000,0x00000000fc980000)
  from space 512K, 81% used [0x00000000fc980000,0x00000000fc9e8000,0x00000000fca00000)
  to   space 25600K, 0% used [0x00000000fe300000,0x00000000fe300000,0x00000000ffc00000)
 ParOldGen       total 101888K, used 49624K [0x00000000e0000000, 0x00000000e6380000, 0x00000000f5580000)
  object space 101888K, 48% used [0x00000000e0000000,0x00000000e3076020,0x00000000e6380000)
 Metaspace       used 85242K, capacity 92778K, committed 93144K, reserved 1130496K
  class space    used 10252K, capacity 12623K, committed 12760K, reserved 1048576K
Event: 914.765 GC heap after
Heap after GC invocations=43 (full 18):
 PSYoungGen      total 119296K, used 0K [0x00000000f5580000, 0x00000000ffc00000, 0x0000000100000000)
  eden space 118784K, 0% used [0x00000000f5580000,0x00000000f5580000,0x00000000fc980000)
  from space 512K, 0% used [0x00000000fc980000,0x00000000fc980000,0x00000000fca00000)
  to   space 25600K, 0% used [0x00000000fe300000,0x00000000fe300000,0x00000000ffc00000)
 ParOldGen       total 101888K, used 49744K [0x00000000e0000000, 0x00000000e6380000, 0x00000000f5580000)
  object space 101888K, 48% used [0x00000000e0000000,0x00000000e3094100,0x00000000e6380000)
 Metaspace       used 85242K, capacity 92778K, committed 93144K, reserved 1130496K
  class space    used 10252K, capacity 12623K, committed 12760K, reserved 1048576K
}
Event: 974.536 GC heap before
{Heap before GC invocations=44 (full 18):
 PSYoungGen      total 119296K, used 5659K [0x00000000f5580000, 0x00000000ffc00000, 0x0000000100000000)
  eden space 118784K, 4% used [0x00000000f5580000,0x00000000f5b06cf8,0x00000000fc980000)
  from space 512K, 0% used [0x00000000fc980000,0x00000000fc980000,0x00000000fca00000)
  to   space 25600K, 0% used [0x00000000fe300000,0x00000000fe300000,0x00000000ffc00000)
 ParOldGen       total 101888K, used 49744K [0x00000000e0000000, 0x00000000e6380000, 0x00000000f5580000)
  object space 101888K, 48% used [0x00000000e0000000,0x00000000e3094100,0x00000000e6380000)
 Metaspace       used 85242K, capacity 92778K, committed 93144K, reserved 1130496K
  class space    used 10252K, capacity 12623K, committed 12760K, reserved 1048576K
Event: 974.558 GC heap after
Heap after GC invocations=44 (full 18):
 PSYoungGen      total 141824K, used 128K [0x00000000f5580000, 0x00000000ff900000, 0x0000000100000000)
  eden space 119296K, 0% used [0x00000000f5580000,0x00000000f5580000,0x00000000fca00000)
  from space 22528K, 0% used [0x00000000fe300000,0x00000000fe320000,0x00000000ff900000)
  to   space 24064K, 0% used [0x00000000fca00000,0x00000000fca00000,0x00000000fe180000)
 ParOldGen       total 101888K, used 49744K [0x00000000e0000000, 0x00000000e6380000, 0x00000000f5580000)
  object space 101888K, 48% used [0x00000000e0000000,0x00000000e3094100,0x00000000e6380000)
 Metaspace       used 85242K, capacity 92778K, committed 93144K, reserved 1130496K
  class space    used 10252K, capacity 12623K, committed 12760K, reserved 1048576K
}
Event: 974.558 GC heap before
{Heap before GC invocations=45 (full 19):
 PSYoungGen      total 141824K, used 128K [0x00000000f5580000, 0x00000000ff900000, 0x0000000100000000)
  eden space 119296K, 0% used [0x00000000f5580000,0x00000000f5580000,0x00000000fca00000)
  from space 22528K, 0% used [0x00000000fe300000,0x00000000fe320000,0x00000000ff900000)
  to   space 24064K, 0% used [0x00000000fca00000,0x00000000fca00000,0x00000000fe180000)
 ParOldGen       total 101888K, used 49744K [0x00000000e0000000, 0x00000000e6380000, 0x00000000f5580000)
  object space 101888K, 48% used [0x00000000e0000000,0x00000000e3094100,0x00000000e6380000)
 Metaspace       used 85242K, capacity 92778K, committed 93144K, reserved 1130496K
  class space    used 10252K, capacity 12623K, committed 12760K, reserved 1048576K
Event: 974.729 GC heap after
Heap after GC invocations=45 (full 19):
 PSYoungGen      total 141824K, used 0K [0x00000000f5580000, 0x00000000ff900000, 0x0000000100000000)
  eden space 119296K, 0% used [0x00000000f5580000,0x00000000f5580000,0x00000000fca00000)
  from space 22528K, 0% used [0x00000000fe300000,0x00000000fe300000,0x00000000ff900000)
  to   space 24064K, 0% used [0x00000000fca00000,0x00000000fca00000,0x00000000fe180000)
 ParOldGen       total 101888K, used 49597K [0x00000000e0000000, 0x00000000e6380000, 0x00000000f5580000)
  object space 101888K, 48% used [0x00000000e0000000,0x00000000e306f540,0x00000000e6380000)
 Metaspace       used 85242K, capacity 92778K, committed 93144K, reserved 1130496K
  class space    used 10252K, capacity 12623K, committed 12760K, reserved 1048576K
}

