# JRE version: Java(TM) SE Runtime Environment (8.0_66-b18) (build 1.8.0_66-b18)
# Java VM: Java HotSpot(TM) 64-Bit Server VM (25.66-b18 mixed mode windows-amd64 compressed oops)
Heap:
 PSYoungGen      total 110080K, used 97855K [0x00000000f5580000, 0x00000000fff00000, 0x0000000100000000)
  eden space 105984K, 88% used [0x00000000f5580000,0x00000000fb130180,0x00000000fbd00000)
  from space 4096K, 96% used [0x00000000fbd00000,0x00000000fc0dfb50,0x00000000fc100000)
  to   space 33792K, 0% used [0x00000000fde00000,0x00000000fde00000,0x00000000fff00000)
 ParOldGen       total 93184K, used 66440K [0x00000000e0000000, 0x00000000e5b00000, 0x00000000f5580000)
  object space 93184K, 71% used [0x00000000e0000000,0x00000000e40e2148,0x00000000e5b00000)
 Metaspace       used 87562K, capacity 94720K, committed 94868K, reserved 1130496K
  class space    used 10508K, capacity 12843K, committed 12948K, reserved 1048576K
GC Heap History (10 events):
Event: 32.741 GC heap before
{Heap before GC invocations=13 (full 3):
 PSYoungGen      total 138752K, used 138279K [0x00000000f5580000, 0x0000000100000000, 0x0000000100000000)
  eden space 119296K, 100% used [0x00000000f5580000,0x00000000fca00000,0x00000000fca00000)
  from space 19456K, 97% used [0x00000000fca00000,0x00000000fdc89d40,0x00000000fdd00000)
  to   space 29184K, 0% used [0x00000000fe380000,0x00000000fe380000,0x0000000100000000)
 ParOldGen       total 93184K, used 39009K [0x00000000e0000000, 0x00000000e5b00000, 0x00000000f5580000)
  object space 93184K, 41% used [0x00000000e0000000,0x00000000e26185b0,0x00000000e5b00000)
 Metaspace       used 81449K, capacity 88468K, committed 88596K, reserved 1126400K
  class space    used 10038K, capacity 12272K, committed 12308K, reserved 1048576K
Event: 32.776 GC heap after
Heap after GC invocations=13 (full 3):
 PSYoungGen      total 132096K, used 29157K [0x00000000f5580000, 0x0000000100000000, 0x0000000100000000)
  eden space 102912K, 0% used [0x00000000f5580000,0x00000000f5580000,0x00000000fba00000)
  from space 29184K, 99% used [0x00000000fe380000,0x00000000ffff96a0,0x0000000100000000)
  to   space 35840K, 0% used [0x00000000fba00000,0x00000000fba00000,0x00000000fdd00000)
 ParOldGen       total 93184K, used 44783K [0x00000000e0000000, 0x00000000e5b00000, 0x00000000f5580000)
  object space 93184K, 48% used [0x00000000e0000000,0x00000000e2bbbf88,0x00000000e5b00000)
 Metaspace       used 81449K, capacity 88468K, committed 88596K, reserved 1126400K
  class space    used 10038K, capacity 12272K, committed 12308K, reserved 1048576K
}
Event: 50.132 GC heap before
{Heap before GC invocations=14 (full 3):
 PSYoungGen      total 132096K, used 132069K [0x00000000f5580000, 0x0000000100000000, 0x0000000100000000)
  eden space 102912K, 100% used [0x00000000f5580000,0x00000000fba00000,0x00000000fba00000)
  from space 29184K, 99% used [0x00000000fe380000,0x00000000ffff96a0,0x0000000100000000)
  to   space 35840K, 0% used [0x00000000fba00000,0x00000000fba00000,0x00000000fdd00000)
 ParOldGen       total 93184K, used 44783K [0x00000000e0000000, 0x00000000e5b00000, 0x00000000f5580000)
  object space 93184K, 48% used [0x00000000e0000000,0x00000000e2bbbf88,0x00000000e5b00000)
 Metaspace       used 83425K, capacity 90888K, committed 91156K, reserved 1128448K
  class space    used 10215K, capacity 12560K, committed 12564K, reserved 1048576K
Event: 50.166 GC heap after
Heap after GC invocations=14 (full 3):
 PSYoungGen      total 138752K, used 10477K [0x00000000f5580000, 0x0000000100000000, 0x0000000100000000)
  eden space 102912K, 0% used [0x00000000f5580000,0x00000000f5580000,0x00000000fba00000)
  from space 35840K, 29% used [0x00000000fba00000,0x00000000fc43b690,0x00000000fdd00000)
  to   space 34304K, 0% used [0x00000000fde80000,0x00000000fde80000,0x0000000100000000)
 ParOldGen       total 93184K, used 64955K [0x00000000e0000000, 0x00000000e5b00000, 0x00000000f5580000)
  object space 93184K, 69% used [0x00000000e0000000,0x00000000e3f6ee00,0x00000000e5b00000)
 Metaspace       used 83425K, capacity 90888K, committed 91156K, reserved 1128448K
  class space    used 10215K, capacity 12560K, committed 12564K, reserved 1048576K
}
Event: 80.870 GC heap before
{Heap before GC invocations=15 (full 3):
 PSYoungGen      total 138752K, used 107801K [0x00000000f5580000, 0x0000000100000000, 0x0000000100000000)
  eden space 102912K, 94% used [0x00000000f5580000,0x00000000fb48ae50,0x00000000fba00000)
  from space 35840K, 29% used [0x00000000fba00000,0x00000000fc43b690,0x00000000fdd00000)
  to   space 34304K, 0% used [0x00000000fde80000,0x00000000fde80000,0x0000000100000000)
 ParOldGen       total 93184K, used 64955K [0x00000000e0000000, 0x00000000e5b00000, 0x00000000f5580000)
  object space 93184K, 69% used [0x00000000e0000000,0x00000000e3f6ee00,0x00000000e5b00000)
 Metaspace       used 84431K, capacity 91768K, committed 92052K, reserved 1128448K
  class space    used 10264K, capacity 12572K, committed 12692K, reserved 1048576K
Event: 80.890 GC heap after
Heap after GC invocations=15 (full 3):
 PSYoungGen      total 140288K, used 2969K [0x00000000f5580000, 0x0000000100000000, 0x0000000100000000)
  eden space 105984K, 0% used [0x00000000f5580000,0x00000000f5580000,0x00000000fbd00000)
  from space 34304K, 8% used [0x00000000fde80000,0x00000000fe1665f8,0x0000000100000000)
  to   space 34304K, 0% used [0x00000000fbd00000,0x00000000fbd00000,0x00000000fde80000)
 ParOldGen       total 93184K, used 73280K [0x00000000e0000000, 0x00000000e5b00000, 0x00000000f5580000)
  object space 93184K, 78% used [0x00000000e0000000,0x00000000e4790018,0x00000000e5b00000)
 Metaspace       used 84431K, capacity 91768K, committed 92052K, reserved 1128448K
  class space    used 10264K, capacity 12572K, committed 12692K, reserved 1048576K
}
Event: 80.890 GC heap before
{Heap before GC invocations=16 (full 4):
 PSYoungGen      total 140288K, used 2969K [0x00000000f5580000, 0x0000000100000000, 0x0000000100000000)
  eden space 105984K, 0% used [0x00000000f5580000,0x00000000f5580000,0x00000000fbd00000)
  from space 34304K, 8% used [0x00000000fde80000,0x00000000fe1665f8,0x0000000100000000)
  to   space 34304K, 0% used [0x00000000fbd00000,0x00000000fbd00000,0x00000000fde80000)
 ParOldGen       total 93184K, used 73280K [0x00000000e0000000, 0x00000000e5b00000, 0x00000000f5580000)
  object space 93184K, 78% used [0x00000000e0000000,0x00000000e4790018,0x00000000e5b00000)
 Metaspace       used 84431K, capacity 91768K, committed 92052K, reserved 1128448K
  class space    used 10264K, capacity 12572K, committed 12692K, reserved 1048576K
Event: 81.505 GC heap after
Heap after GC invocations=16 (full 4):
 PSYoungGen      total 140288K, used 0K [0x00000000f5580000, 0x0000000100000000, 0x0000000100000000)
  eden space 105984K, 0% used [0x00000000f5580000,0x00000000f5580000,0x00000000fbd00000)
  from space 34304K, 0% used [0x00000000fde80000,0x00000000fde80000,0x0000000100000000)
  to   space 34304K, 0% used [0x00000000fbd00000,0x00000000fbd00000,0x00000000fde80000)
 ParOldGen       total 93184K, used 66432K [0x00000000e0000000, 0x00000000e5b00000, 0x00000000f5580000)
  object space 93184K, 71% used [0x00000000e0000000,0x00000000e40e0148,0x00000000e5b00000)
 Metaspace       used 84431K, capacity 91768K, committed 92052K, reserved 1128448K
  class space    used 10264K, capacity 12572K, committed 12692K, reserved 1048576K
}
Event: 105.437 GC heap before
{Heap before GC invocations=17 (full 4):
 PSYoungGen      total 140288K, used 105984K [0x00000000f5580000, 0x0000000100000000, 0x0000000100000000)
  eden space 105984K, 100% used [0x00000000f5580000,0x00000000fbd00000,0x00000000fbd00000)
  from space 34304K, 0% used [0x00000000fde80000,0x00000000fde80000,0x0000000100000000)
  to   space 34304K, 0% used [0x00000000fbd00000,0x00000000fbd00000,0x00000000fde80000)
 ParOldGen       total 93184K, used 66432K [0x00000000e0000000, 0x00000000e5b00000, 0x00000000f5580000)
  object space 93184K, 71% used [0x00000000e0000000,0x00000000e40e0148,0x00000000e5b00000)
 Metaspace       used 86063K, capacity 93430K, committed 93588K, reserved 1130496K
  class space    used 10372K, capacity 12650K, committed 12692K, reserved 1048576K
Event: 105.445 GC heap after
Heap after GC invocations=17 (full 4):
 PSYoungGen      total 110080K, used 3966K [0x00000000f5580000, 0x00000000fff00000, 0x0000000100000000)
  eden space 105984K, 0% used [0x00000000f5580000,0x00000000f5580000,0x00000000fbd00000)
  from space 4096K, 96% used [0x00000000fbd00000,0x00000000fc0dfb50,0x00000000fc100000)
  to   space 33792K, 0% used [0x00000000fde00000,0x00000000fde00000,0x00000000fff00000)
 ParOldGen       total 93184K, used 66440K [0x00000000e0000000, 0x00000000e5b00000, 0x00000000f5580000)
  object space 93184K, 71% used [0x00000000e0000000,0x00000000e40e2148,0x00000000e5b00000)
 Metaspace       used 86063K, capacity 93430K, committed 93588K, reserved 1130496K
  class space    used 10372K, capacity 12650K, committed 12692K, reserved 1048576K
}

