# JRE version: Java(TM) SE Runtime Environment (8.0_66-b18) (build 1.8.0_66-b18)
# Java VM: Java HotSpot(TM) 64-Bit Server VM (25.66-b18 mixed mode windows-amd64 compressed oops)
Heap:
 PSYoungGen      total 115200K, used 36288K [0x00000000f5580000, 0x00000000ffd80000, 0x0000000100000000)
  eden space 114688K, 31% used [0x00000000f5580000,0x00000000f78f0128,0x00000000fc580000)
  from space 512K, 0% used [0x00000000fc580000,0x00000000fc580000,0x00000000fc600000)
  to   space 28672K, 0% used [0x00000000fe180000,0x00000000fe180000,0x00000000ffd80000)
 ParOldGen       total 120320K, used 42600K [0x00000000e0000000, 0x00000000e7580000, 0x00000000f5580000)
  object space 120320K, 35% used [0x00000000e0000000,0x00000000e299a1d0,0x00000000e7580000)
 Metaspace       used 76551K, capacity 83774K, committed 84056K, reserved 1122304K
  class space    used 9128K, capacity 11534K, committed 11648K, reserved 1048576K
GC Heap History (10 events):
Event: 370.853 GC heap before
{Heap before GC invocations=24 (full 9):
 PSYoungGen      total 144384K, used 192K [0x00000000f5580000, 0x00000000fff80000, 0x0000000100000000)
  eden space 114176K, 0% used [0x00000000f5580000,0x00000000f5580000,0x00000000fc500000)
  from space 30208K, 0% used [0x00000000fc500000,0x00000000fc530000,0x00000000fe280000)
  to   space 29696K, 0% used [0x00000000fe280000,0x00000000fe280000,0x00000000fff80000)
 ParOldGen       total 120320K, used 55334K [0x00000000e0000000, 0x00000000e7580000, 0x00000000f5580000)
  object space 120320K, 45% used [0x00000000e0000000,0x00000000e3609820,0x00000000e7580000)
 Metaspace       used 75731K, capacity 82962K, committed 83032K, reserved 1120256K
  class space    used 9056K, capacity 11360K, committed 11392K, reserved 1048576K
Event: 371.140 GC heap after
Heap after GC invocations=24 (full 9):
 PSYoungGen      total 144384K, used 0K [0x00000000f5580000, 0x00000000fff80000, 0x0000000100000000)
  eden space 114176K, 0% used [0x00000000f5580000,0x00000000f5580000,0x00000000fc500000)
  from space 30208K, 0% used [0x00000000fc500000,0x00000000fc500000,0x00000000fe280000)
  to   space 29696K, 0% used [0x00000000fe280000,0x00000000fe280000,0x00000000fff80000)
 ParOldGen       total 120320K, used 54923K [0x00000000e0000000, 0x00000000e7580000, 0x00000000f5580000)
  object space 120320K, 45% used [0x00000000e0000000,0x00000000e35a2f10,0x00000000e7580000)
 Metaspace       used 75731K, capacity 82962K, committed 83032K, reserved 1120256K
  class space    used 9056K, capacity 11360K, committed 11392K, reserved 1048576K
}
Event: 430.858 GC heap before
{Heap before GC invocations=25 (full 9):
 PSYoungGen      total 144384K, used 6064K [0x00000000f5580000, 0x00000000fff80000, 0x0000000100000000)
  eden space 114176K, 5% used [0x00000000f5580000,0x00000000f5b6c000,0x00000000fc500000)
  from space 30208K, 0% used [0x00000000fc500000,0x00000000fc500000,0x00000000fe280000)
  to   space 29696K, 0% used [0x00000000fe280000,0x00000000fe280000,0x00000000fff80000)
 ParOldGen       total 120320K, used 54923K [0x00000000e0000000, 0x00000000e7580000, 0x00000000f5580000)
  object space 120320K, 45% used [0x00000000e0000000,0x00000000e35a2f10,0x00000000e7580000)
 Metaspace       used 75734K, capacity 82962K, committed 83032K, reserved 1120256K
  class space    used 9056K, capacity 11360K, committed 11392K, reserved 1048576K
Event: 430.861 GC heap after
Heap after GC invocations=25 (full 9):
 PSYoungGen      total 143360K, used 96K [0x00000000f5580000, 0x00000000ffe80000, 0x0000000100000000)
  eden space 114688K, 0% used [0x00000000f5580000,0x00000000f5580000,0x00000000fc580000)
  from space 28672K, 0% used [0x00000000fe280000,0x00000000fe298000,0x00000000ffe80000)
  to   space 29184K, 0% used [0x00000000fc580000,0x00000000fc580000,0x00000000fe200000)
 ParOldGen       total 120320K, used 54923K [0x00000000e0000000, 0x00000000e7580000, 0x00000000f5580000)
  object space 120320K, 45% used [0x00000000e0000000,0x00000000e35a2f10,0x00000000e7580000)
 Metaspace       used 75734K, capacity 82962K, committed 83032K, reserved 1120256K
  class space    used 9056K, capacity 11360K, committed 11392K, reserved 1048576K
}
Event: 430.861 GC heap before
{Heap before GC invocations=26 (full 10):
 PSYoungGen      total 143360K, used 96K [0x00000000f5580000, 0x00000000ffe80000, 0x0000000100000000)
  eden space 114688K, 0% used [0x00000000f5580000,0x00000000f5580000,0x00000000fc580000)
  from space 28672K, 0% used [0x00000000fe280000,0x00000000fe298000,0x00000000ffe80000)
  to   space 29184K, 0% used [0x00000000fc580000,0x00000000fc580000,0x00000000fe200000)
 ParOldGen       total 120320K, used 54923K [0x00000000e0000000, 0x00000000e7580000, 0x00000000f5580000)
  object space 120320K, 45% used [0x00000000e0000000,0x00000000e35a2f10,0x00000000e7580000)
 Metaspace       used 75734K, capacity 82962K, committed 83032K, reserved 1120256K
  class space    used 9056K, capacity 11360K, committed 11392K, reserved 1048576K
Event: 430.975 GC heap after
Heap after GC invocations=26 (full 10):
 PSYoungGen      total 143360K, used 0K [0x00000000f5580000, 0x00000000ffe80000, 0x0000000100000000)
  eden space 114688K, 0% used [0x00000000f5580000,0x00000000f5580000,0x00000000fc580000)
  from space 28672K, 0% used [0x00000000fe280000,0x00000000fe280000,0x00000000ffe80000)
  to   space 29184K, 0% used [0x00000000fc580000,0x00000000fc580000,0x00000000fe200000)
 ParOldGen       total 120320K, used 54866K [0x00000000e0000000, 0x00000000e7580000, 0x00000000f5580000)
  object space 120320K, 45% used [0x00000000e0000000,0x00000000e3594b38,0x00000000e7580000)
 Metaspace       used 75734K, capacity 82962K, committed 83032K, reserved 1120256K
  class space    used 9056K, capacity 11360K, committed 11392K, reserved 1048576K
}
Event: 490.869 GC heap before
{Heap before GC invocations=27 (full 10):
 PSYoungGen      total 143360K, used 6395K [0x00000000f5580000, 0x00000000ffe80000, 0x0000000100000000)
  eden space 114688K, 5% used [0x00000000f5580000,0x00000000f5bbeec0,0x00000000fc580000)
  from space 28672K, 0% used [0x00000000fe280000,0x00000000fe280000,0x00000000ffe80000)
  to   space 29184K, 0% used [0x00000000fc580000,0x00000000fc580000,0x00000000fe200000)
 ParOldGen       total 120320K, used 54866K [0x00000000e0000000, 0x00000000e7580000, 0x00000000f5580000)
  object space 120320K, 45% used [0x00000000e0000000,0x00000000e3594b38,0x00000000e7580000)
 Metaspace       used 75760K, capacity 82962K, committed 83032K, reserved 1120256K
  class space    used 9056K, capacity 11360K, committed 11392K, reserved 1048576K
Event: 490.873 GC heap after
Heap after GC invocations=27 (full 10):
 PSYoungGen      total 115200K, used 128K [0x00000000f5580000, 0x00000000ffd80000, 0x0000000100000000)
  eden space 114688K, 0% used [0x00000000f5580000,0x00000000f5580000,0x00000000fc580000)
  from space 512K, 25% used [0x00000000fc580000,0x00000000fc5a0000,0x00000000fc600000)
  to   space 28672K, 0% used [0x00000000fe180000,0x00000000fe180000,0x00000000ffd80000)
 ParOldGen       total 120320K, used 54874K [0x00000000e0000000, 0x00000000e7580000, 0x00000000f5580000)
  object space 120320K, 45% used [0x00000000e0000000,0x00000000e3596b38,0x00000000e7580000)
 Metaspace       used 75760K, capacity 82962K, committed 83032K, reserved 1120256K
  class space    used 9056K, capacity 11360K, committed 11392K, reserved 1048576K
}
Event: 490.873 GC heap before
{Heap before GC invocations=28 (full 11):
 PSYoungGen      total 115200K, used 128K [0x00000000f5580000, 0x00000000ffd80000, 0x0000000100000000)
  eden space 114688K, 0% used [0x00000000f5580000,0x00000000f5580000,0x00000000fc580000)
  from space 512K, 25% used [0x00000000fc580000,0x00000000fc5a0000,0x00000000fc600000)
  to   space 28672K, 0% used [0x00000000fe180000,0x00000000fe180000,0x00000000ffd80000)
 ParOldGen       total 120320K, used 54874K [0x00000000e0000000, 0x00000000e7580000, 0x00000000f5580000)
  object space 120320K, 45% used [0x00000000e0000000,0x00000000e3596b38,0x00000000e7580000)
 Metaspace       used 75760K, capacity 82962K, committed 83032K, reserved 1120256K
  class space    used 9056K, capacity 11360K, committed 11392K, reserved 1048576K
Event: 491.118 GC heap after
Heap after GC invocations=28 (full 11):
 PSYoungGen      total 115200K, used 0K [0x00000000f5580000, 0x00000000ffd80000, 0x0000000100000000)
  eden space 114688K, 0% used [0x00000000f5580000,0x00000000f5580000,0x00000000fc580000)
  from space 512K, 0% used [0x00000000fc580000,0x00000000fc580000,0x00000000fc600000)
  to   space 28672K, 0% used [0x00000000fe180000,0x00000000fe180000,0x00000000ffd80000)
 ParOldGen       total 120320K, used 42600K [0x00000000e0000000, 0x00000000e7580000, 0x00000000f5580000)
  object space 120320K, 35% used [0x00000000e0000000,0x00000000e299a1d0,0x00000000e7580000)
 Metaspace       used 75706K, capacity 82874K, committed 83032K, reserved 1120256K
  class space    used 9046K, capacity 11342K, committed 11392K, reserved 1048576K
}

