# JRE version: Java(TM) SE Runtime Environment (8.0_66-b18) (build 1.8.0_66-b18)
# Java VM: Java HotSpot(TM) 64-Bit Server VM (25.66-b18 mixed mode windows-amd64 compressed oops)
Heap:
 PSYoungGen      total 137216K, used 59543K [0x00000000f5580000, 0x0000000100000000, 0x0000000100000000)
  eden space 108032K, 29% used [0x00000000f5580000,0x00000000f7468d68,0x00000000fbf00000)
  from space 29184K, 95% used [0x00000000fe380000,0x00000000ffebd148,0x0000000100000000)
  to   space 33280K, 0% used [0x00000000fbf00000,0x00000000fbf00000,0x00000000fdf80000)
 ParOldGen       total 91648K, used 39270K [0x00000000e0000000, 0x00000000e5980000, 0x00000000f5580000)
  object space 91648K, 42% used [0x00000000e0000000,0x00000000e2659868,0x00000000e5980000)
 Metaspace       used 77910K, capacity 85162K, committed 85208K, reserved 1122304K
  class space    used 9412K, capacity 11720K, committed 11736K, reserved 1048576K
GC Heap History (10 events):
Event: 7.656 GC heap before
{Heap before GC invocations=9 (full 2):
 PSYoungGen      total 115200K, used 93696K [0x00000000f5580000, 0x00000000ff780000, 0x0000000100000000)
  eden space 93696K, 100% used [0x00000000f5580000,0x00000000fb100000,0x00000000fb100000)
  from space 21504K, 0% used [0x00000000fc600000,0x00000000fc600000,0x00000000fdb00000)
  to   space 21504K, 0% used [0x00000000fb100000,0x00000000fb100000,0x00000000fc600000)
 ParOldGen       total 80384K, used 31626K [0x00000000e0000000, 0x00000000e4e80000, 0x00000000f5580000)
  object space 80384K, 39% used [0x00000000e0000000,0x00000000e1ee28a0,0x00000000e4e80000)
 Metaspace       used 48262K, capacity 52366K, committed 52568K, reserved 1095680K
  class space    used 5637K, capacity 6948K, committed 7000K, reserved 1048576K
Event: 7.675 GC heap after
Heap after GC invocations=9 (full 2):
 PSYoungGen      total 115200K, used 21479K [0x00000000f5580000, 0x0000000100000000, 0x0000000100000000)
  eden space 93696K, 0% used [0x00000000f5580000,0x00000000f5580000,0x00000000fb100000)
  from space 21504K, 99% used [0x00000000fb100000,0x00000000fc5f9c70,0x00000000fc600000)
  to   space 27136K, 0% used [0x00000000fe580000,0x00000000fe580000,0x0000000100000000)
 ParOldGen       total 80384K, used 33800K [0x00000000e0000000, 0x00000000e4e80000, 0x00000000f5580000)
  object space 80384K, 42% used [0x00000000e0000000,0x00000000e21023f8,0x00000000e4e80000)
 Metaspace       used 48262K, capacity 52366K, committed 52568K, reserved 1095680K
  class space    used 5637K, capacity 6948K, committed 7000K, reserved 1048576K
}
Event: 8.681 GC heap before
{Heap before GC invocations=10 (full 2):
 PSYoungGen      total 115200K, used 43222K [0x00000000f5580000, 0x0000000100000000, 0x0000000100000000)
  eden space 93696K, 23% used [0x00000000f5580000,0x00000000f6abbd48,0x00000000fb100000)
  from space 21504K, 99% used [0x00000000fb100000,0x00000000fc5f9c70,0x00000000fc600000)
  to   space 27136K, 0% used [0x00000000fe580000,0x00000000fe580000,0x0000000100000000)
 ParOldGen       total 80384K, used 33800K [0x00000000e0000000, 0x00000000e4e80000, 0x00000000f5580000)
  object space 80384K, 42% used [0x00000000e0000000,0x00000000e21023f8,0x00000000e4e80000)
 Metaspace       used 54153K, capacity 58870K, committed 58968K, reserved 1099776K
  class space    used 6449K, capacity 7965K, committed 8024K, reserved 1048576K
Event: 8.705 GC heap after
Heap after GC invocations=10 (full 2):
 PSYoungGen      total 146432K, used 16763K [0x00000000f5580000, 0x0000000100000000, 0x0000000100000000)
  eden space 119296K, 0% used [0x00000000f5580000,0x00000000f5580000,0x00000000fca00000)
  from space 27136K, 61% used [0x00000000fe580000,0x00000000ff5deec0,0x0000000100000000)
  to   space 27648K, 0% used [0x00000000fca00000,0x00000000fca00000,0x00000000fe500000)
 ParOldGen       total 80384K, used 33808K [0x00000000e0000000, 0x00000000e4e80000, 0x00000000f5580000)
  object space 80384K, 42% used [0x00000000e0000000,0x00000000e21043f8,0x00000000e4e80000)
 Metaspace       used 54153K, capacity 58870K, committed 58968K, reserved 1099776K
  class space    used 6449K, capacity 7965K, committed 8024K, reserved 1048576K
}
Event: 8.705 GC heap before
{Heap before GC invocations=11 (full 3):
 PSYoungGen      total 146432K, used 16763K [0x00000000f5580000, 0x0000000100000000, 0x0000000100000000)
  eden space 119296K, 0% used [0x00000000f5580000,0x00000000f5580000,0x00000000fca00000)
  from space 27136K, 61% used [0x00000000fe580000,0x00000000ff5deec0,0x0000000100000000)
  to   space 27648K, 0% used [0x00000000fca00000,0x00000000fca00000,0x00000000fe500000)
 ParOldGen       total 80384K, used 33808K [0x00000000e0000000, 0x00000000e4e80000, 0x00000000f5580000)
  object space 80384K, 42% used [0x00000000e0000000,0x00000000e21043f8,0x00000000e4e80000)
 Metaspace       used 54153K, capacity 58870K, committed 58968K, reserved 1099776K
  class space    used 6449K, capacity 7965K, committed 8024K, reserved 1048576K
Event: 8.942 GC heap after
Heap after GC invocations=11 (full 3):
 PSYoungGen      total 146432K, used 0K [0x00000000f5580000, 0x0000000100000000, 0x0000000100000000)
  eden space 119296K, 0% used [0x00000000f5580000,0x00000000f5580000,0x00000000fca00000)
  from space 27136K, 0% used [0x00000000fe580000,0x00000000fe580000,0x0000000100000000)
  to   space 27648K, 0% used [0x00000000fca00000,0x00000000fca00000,0x00000000fe500000)
 ParOldGen       total 91648K, used 39262K [0x00000000e0000000, 0x00000000e5980000, 0x00000000f5580000)
  object space 91648K, 42% used [0x00000000e0000000,0x00000000e2657868,0x00000000e5980000)
 Metaspace       used 54153K, capacity 58870K, committed 58968K, reserved 1099776K
  class space    used 6449K, capacity 7965K, committed 8024K, reserved 1048576K
}
Event: 12.433 GC heap before
{Heap before GC invocations=12 (full 3):
 PSYoungGen      total 146432K, used 119296K [0x00000000f5580000, 0x0000000100000000, 0x0000000100000000)
  eden space 119296K, 100% used [0x00000000f5580000,0x00000000fca00000,0x00000000fca00000)
  from space 27136K, 0% used [0x00000000fe580000,0x00000000fe580000,0x0000000100000000)
  to   space 27648K, 0% used [0x00000000fca00000,0x00000000fca00000,0x00000000fe500000)
 ParOldGen       total 91648K, used 39262K [0x00000000e0000000, 0x00000000e5980000, 0x00000000f5580000)
  object space 91648K, 42% used [0x00000000e0000000,0x00000000e2657868,0x00000000e5980000)
 Metaspace       used 65959K, capacity 72108K, committed 72280K, reserved 1112064K
  class space    used 8045K, capacity 9974K, committed 10072K, reserved 1048576K
Event: 12.456 GC heap after
Heap after GC invocations=12 (full 3):
 PSYoungGen      total 138752K, used 19118K [0x00000000f5580000, 0x0000000100000000, 0x0000000100000000)
  eden space 119296K, 0% used [0x00000000f5580000,0x00000000f5580000,0x00000000fca00000)
  from space 19456K, 98% used [0x00000000fca00000,0x00000000fdcabb58,0x00000000fdd00000)
  to   space 29184K, 0% used [0x00000000fe380000,0x00000000fe380000,0x0000000100000000)
 ParOldGen       total 91648K, used 39262K [0x00000000e0000000, 0x00000000e5980000, 0x00000000f5580000)
  object space 91648K, 42% used [0x00000000e0000000,0x00000000e2657868,0x00000000e5980000)
 Metaspace       used 65959K, capacity 72108K, committed 72280K, reserved 1112064K
  class space    used 8045K, capacity 9974K, committed 10072K, reserved 1048576K
}
Event: 48.109 GC heap before
{Heap before GC invocations=13 (full 3):
 PSYoungGen      total 138752K, used 138414K [0x00000000f5580000, 0x0000000100000000, 0x0000000100000000)
  eden space 119296K, 100% used [0x00000000f5580000,0x00000000fca00000,0x00000000fca00000)
  from space 19456K, 98% used [0x00000000fca00000,0x00000000fdcabb58,0x00000000fdd00000)
  to   space 29184K, 0% used [0x00000000fe380000,0x00000000fe380000,0x0000000100000000)
 ParOldGen       total 91648K, used 39262K [0x00000000e0000000, 0x00000000e5980000, 0x00000000f5580000)
  object space 91648K, 42% used [0x00000000e0000000,0x00000000e2657868,0x00000000e5980000)
 Metaspace       used 76717K, capacity 84122K, committed 84312K, reserved 1122304K
  class space    used 9293K, capacity 11526K, committed 11608K, reserved 1048576K
Event: 48.154 GC heap after
Heap after GC invocations=13 (full 3):
 PSYoungGen      total 137216K, used 27892K [0x00000000f5580000, 0x0000000100000000, 0x0000000100000000)
  eden space 108032K, 0% used [0x00000000f5580000,0x00000000f5580000,0x00000000fbf00000)
  from space 29184K, 95% used [0x00000000fe380000,0x00000000ffebd148,0x0000000100000000)
  to   space 33280K, 0% used [0x00000000fbf00000,0x00000000fbf00000,0x00000000fdf80000)
 ParOldGen       total 91648K, used 39270K [0x00000000e0000000, 0x00000000e5980000, 0x00000000f5580000)
  object space 91648K, 42% used [0x00000000e0000000,0x00000000e2659868,0x00000000e5980000)
 Metaspace       used 76717K, capacity 84122K, committed 84312K, reserved 1122304K
  class space    used 9293K, capacity 11526K, committed 11608K, reserved 1048576K
}

