# JRE version: Java(TM) SE Runtime Environment (8.0_66-b18) (build 1.8.0_66-b18)
# Java VM: Java HotSpot(TM) 64-Bit Server VM (25.66-b18 mixed mode windows-amd64 compressed oops)
Heap:
 PSYoungGen      total 120832K, used 72750K [0x00000000f5580000, 0x00000000fe300000, 0x0000000100000000)
  eden space 96768K, 71% used [0x00000000f5580000,0x00000000f994d640,0x00000000fb400000)
  from space 24064K, 13% used [0x00000000fb400000,0x00000000fb73e420,0x00000000fcb80000)
  to   space 23552K, 0% used [0x00000000fcc00000,0x00000000fcc00000,0x00000000fe300000)
 ParOldGen       total 116224K, used 59335K [0x00000000e0000000, 0x00000000e7180000, 0x00000000f5580000)
  object space 116224K, 51% used [0x00000000e0000000,0x00000000e39f1e88,0x00000000e7180000)
 Metaspace       used 99088K, capacity 107052K, committed 107288K, reserved 1142784K
  class space    used 11699K, capacity 14263K, committed 14360K, reserved 1048576K
GC Heap History (10 events):
Event: 463.541 GC heap before
{Heap before GC invocations=36 (full 8):
 PSYoungGen      total 119296K, used 96648K [0x00000000f5580000, 0x00000000fe580000, 0x0000000100000000)
  eden space 93184K, 100% used [0x00000000f5580000,0x00000000fb080000,0x00000000fb080000)
  from space 26112K, 13% used [0x00000000fb080000,0x00000000fb3e20d0,0x00000000fca00000)
  to   space 25600K, 0% used [0x00000000fcc80000,0x00000000fcc80000,0x00000000fe580000)
 ParOldGen       total 116224K, used 68351K [0x00000000e0000000, 0x00000000e7180000, 0x00000000f5580000)
  object space 116224K, 58% used [0x00000000e0000000,0x00000000e42bfe70,0x00000000e7180000)
 Metaspace       used 96551K, capacity 104550K, committed 104856K, reserved 1140736K
  class space    used 11446K, capacity 13942K, committed 13976K, reserved 1048576K
Event: 463.546 GC heap after
Heap after GC invocations=36 (full 8):
 PSYoungGen      total 119808K, used 3004K [0x00000000f5580000, 0x00000000fe400000, 0x0000000100000000)
  eden space 95744K, 0% used [0x00000000f5580000,0x00000000f5580000,0x00000000fb300000)
  from space 24064K, 12% used [0x00000000fcc80000,0x00000000fcf6f210,0x00000000fe400000)
  to   space 25088K, 0% used [0x00000000fb300000,0x00000000fb300000,0x00000000fcb80000)
 ParOldGen       total 116224K, used 68359K [0x00000000e0000000, 0x00000000e7180000, 0x00000000f5580000)
  object space 116224K, 58% used [0x00000000e0000000,0x00000000e42c1e70,0x00000000e7180000)
 Metaspace       used 96551K, capacity 104550K, committed 104856K, reserved 1140736K
  class space    used 11446K, capacity 13942K, committed 13976K, reserved 1048576K
}
Event: 465.778 GC heap before
{Heap before GC invocations=37 (full 8):
 PSYoungGen      total 119808K, used 25283K [0x00000000f5580000, 0x00000000fe400000, 0x0000000100000000)
  eden space 95744K, 23% used [0x00000000f5580000,0x00000000f6b41c10,0x00000000fb300000)
  from space 24064K, 12% used [0x00000000fcc80000,0x00000000fcf6f210,0x00000000fe400000)
  to   space 25088K, 0% used [0x00000000fb300000,0x00000000fb300000,0x00000000fcb80000)
 ParOldGen       total 116224K, used 68359K [0x00000000e0000000, 0x00000000e7180000, 0x00000000f5580000)
  object space 116224K, 58% used [0x00000000e0000000,0x00000000e42c1e70,0x00000000e7180000)
 Metaspace       used 96552K, capacity 104550K, committed 104856K, reserved 1140736K
  class space    used 11446K, capacity 13942K, committed 13976K, reserved 1048576K
Event: 465.786 GC heap after
Heap after GC invocations=37 (full 8):
 PSYoungGen      total 120832K, used 2412K [0x00000000f5580000, 0x00000000fe400000, 0x0000000100000000)
  eden space 95744K, 0% used [0x00000000f5580000,0x00000000f5580000,0x00000000fb300000)
  from space 25088K, 9% used [0x00000000fb300000,0x00000000fb55b070,0x00000000fcb80000)
  to   space 25088K, 0% used [0x00000000fcb80000,0x00000000fcb80000,0x00000000fe400000)
 ParOldGen       total 116224K, used 68359K [0x00000000e0000000, 0x00000000e7180000, 0x00000000f5580000)
  object space 116224K, 58% used [0x00000000e0000000,0x00000000e42c1e70,0x00000000e7180000)
 Metaspace       used 96552K, capacity 104550K, committed 104856K, reserved 1140736K
  class space    used 11446K, capacity 13942K, committed 13976K, reserved 1048576K
}
Event: 465.787 GC heap before
{Heap before GC invocations=38 (full 9):
 PSYoungGen      total 120832K, used 2412K [0x00000000f5580000, 0x00000000fe400000, 0x0000000100000000)
  eden space 95744K, 0% used [0x00000000f5580000,0x00000000f5580000,0x00000000fb300000)
  from space 25088K, 9% used [0x00000000fb300000,0x00000000fb55b070,0x00000000fcb80000)
  to   space 25088K, 0% used [0x00000000fcb80000,0x00000000fcb80000,0x00000000fe400000)
 ParOldGen       total 116224K, used 68359K [0x00000000e0000000, 0x00000000e7180000, 0x00000000f5580000)
  object space 116224K, 58% used [0x00000000e0000000,0x00000000e42c1e70,0x00000000e7180000)
 Metaspace       used 96552K, capacity 104550K, committed 104856K, reserved 1140736K
  class space    used 11446K, capacity 13942K, committed 13976K, reserved 1048576K
Event: 466.150 GC heap after
Heap after GC invocations=38 (full 9):
 PSYoungGen      total 120832K, used 0K [0x00000000f5580000, 0x00000000fe400000, 0x0000000100000000)
  eden space 95744K, 0% used [0x00000000f5580000,0x00000000f5580000,0x00000000fb300000)
  from space 25088K, 0% used [0x00000000fb300000,0x00000000fb300000,0x00000000fcb80000)
  to   space 25088K, 0% used [0x00000000fcb80000,0x00000000fcb80000,0x00000000fe400000)
 ParOldGen       total 116224K, used 59319K [0x00000000e0000000, 0x00000000e7180000, 0x00000000f5580000)
  object space 116224K, 51% used [0x00000000e0000000,0x00000000e39ede88,0x00000000e7180000)
 Metaspace       used 96514K, capacity 104486K, committed 104856K, reserved 1140736K
  class space    used 11438K, capacity 13928K, committed 13976K, reserved 1048576K
}
Event: 487.597 GC heap before
{Heap before GC invocations=39 (full 9):
 PSYoungGen      total 120832K, used 95744K [0x00000000f5580000, 0x00000000fe400000, 0x0000000100000000)
  eden space 95744K, 100% used [0x00000000f5580000,0x00000000fb300000,0x00000000fb300000)
  from space 25088K, 0% used [0x00000000fb300000,0x00000000fb300000,0x00000000fcb80000)
  to   space 25088K, 0% used [0x00000000fcb80000,0x00000000fcb80000,0x00000000fe400000)
 ParOldGen       total 116224K, used 59319K [0x00000000e0000000, 0x00000000e7180000, 0x00000000f5580000)
  object space 116224K, 51% used [0x00000000e0000000,0x00000000e39ede88,0x00000000e7180000)
 Metaspace       used 97909K, capacity 106046K, committed 106392K, reserved 1140736K
  class space    used 11580K, capacity 14128K, committed 14232K, reserved 1048576K
Event: 487.604 GC heap after
Heap after GC invocations=39 (full 9):
 PSYoungGen      total 121856K, used 3595K [0x00000000f5580000, 0x00000000fe400000, 0x0000000100000000)
  eden space 96768K, 0% used [0x00000000f5580000,0x00000000f5580000,0x00000000fb400000)
  from space 25088K, 14% used [0x00000000fcb80000,0x00000000fcf02d38,0x00000000fe400000)
  to   space 24064K, 0% used [0x00000000fb400000,0x00000000fb400000,0x00000000fcb80000)
 ParOldGen       total 116224K, used 59327K [0x00000000e0000000, 0x00000000e7180000, 0x00000000f5580000)
  object space 116224K, 51% used [0x00000000e0000000,0x00000000e39efe88,0x00000000e7180000)
 Metaspace       used 97909K, capacity 106046K, committed 106392K, reserved 1140736K
  class space    used 11580K, capacity 14128K, committed 14232K, reserved 1048576K
}
Event: 543.017 GC heap before
{Heap before GC invocations=40 (full 9):
 PSYoungGen      total 121856K, used 100363K [0x00000000f5580000, 0x00000000fe400000, 0x0000000100000000)
  eden space 96768K, 100% used [0x00000000f5580000,0x00000000fb400000,0x00000000fb400000)
  from space 25088K, 14% used [0x00000000fcb80000,0x00000000fcf02d38,0x00000000fe400000)
  to   space 24064K, 0% used [0x00000000fb400000,0x00000000fb400000,0x00000000fcb80000)
 ParOldGen       total 116224K, used 59327K [0x00000000e0000000, 0x00000000e7180000, 0x00000000f5580000)
  object space 116224K, 51% used [0x00000000e0000000,0x00000000e39efe88,0x00000000e7180000)
 Metaspace       used 98229K, capacity 106174K, committed 106392K, reserved 1140736K
  class space    used 11607K, capacity 14128K, committed 14232K, reserved 1048576K
Event: 543.023 GC heap after
Heap after GC invocations=40 (full 9):
 PSYoungGen      total 120832K, used 3321K [0x00000000f5580000, 0x00000000fe300000, 0x0000000100000000)
  eden space 96768K, 0% used [0x00000000f5580000,0x00000000f5580000,0x00000000fb400000)
  from space 24064K, 13% used [0x00000000fb400000,0x00000000fb73e420,0x00000000fcb80000)
  to   space 23552K, 0% used [0x00000000fcc00000,0x00000000fcc00000,0x00000000fe300000)
 ParOldGen       total 116224K, used 59335K [0x00000000e0000000, 0x00000000e7180000, 0x00000000f5580000)
  object space 116224K, 51% used [0x00000000e0000000,0x00000000e39f1e88,0x00000000e7180000)
 Metaspace       used 98229K, capacity 106174K, committed 106392K, reserved 1140736K
  class space    used 11607K, capacity 14128K, committed 14232K, reserved 1048576K
}

