# JRE version: Java(TM) SE Runtime Environment (8.0_66-b18) (build 1.8.0_66-b18)
# Java VM: Java HotSpot(TM) 64-Bit Server VM (25.66-b18 mixed mode windows-amd64 compressed oops)
Heap:
 PSYoungGen      total 124928K, used 38842K [0x00000000f5580000, 0x00000000ff480000, 0x0000000100000000)
  eden space 90112K, 43% used [0x00000000f5580000,0x00000000f7b6e950,0x00000000fad80000)
  from space 34816K, 0% used [0x00000000fd280000,0x00000000fd280000,0x00000000ff480000)
  to   space 36352K, 0% used [0x00000000fad80000,0x00000000fad80000,0x00000000fd100000)
 ParOldGen       total 173056K, used 71076K [0x00000000e0000000, 0x00000000ea900000, 0x00000000f5580000)
  object space 173056K, 41% used [0x00000000e0000000,0x00000000e45693a0,0x00000000ea900000)
 Metaspace       used 96928K, capacity 104920K, committed 105240K, reserved 1140736K
  class space    used 11550K, capacity 14041K, committed 14120K, reserved 1048576K
GC Heap History (10 events):
Event: 201.709 GC heap before
{Heap before GC invocations=24 (full 5):
 PSYoungGen      total 126464K, used 86016K [0x00000000f5580000, 0x00000000ffb80000, 0x0000000100000000)
  eden space 86016K, 100% used [0x00000000f5580000,0x00000000fa980000,0x00000000fa980000)
  from space 40448K, 0% used [0x00000000fd400000,0x00000000fd400000,0x00000000ffb80000)
  to   space 41984K, 0% used [0x00000000fa980000,0x00000000fa980000,0x00000000fd280000)
 ParOldGen       total 173056K, used 66681K [0x00000000e0000000, 0x00000000ea900000, 0x00000000f5580000)
  object space 173056K, 38% used [0x00000000e0000000,0x00000000e411e528,0x00000000ea900000)
 Metaspace       used 93671K, capacity 101350K, committed 101528K, reserved 1136640K
  class space    used 11241K, capacity 13731K, committed 13736K, reserved 1048576K
Event: 201.719 GC heap after
Heap after GC invocations=24 (full 5):
 PSYoungGen      total 128000K, used 8298K [0x00000000f5580000, 0x00000000ffb00000, 0x0000000100000000)
  eden space 86016K, 0% used [0x00000000f5580000,0x00000000f5580000,0x00000000fa980000)
  from space 41984K, 19% used [0x00000000fa980000,0x00000000fb19aa30,0x00000000fd280000)
  to   space 40448K, 0% used [0x00000000fd380000,0x00000000fd380000,0x00000000ffb00000)
 ParOldGen       total 173056K, used 66689K [0x00000000e0000000, 0x00000000ea900000, 0x00000000f5580000)
  object space 173056K, 38% used [0x00000000e0000000,0x00000000e4120528,0x00000000ea900000)
 Metaspace       used 93671K, capacity 101350K, committed 101528K, reserved 1136640K
  class space    used 11241K, capacity 13731K, committed 13736K, reserved 1048576K
}
Event: 225.913 GC heap before
{Heap before GC invocations=25 (full 5):
 PSYoungGen      total 128000K, used 94314K [0x00000000f5580000, 0x00000000ffb00000, 0x0000000100000000)
  eden space 86016K, 100% used [0x00000000f5580000,0x00000000fa980000,0x00000000fa980000)
  from space 41984K, 19% used [0x00000000fa980000,0x00000000fb19aa30,0x00000000fd280000)
  to   space 40448K, 0% used [0x00000000fd380000,0x00000000fd380000,0x00000000ffb00000)
 ParOldGen       total 173056K, used 66689K [0x00000000e0000000, 0x00000000ea900000, 0x00000000f5580000)
  object space 173056K, 38% used [0x00000000e0000000,0x00000000e4120528,0x00000000ea900000)
 Metaspace       used 95051K, capacity 102810K, committed 102936K, reserved 1138688K
  class space    used 11362K, capacity 13811K, committed 13864K, reserved 1048576K
Event: 225.920 GC heap after
Heap after GC invocations=25 (full 5):
 PSYoungGen      total 125952K, used 4114K [0x00000000f5580000, 0x00000000ff880000, 0x0000000100000000)
  eden space 88064K, 0% used [0x00000000f5580000,0x00000000f5580000,0x00000000fab80000)
  from space 37888K, 10% used [0x00000000fd380000,0x00000000fd7848e8,0x00000000ff880000)
  to   space 39424K, 0% used [0x00000000fab80000,0x00000000fab80000,0x00000000fd200000)
 ParOldGen       total 173056K, used 66697K [0x00000000e0000000, 0x00000000ea900000, 0x00000000f5580000)
  object space 173056K, 38% used [0x00000000e0000000,0x00000000e4122528,0x00000000ea900000)
 Metaspace       used 95051K, capacity 102810K, committed 102936K, reserved 1138688K
  class space    used 11362K, capacity 13811K, committed 13864K, reserved 1048576K
}
Event: 249.057 GC heap before
{Heap before GC invocations=26 (full 5):
 PSYoungGen      total 125952K, used 92178K [0x00000000f5580000, 0x00000000ff880000, 0x0000000100000000)
  eden space 88064K, 100% used [0x00000000f5580000,0x00000000fab80000,0x00000000fab80000)
  from space 37888K, 10% used [0x00000000fd380000,0x00000000fd7848e8,0x00000000ff880000)
  to   space 39424K, 0% used [0x00000000fab80000,0x00000000fab80000,0x00000000fd200000)
 ParOldGen       total 173056K, used 66697K [0x00000000e0000000, 0x00000000ea900000, 0x00000000f5580000)
  object space 173056K, 38% used [0x00000000e0000000,0x00000000e4122528,0x00000000ea900000)
 Metaspace       used 95932K, capacity 103938K, committed 104088K, reserved 1138688K
  class space    used 11453K, capacity 13910K, committed 13992K, reserved 1048576K
Event: 249.083 GC heap after
Heap after GC invocations=26 (full 5):
 PSYoungGen      total 127488K, used 7147K [0x00000000f5580000, 0x00000000ff780000, 0x0000000100000000)
  eden space 88064K, 0% used [0x00000000f5580000,0x00000000f5580000,0x00000000fab80000)
  from space 39424K, 18% used [0x00000000fab80000,0x00000000fb27aca8,0x00000000fd200000)
  to   space 37888K, 0% used [0x00000000fd280000,0x00000000fd280000,0x00000000ff780000)
 ParOldGen       total 173056K, used 66697K [0x00000000e0000000, 0x00000000ea900000, 0x00000000f5580000)
  object space 173056K, 38% used [0x00000000e0000000,0x00000000e4122528,0x00000000ea900000)
 Metaspace       used 95932K, capacity 103938K, committed 104088K, reserved 1138688K
  class space    used 11453K, capacity 13910K, committed 13992K, reserved 1048576K
}
Event: 250.177 GC heap before
{Heap before GC invocations=27 (full 5):
 PSYoungGen      total 127488K, used 10144K [0x00000000f5580000, 0x00000000ff780000, 0x0000000100000000)
  eden space 88064K, 3% used [0x00000000f5580000,0x00000000f586d6d8,0x00000000fab80000)
  from space 39424K, 18% used [0x00000000fab80000,0x00000000fb27aca8,0x00000000fd200000)
  to   space 37888K, 0% used [0x00000000fd280000,0x00000000fd280000,0x00000000ff780000)
 ParOldGen       total 173056K, used 66697K [0x00000000e0000000, 0x00000000ea900000, 0x00000000f5580000)
  object space 173056K, 38% used [0x00000000e0000000,0x00000000e4122528,0x00000000ea900000)
 Metaspace       used 95933K, capacity 103938K, committed 104088K, reserved 1138688K
  class space    used 11453K, capacity 13910K, committed 13992K, reserved 1048576K
Event: 250.190 GC heap after
Heap after GC invocations=27 (full 5):
 PSYoungGen      total 124928K, used 5538K [0x00000000f5580000, 0x00000000ff480000, 0x0000000100000000)
  eden space 90112K, 0% used [0x00000000f5580000,0x00000000f5580000,0x00000000fad80000)
  from space 34816K, 15% used [0x00000000fd280000,0x00000000fd7e89b8,0x00000000ff480000)
  to   space 36352K, 0% used [0x00000000fad80000,0x00000000fad80000,0x00000000fd100000)
 ParOldGen       total 173056K, used 66697K [0x00000000e0000000, 0x00000000ea900000, 0x00000000f5580000)
  object space 173056K, 38% used [0x00000000e0000000,0x00000000e4122528,0x00000000ea900000)
 Metaspace       used 95933K, capacity 103938K, committed 104088K, reserved 1138688K
  class space    used 11453K, capacity 13910K, committed 13992K, reserved 1048576K
}
Event: 250.190 GC heap before
{Heap before GC invocations=28 (full 6):
 PSYoungGen      total 124928K, used 5538K [0x00000000f5580000, 0x00000000ff480000, 0x0000000100000000)
  eden space 90112K, 0% used [0x00000000f5580000,0x00000000f5580000,0x00000000fad80000)
  from space 34816K, 15% used [0x00000000fd280000,0x00000000fd7e89b8,0x00000000ff480000)
  to   space 36352K, 0% used [0x00000000fad80000,0x00000000fad80000,0x00000000fd100000)
 ParOldGen       total 173056K, used 66697K [0x00000000e0000000, 0x00000000ea900000, 0x00000000f5580000)
  object space 173056K, 38% used [0x00000000e0000000,0x00000000e4122528,0x00000000ea900000)
 Metaspace       used 95933K, capacity 103938K, committed 104088K, reserved 1138688K
  class space    used 11453K, capacity 13910K, committed 13992K, reserved 1048576K
Event: 250.618 GC heap after
Heap after GC invocations=28 (full 6):
 PSYoungGen      total 124928K, used 0K [0x00000000f5580000, 0x00000000ff480000, 0x0000000100000000)
  eden space 90112K, 0% used [0x00000000f5580000,0x00000000f5580000,0x00000000fad80000)
  from space 34816K, 0% used [0x00000000fd280000,0x00000000fd280000,0x00000000ff480000)
  to   space 36352K, 0% used [0x00000000fad80000,0x00000000fad80000,0x00000000fd100000)
 ParOldGen       total 173056K, used 71076K [0x00000000e0000000, 0x00000000ea900000, 0x00000000f5580000)
  object space 173056K, 41% used [0x00000000e0000000,0x00000000e45693a0,0x00000000ea900000)
 Metaspace       used 95933K, capacity 103938K, committed 104088K, reserved 1138688K
  class space    used 11453K, capacity 13910K, committed 13992K, reserved 1048576K
}

