# JRE version: Java(TM) SE Runtime Environment (8.0_66-b18) (build 1.8.0_66-b18)
# Java VM: Java HotSpot(TM) 64-Bit Server VM (25.66-b18 mixed mode windows-amd64 compressed oops)
Heap:
 PSYoungGen      total 136192K, used 38295K [0x00000000f5580000, 0x00000000ffe80000, 0x0000000100000000)
  eden space 100352K, 38% used [0x00000000f5580000,0x00000000f7ae5c50,0x00000000fb780000)
  from space 35840K, 0% used [0x00000000fdb80000,0x00000000fdb80000,0x00000000ffe80000)
  to   space 36352K, 0% used [0x00000000fb780000,0x00000000fb780000,0x00000000fdb00000)
 ParOldGen       total 116736K, used 63791K [0x00000000e0000000, 0x00000000e7200000, 0x00000000f5580000)
  object space 116736K, 54% used [0x00000000e0000000,0x00000000e3e4bfc0,0x00000000e7200000)
 Metaspace       used 93182K, capacity 100824K, committed 100992K, reserved 1136640K
  class space    used 11030K, capacity 13432K, committed 13440K, reserved 1048576K
GC Heap History (10 events):
Event: 188.147 GC heap before
{Heap before GC invocations=23 (full 4):
 PSYoungGen      total 137728K, used 23355K [0x00000000f5580000, 0x0000000100000000, 0x0000000100000000)
  eden space 101376K, 0% used [0x00000000f5580000,0x00000000f5580000,0x00000000fb880000)
  from space 36352K, 64% used [0x00000000fb880000,0x00000000fcf4efc8,0x00000000fdc00000)
  to   space 36864K, 0% used [0x00000000fdc00000,0x00000000fdc00000,0x0000000100000000)
 ParOldGen       total 116736K, used 44093K [0x00000000e0000000, 0x00000000e7200000, 0x00000000f5580000)
  object space 116736K, 37% used [0x00000000e0000000,0x00000000e2b0f490,0x00000000e7200000)
 Metaspace       used 87398K, capacity 94400K, committed 94592K, reserved 1130496K
  class space    used 10354K, capacity 12642K, committed 12672K, reserved 1048576K
Event: 188.714 GC heap after
Heap after GC invocations=23 (full 4):
 PSYoungGen      total 137728K, used 0K [0x00000000f5580000, 0x0000000100000000, 0x0000000100000000)
  eden space 101376K, 0% used [0x00000000f5580000,0x00000000f5580000,0x00000000fb880000)
  from space 36352K, 0% used [0x00000000fb880000,0x00000000fb880000,0x00000000fdc00000)
  to   space 36864K, 0% used [0x00000000fdc00000,0x00000000fdc00000,0x0000000100000000)
 ParOldGen       total 116736K, used 58022K [0x00000000e0000000, 0x00000000e7200000, 0x00000000f5580000)
  object space 116736K, 49% used [0x00000000e0000000,0x00000000e38a9800,0x00000000e7200000)
 Metaspace       used 87398K, capacity 94400K, committed 94592K, reserved 1130496K
  class space    used 10354K, capacity 12642K, committed 12672K, reserved 1048576K
}
Event: 204.777 GC heap before
{Heap before GC invocations=24 (full 4):
 PSYoungGen      total 137728K, used 101376K [0x00000000f5580000, 0x0000000100000000, 0x0000000100000000)
  eden space 101376K, 100% used [0x00000000f5580000,0x00000000fb880000,0x00000000fb880000)
  from space 36352K, 0% used [0x00000000fb880000,0x00000000fb880000,0x00000000fdc00000)
  to   space 36864K, 0% used [0x00000000fdc00000,0x00000000fdc00000,0x0000000100000000)
 ParOldGen       total 116736K, used 58022K [0x00000000e0000000, 0x00000000e7200000, 0x00000000f5580000)
  object space 116736K, 49% used [0x00000000e0000000,0x00000000e38a9800,0x00000000e7200000)
 Metaspace       used 88756K, capacity 95538K, committed 95744K, reserved 1132544K
  class space    used 10500K, capacity 12741K, committed 12800K, reserved 1048576K
Event: 204.787 GC heap after
Heap after GC invocations=24 (full 4):
 PSYoungGen      total 136704K, used 3938K [0x00000000f5580000, 0x0000000100000000, 0x0000000100000000)
  eden space 99840K, 0% used [0x00000000f5580000,0x00000000f5580000,0x00000000fb700000)
  from space 36864K, 10% used [0x00000000fdc00000,0x00000000fdfd8bd8,0x0000000100000000)
  to   space 37376K, 0% used [0x00000000fb700000,0x00000000fb700000,0x00000000fdb80000)
 ParOldGen       total 116736K, used 58022K [0x00000000e0000000, 0x00000000e7200000, 0x00000000f5580000)
  object space 116736K, 49% used [0x00000000e0000000,0x00000000e38a9800,0x00000000e7200000)
 Metaspace       used 88756K, capacity 95538K, committed 95744K, reserved 1132544K
  class space    used 10500K, capacity 12741K, committed 12800K, reserved 1048576K
}
Event: 227.011 GC heap before
{Heap before GC invocations=25 (full 4):
 PSYoungGen      total 136704K, used 103778K [0x00000000f5580000, 0x0000000100000000, 0x0000000100000000)
  eden space 99840K, 99% used [0x00000000f5580000,0x00000000fb6fff38,0x00000000fb700000)
  from space 36864K, 10% used [0x00000000fdc00000,0x00000000fdfd8bd8,0x0000000100000000)
  to   space 37376K, 0% used [0x00000000fb700000,0x00000000fb700000,0x00000000fdb80000)
 ParOldGen       total 116736K, used 58022K [0x00000000e0000000, 0x00000000e7200000, 0x00000000f5580000)
  object space 116736K, 49% used [0x00000000e0000000,0x00000000e38a9800,0x00000000e7200000)
 Metaspace       used 91664K, capacity 99380K, committed 99584K, reserved 1136640K
  class space    used 10868K, capacity 13256K, committed 13312K, reserved 1048576K
Event: 227.024 GC heap after
Heap after GC invocations=25 (full 4):
 PSYoungGen      total 137216K, used 7307K [0x00000000f5580000, 0x00000000fff80000, 0x0000000100000000)
  eden space 99840K, 0% used [0x00000000f5580000,0x00000000f5580000,0x00000000fb700000)
  from space 37376K, 19% used [0x00000000fb700000,0x00000000fbe22e00,0x00000000fdb80000)
  to   space 36864K, 0% used [0x00000000fdb80000,0x00000000fdb80000,0x00000000fff80000)
 ParOldGen       total 116736K, used 58030K [0x00000000e0000000, 0x00000000e7200000, 0x00000000f5580000)
  object space 116736K, 49% used [0x00000000e0000000,0x00000000e38ab800,0x00000000e7200000)
 Metaspace       used 91664K, capacity 99380K, committed 99584K, reserved 1136640K
  class space    used 10868K, capacity 13256K, committed 13312K, reserved 1048576K
}
Event: 252.258 GC heap before
{Heap before GC invocations=26 (full 4):
 PSYoungGen      total 137216K, used 43253K [0x00000000f5580000, 0x00000000fff80000, 0x0000000100000000)
  eden space 99840K, 36% used [0x00000000f5580000,0x00000000f789a6c8,0x00000000fb700000)
  from space 37376K, 19% used [0x00000000fb700000,0x00000000fbe22e00,0x00000000fdb80000)
  to   space 36864K, 0% used [0x00000000fdb80000,0x00000000fdb80000,0x00000000fff80000)
 ParOldGen       total 116736K, used 58030K [0x00000000e0000000, 0x00000000e7200000, 0x00000000f5580000)
  object space 116736K, 49% used [0x00000000e0000000,0x00000000e38ab800,0x00000000e7200000)
 Metaspace       used 92154K, capacity 99906K, committed 100096K, reserved 1136640K
  class space    used 10928K, capacity 13301K, committed 13312K, reserved 1048576K
Event: 252.268 GC heap after
Heap after GC invocations=26 (full 4):
 PSYoungGen      total 136192K, used 6916K [0x00000000f5580000, 0x00000000ffe80000, 0x0000000100000000)
  eden space 100352K, 0% used [0x00000000f5580000,0x00000000f5580000,0x00000000fb780000)
  from space 35840K, 19% used [0x00000000fdb80000,0x00000000fe241020,0x00000000ffe80000)
  to   space 36352K, 0% used [0x00000000fb780000,0x00000000fb780000,0x00000000fdb00000)
 ParOldGen       total 116736K, used 58038K [0x00000000e0000000, 0x00000000e7200000, 0x00000000f5580000)
  object space 116736K, 49% used [0x00000000e0000000,0x00000000e38ad800,0x00000000e7200000)
 Metaspace       used 92154K, capacity 99906K, committed 100096K, reserved 1136640K
  class space    used 10928K, capacity 13301K, committed 13312K, reserved 1048576K
}
Event: 252.268 GC heap before
{Heap before GC invocations=27 (full 5):
 PSYoungGen      total 136192K, used 6916K [0x00000000f5580000, 0x00000000ffe80000, 0x0000000100000000)
  eden space 100352K, 0% used [0x00000000f5580000,0x00000000f5580000,0x00000000fb780000)
  from space 35840K, 19% used [0x00000000fdb80000,0x00000000fe241020,0x00000000ffe80000)
  to   space 36352K, 0% used [0x00000000fb780000,0x00000000fb780000,0x00000000fdb00000)
 ParOldGen       total 116736K, used 58038K [0x00000000e0000000, 0x00000000e7200000, 0x00000000f5580000)
  object space 116736K, 49% used [0x00000000e0000000,0x00000000e38ad800,0x00000000e7200000)
 Metaspace       used 92154K, capacity 99906K, committed 100096K, reserved 1136640K
  class space    used 10928K, capacity 13301K, committed 13312K, reserved 1048576K
Event: 252.834 GC heap after
Heap after GC invocations=27 (full 5):
 PSYoungGen      total 136192K, used 0K [0x00000000f5580000, 0x00000000ffe80000, 0x0000000100000000)
  eden space 100352K, 0% used [0x00000000f5580000,0x00000000f5580000,0x00000000fb780000)
  from space 35840K, 0% used [0x00000000fdb80000,0x00000000fdb80000,0x00000000ffe80000)
  to   space 36352K, 0% used [0x00000000fb780000,0x00000000fb780000,0x00000000fdb00000)
 ParOldGen       total 116736K, used 63791K [0x00000000e0000000, 0x00000000e7200000, 0x00000000f5580000)
  object space 116736K, 54% used [0x00000000e0000000,0x00000000e3e4bfc0,0x00000000e7200000)
 Metaspace       used 92154K, capacity 99906K, committed 100096K, reserved 1136640K
  class space    used 10928K, capacity 13301K, committed 13312K, reserved 1048576K
}

