# JRE version: Java(TM) SE Runtime Environment (8.0_66-b18) (build 1.8.0_66-b18)
# Java VM: Java HotSpot(TM) 64-Bit Server VM (25.66-b18 mixed mode windows-amd64 compressed oops)
Heap:
 PSYoungGen      total 112128K, used 68677K [0x00000000f5580000, 0x00000000fe880000, 0x0000000100000000)
  eden space 106496K, 64% used [0x00000000f5580000,0x00000000f9891668,0x00000000fbd80000)
  from space 5632K, 0% used [0x00000000fbd80000,0x00000000fbd80000,0x00000000fc300000)
  to   space 22016K, 0% used [0x00000000fd300000,0x00000000fd300000,0x00000000fe880000)
 ParOldGen       total 116224K, used 72420K [0x00000000e0000000, 0x00000000e7180000, 0x00000000f5580000)
  object space 116224K, 62% used [0x00000000e0000000,0x00000000e46b9320,0x00000000e7180000)
 Metaspace       used 97703K, capacity 105480K, committed 105752K, reserved 1140736K
  class space    used 11576K, capacity 14074K, committed 14120K, reserved 1048576K
GC Heap History (10 events):
Event: 333.647 GC heap before
{Heap before GC invocations=31 (full 7):
 PSYoungGen      total 124928K, used 10621K [0x00000000f5580000, 0x00000000fe780000, 0x0000000100000000)
  eden space 103424K, 0% used [0x00000000f5580000,0x00000000f5580000,0x00000000fba80000)
  from space 21504K, 49% used [0x00000000fd280000,0x00000000fdcdf750,0x00000000fe780000)
  to   space 23040K, 0% used [0x00000000fba80000,0x00000000fba80000,0x00000000fd100000)
 ParOldGen       total 116224K, used 65456K [0x00000000e0000000, 0x00000000e7180000, 0x00000000f5580000)
  object space 116224K, 56% used [0x00000000e0000000,0x00000000e3fec0c8,0x00000000e7180000)
 Metaspace       used 95552K, capacity 103286K, committed 103704K, reserved 1138688K
  class space    used 11402K, capacity 13737K, committed 13864K, reserved 1048576K
Event: 334.074 GC heap after
Heap after GC invocations=31 (full 7):
 PSYoungGen      total 124928K, used 0K [0x00000000f5580000, 0x00000000fe780000, 0x0000000100000000)
  eden space 103424K, 0% used [0x00000000f5580000,0x00000000f5580000,0x00000000fba80000)
  from space 21504K, 0% used [0x00000000fd280000,0x00000000fd280000,0x00000000fe780000)
  to   space 23040K, 0% used [0x00000000fba80000,0x00000000fba80000,0x00000000fd100000)
 ParOldGen       total 116224K, used 73349K [0x00000000e0000000, 0x00000000e7180000, 0x00000000f5580000)
  object space 116224K, 63% used [0x00000000e0000000,0x00000000e47a1518,0x00000000e7180000)
 Metaspace       used 95552K, capacity 103286K, committed 103704K, reserved 1138688K
  class space    used 11402K, capacity 13737K, committed 13864K, reserved 1048576K
}
Event: 362.299 GC heap before
{Heap before GC invocations=32 (full 7):
 PSYoungGen      total 124928K, used 103424K [0x00000000f5580000, 0x00000000fe780000, 0x0000000100000000)
  eden space 103424K, 100% used [0x00000000f5580000,0x00000000fba80000,0x00000000fba80000)
  from space 21504K, 0% used [0x00000000fd280000,0x00000000fd280000,0x00000000fe780000)
  to   space 23040K, 0% used [0x00000000fba80000,0x00000000fba80000,0x00000000fd100000)
 ParOldGen       total 116224K, used 73349K [0x00000000e0000000, 0x00000000e7180000, 0x00000000f5580000)
  object space 116224K, 63% used [0x00000000e0000000,0x00000000e47a1518,0x00000000e7180000)
 Metaspace       used 95773K, capacity 103548K, committed 103960K, reserved 1138688K
  class space    used 11405K, capacity 13738K, committed 13864K, reserved 1048576K
Event: 362.304 GC heap after
Heap after GC invocations=32 (full 7):
 PSYoungGen      total 126464K, used 2112K [0x00000000f5580000, 0x00000000fec00000, 0x0000000100000000)
  eden space 103424K, 0% used [0x00000000f5580000,0x00000000f5580000,0x00000000fba80000)
  from space 23040K, 9% used [0x00000000fba80000,0x00000000fbc90010,0x00000000fd100000)
  to   space 23552K, 0% used [0x00000000fd500000,0x00000000fd500000,0x00000000fec00000)
 ParOldGen       total 116224K, used 73349K [0x00000000e0000000, 0x00000000e7180000, 0x00000000f5580000)
  object space 116224K, 63% used [0x00000000e0000000,0x00000000e47a1518,0x00000000e7180000)
 Metaspace       used 95773K, capacity 103548K, committed 103960K, reserved 1138688K
  class space    used 11405K, capacity 13738K, committed 13864K, reserved 1048576K
}
Event: 401.833 GC heap before
{Heap before GC invocations=33 (full 7):
 PSYoungGen      total 126464K, used 105536K [0x00000000f5580000, 0x00000000fec00000, 0x0000000100000000)
  eden space 103424K, 100% used [0x00000000f5580000,0x00000000fba80000,0x00000000fba80000)
  from space 23040K, 9% used [0x00000000fba80000,0x00000000fbc90010,0x00000000fd100000)
  to   space 23552K, 0% used [0x00000000fd500000,0x00000000fd500000,0x00000000fec00000)
 ParOldGen       total 116224K, used 73349K [0x00000000e0000000, 0x00000000e7180000, 0x00000000f5580000)
  object space 116224K, 63% used [0x00000000e0000000,0x00000000e47a1518,0x00000000e7180000)
 Metaspace       used 96865K, capacity 104588K, committed 104728K, reserved 1140736K
  class space    used 11489K, capacity 13846K, committed 13864K, reserved 1048576K
Event: 401.841 GC heap after
Heap after GC invocations=33 (full 7):
 PSYoungGen      total 128512K, used 5067K [0x00000000f5580000, 0x00000000fea80000, 0x0000000100000000)
  eden space 106496K, 0% used [0x00000000f5580000,0x00000000f5580000,0x00000000fbd80000)
  from space 22016K, 23% used [0x00000000fd500000,0x00000000fd9f2dd8,0x00000000fea80000)
  to   space 23040K, 0% used [0x00000000fbd80000,0x00000000fbd80000,0x00000000fd400000)
 ParOldGen       total 116224K, used 73357K [0x00000000e0000000, 0x00000000e7180000, 0x00000000f5580000)
  object space 116224K, 63% used [0x00000000e0000000,0x00000000e47a3518,0x00000000e7180000)
 Metaspace       used 96865K, capacity 104588K, committed 104728K, reserved 1140736K
  class space    used 11489K, capacity 13846K, committed 13864K, reserved 1048576K
}
Event: 407.250 GC heap before
{Heap before GC invocations=34 (full 7):
 PSYoungGen      total 128512K, used 20144K [0x00000000f5580000, 0x00000000fea80000, 0x0000000100000000)
  eden space 106496K, 14% used [0x00000000f5580000,0x00000000f6439290,0x00000000fbd80000)
  from space 22016K, 23% used [0x00000000fd500000,0x00000000fd9f2dd8,0x00000000fea80000)
  to   space 23040K, 0% used [0x00000000fbd80000,0x00000000fbd80000,0x00000000fd400000)
 ParOldGen       total 116224K, used 73357K [0x00000000e0000000, 0x00000000e7180000, 0x00000000f5580000)
  object space 116224K, 63% used [0x00000000e0000000,0x00000000e47a3518,0x00000000e7180000)
 Metaspace       used 96878K, capacity 104588K, committed 104728K, reserved 1140736K
  class space    used 11489K, capacity 13846K, committed 13864K, reserved 1048576K
Event: 407.261 GC heap after
Heap after GC invocations=34 (full 7):
 PSYoungGen      total 112128K, used 5348K [0x00000000f5580000, 0x00000000fe880000, 0x0000000100000000)
  eden space 106496K, 0% used [0x00000000f5580000,0x00000000f5580000,0x00000000fbd80000)
  from space 5632K, 94% used [0x00000000fbd80000,0x00000000fc2b9378,0x00000000fc300000)
  to   space 22016K, 0% used [0x00000000fd300000,0x00000000fd300000,0x00000000fe880000)
 ParOldGen       total 116224K, used 73365K [0x00000000e0000000, 0x00000000e7180000, 0x00000000f5580000)
  object space 116224K, 63% used [0x00000000e0000000,0x00000000e47a5518,0x00000000e7180000)
 Metaspace       used 96878K, capacity 104588K, committed 104728K, reserved 1140736K
  class space    used 11489K, capacity 13846K, committed 13864K, reserved 1048576K
}
Event: 407.261 GC heap before
{Heap before GC invocations=35 (full 8):
 PSYoungGen      total 112128K, used 5348K [0x00000000f5580000, 0x00000000fe880000, 0x0000000100000000)
  eden space 106496K, 0% used [0x00000000f5580000,0x00000000f5580000,0x00000000fbd80000)
  from space 5632K, 94% used [0x00000000fbd80000,0x00000000fc2b9378,0x00000000fc300000)
  to   space 22016K, 0% used [0x00000000fd300000,0x00000000fd300000,0x00000000fe880000)
 ParOldGen       total 116224K, used 73365K [0x00000000e0000000, 0x00000000e7180000, 0x00000000f5580000)
  object space 116224K, 63% used [0x00000000e0000000,0x00000000e47a5518,0x00000000e7180000)
 Metaspace       used 96878K, capacity 104588K, committed 104728K, reserved 1140736K
  class space    used 11489K, capacity 13846K, committed 13864K, reserved 1048576K
Event: 407.630 GC heap after
Heap after GC invocations=35 (full 8):
 PSYoungGen      total 112128K, used 0K [0x00000000f5580000, 0x00000000fe880000, 0x0000000100000000)
  eden space 106496K, 0% used [0x00000000f5580000,0x00000000f5580000,0x00000000fbd80000)
  from space 5632K, 0% used [0x00000000fbd80000,0x00000000fbd80000,0x00000000fc300000)
  to   space 22016K, 0% used [0x00000000fd300000,0x00000000fd300000,0x00000000fe880000)
 ParOldGen       total 116224K, used 72420K [0x00000000e0000000, 0x00000000e7180000, 0x00000000f5580000)
  object space 116224K, 62% used [0x00000000e0000000,0x00000000e46b9320,0x00000000e7180000)
 Metaspace       used 96878K, capacity 104588K, committed 104728K, reserved 1140736K
  class space    used 11489K, capacity 13846K, committed 13864K, reserved 1048576K
}

