# JRE version: Java(TM) SE Runtime Environment (8.0_66-b18) (build 1.8.0_66-b18)
# Java VM: Java HotSpot(TM) 64-Bit Server VM (25.66-b18 mixed mode windows-amd64 compressed oops)
Heap:
 PSYoungGen      total 139264K, used 62606K [0x00000000f5580000, 0x00000000ffb80000, 0x0000000100000000)
  eden space 110592K, 56% used [0x00000000f5580000,0x00000000f92a3898,0x00000000fc180000)
  from space 28672K, 0% used [0x00000000fdf80000,0x00000000fdf80000,0x00000000ffb80000)
  to   space 29696K, 0% used [0x00000000fc180000,0x00000000fc180000,0x00000000fde80000)
 ParOldGen       total 113664K, used 73275K [0x00000000e0000000, 0x00000000e6f00000, 0x00000000f5580000)
  object space 113664K, 64% used [0x00000000e0000000,0x00000000e478ee10,0x00000000e6f00000)
 Metaspace       used 99053K, capacity 106662K, committed 106752K, reserved 1142784K
  class space    used 11764K, capacity 14264K, committed 14336K, reserved 1048576K
GC Heap History (10 events):
Event: 295.090 GC heap before
{Heap before GC invocations=28 (full 6):
 PSYoungGen      total 137728K, used 101788K [0x00000000f5580000, 0x00000000fff80000, 0x0000000100000000)
  eden space 103936K, 95% used [0x00000000f5580000,0x00000000fb6b5f08,0x00000000fbb00000)
  from space 33792K, 6% used [0x00000000fbb00000,0x00000000fbd31240,0x00000000fdc00000)
  to   space 33280K, 0% used [0x00000000fdf00000,0x00000000fdf00000,0x00000000fff80000)
 ParOldGen       total 113664K, used 68678K [0x00000000e0000000, 0x00000000e6f00000, 0x00000000f5580000)
  object space 113664K, 60% used [0x00000000e0000000,0x00000000e4311940,0x00000000e6f00000)
 Metaspace       used 97512K, capacity 105360K, committed 105600K, reserved 1140736K
  class space    used 11640K, capacity 14095K, committed 14208K, reserved 1048576K
Event: 295.104 GC heap after
Heap after GC invocations=28 (full 6):
 PSYoungGen      total 137728K, used 7159K [0x00000000f5580000, 0x00000000ffc80000, 0x0000000100000000)
  eden space 107520K, 0% used [0x00000000f5580000,0x00000000f5580000,0x00000000fbe80000)
  from space 30208K, 23% used [0x00000000fdf00000,0x00000000fe5fdd68,0x00000000ffc80000)
  to   space 31744K, 0% used [0x00000000fbe80000,0x00000000fbe80000,0x00000000fdd80000)
 ParOldGen       total 113664K, used 68686K [0x00000000e0000000, 0x00000000e6f00000, 0x00000000f5580000)
  object space 113664K, 60% used [0x00000000e0000000,0x00000000e4313940,0x00000000e6f00000)
 Metaspace       used 97512K, capacity 105360K, committed 105600K, reserved 1140736K
  class space    used 11640K, capacity 14095K, committed 14208K, reserved 1048576K
}
Event: 295.104 GC heap before
{Heap before GC invocations=29 (full 7):
 PSYoungGen      total 137728K, used 7159K [0x00000000f5580000, 0x00000000ffc80000, 0x0000000100000000)
  eden space 107520K, 0% used [0x00000000f5580000,0x00000000f5580000,0x00000000fbe80000)
  from space 30208K, 23% used [0x00000000fdf00000,0x00000000fe5fdd68,0x00000000ffc80000)
  to   space 31744K, 0% used [0x00000000fbe80000,0x00000000fbe80000,0x00000000fdd80000)
 ParOldGen       total 113664K, used 68686K [0x00000000e0000000, 0x00000000e6f00000, 0x00000000f5580000)
  object space 113664K, 60% used [0x00000000e0000000,0x00000000e4313940,0x00000000e6f00000)
 Metaspace       used 97512K, capacity 105360K, committed 105600K, reserved 1140736K
  class space    used 11640K, capacity 14095K, committed 14208K, reserved 1048576K
Event: 295.505 GC heap after
Heap after GC invocations=29 (full 7):
 PSYoungGen      total 137728K, used 0K [0x00000000f5580000, 0x00000000ffc80000, 0x0000000100000000)
  eden space 107520K, 0% used [0x00000000f5580000,0x00000000f5580000,0x00000000fbe80000)
  from space 30208K, 0% used [0x00000000fdf00000,0x00000000fdf00000,0x00000000ffc80000)
  to   space 31744K, 0% used [0x00000000fbe80000,0x00000000fbe80000,0x00000000fdd80000)
 ParOldGen       total 113664K, used 74265K [0x00000000e0000000, 0x00000000e6f00000, 0x00000000f5580000)
  object space 113664K, 65% used [0x00000000e0000000,0x00000000e4886450,0x00000000e6f00000)
 Metaspace       used 97512K, capacity 105360K, committed 105600K, reserved 1140736K
  class space    used 11640K, capacity 14095K, committed 14208K, reserved 1048576K
}
Event: 341.479 GC heap before
{Heap before GC invocations=30 (full 7):
 PSYoungGen      total 137728K, used 107520K [0x00000000f5580000, 0x00000000ffc80000, 0x0000000100000000)
  eden space 107520K, 100% used [0x00000000f5580000,0x00000000fbe80000,0x00000000fbe80000)
  from space 30208K, 0% used [0x00000000fdf00000,0x00000000fdf00000,0x00000000ffc80000)
  to   space 31744K, 0% used [0x00000000fbe80000,0x00000000fbe80000,0x00000000fdd80000)
 ParOldGen       total 113664K, used 74265K [0x00000000e0000000, 0x00000000e6f00000, 0x00000000f5580000)
  object space 113664K, 65% used [0x00000000e0000000,0x00000000e4886450,0x00000000e6f00000)
 Metaspace       used 98223K, capacity 106068K, committed 106368K, reserved 1140736K
  class space    used 11684K, capacity 14133K, committed 14208K, reserved 1048576K
Event: 341.487 GC heap after
Heap after GC invocations=30 (full 7):
 PSYoungGen      total 139264K, used 2693K [0x00000000f5580000, 0x00000000ffd80000, 0x0000000100000000)
  eden space 107520K, 0% used [0x00000000f5580000,0x00000000f5580000,0x00000000fbe80000)
  from space 31744K, 8% used [0x00000000fbe80000,0x00000000fc121660,0x00000000fdd80000)
  to   space 30720K, 0% used [0x00000000fdf80000,0x00000000fdf80000,0x00000000ffd80000)
 ParOldGen       total 113664K, used 74273K [0x00000000e0000000, 0x00000000e6f00000, 0x00000000f5580000)
  object space 113664K, 65% used [0x00000000e0000000,0x00000000e4888450,0x00000000e6f00000)
 Metaspace       used 98223K, capacity 106068K, committed 106368K, reserved 1140736K
  class space    used 11684K, capacity 14133K, committed 14208K, reserved 1048576K
}
Event: 356.441 GC heap before
{Heap before GC invocations=31 (full 7):
 PSYoungGen      total 139264K, used 42289K [0x00000000f5580000, 0x00000000ffd80000, 0x0000000100000000)
  eden space 107520K, 36% used [0x00000000f5580000,0x00000000f7c2b0e0,0x00000000fbe80000)
  from space 31744K, 8% used [0x00000000fbe80000,0x00000000fc121660,0x00000000fdd80000)
  to   space 30720K, 0% used [0x00000000fdf80000,0x00000000fdf80000,0x00000000ffd80000)
 ParOldGen       total 113664K, used 74273K [0x00000000e0000000, 0x00000000e6f00000, 0x00000000f5580000)
  object space 113664K, 65% used [0x00000000e0000000,0x00000000e4888450,0x00000000e6f00000)
 Metaspace       used 98287K, capacity 106132K, committed 106368K, reserved 1140736K
  class space    used 11684K, capacity 14133K, committed 14208K, reserved 1048576K
Event: 356.451 GC heap after
Heap after GC invocations=31 (full 7):
 PSYoungGen      total 139264K, used 4019K [0x00000000f5580000, 0x00000000ffb80000, 0x0000000100000000)
  eden space 110592K, 0% used [0x00000000f5580000,0x00000000f5580000,0x00000000fc180000)
  from space 28672K, 14% used [0x00000000fdf80000,0x00000000fe36cd80,0x00000000ffb80000)
  to   space 29696K, 0% used [0x00000000fc180000,0x00000000fc180000,0x00000000fde80000)
 ParOldGen       total 113664K, used 74281K [0x00000000e0000000, 0x00000000e6f00000, 0x00000000f5580000)
  object space 113664K, 65% used [0x00000000e0000000,0x00000000e488a450,0x00000000e6f00000)
 Metaspace       used 98287K, capacity 106132K, committed 106368K, reserved 1140736K
  class space    used 11684K, capacity 14133K, committed 14208K, reserved 1048576K
}
Event: 356.451 GC heap before
{Heap before GC invocations=32 (full 8):
 PSYoungGen      total 139264K, used 4019K [0x00000000f5580000, 0x00000000ffb80000, 0x0000000100000000)
  eden space 110592K, 0% used [0x00000000f5580000,0x00000000f5580000,0x00000000fc180000)
  from space 28672K, 14% used [0x00000000fdf80000,0x00000000fe36cd80,0x00000000ffb80000)
  to   space 29696K, 0% used [0x00000000fc180000,0x00000000fc180000,0x00000000fde80000)
 ParOldGen       total 113664K, used 74281K [0x00000000e0000000, 0x00000000e6f00000, 0x00000000f5580000)
  object space 113664K, 65% used [0x00000000e0000000,0x00000000e488a450,0x00000000e6f00000)
 Metaspace       used 98287K, capacity 106132K, committed 106368K, reserved 1140736K
  class space    used 11684K, capacity 14133K, committed 14208K, reserved 1048576K
Event: 356.899 GC heap after
Heap after GC invocations=32 (full 8):
 PSYoungGen      total 139264K, used 0K [0x00000000f5580000, 0x00000000ffb80000, 0x0000000100000000)
  eden space 110592K, 0% used [0x00000000f5580000,0x00000000f5580000,0x00000000fc180000)
  from space 28672K, 0% used [0x00000000fdf80000,0x00000000fdf80000,0x00000000ffb80000)
  to   space 29696K, 0% used [0x00000000fc180000,0x00000000fc180000,0x00000000fde80000)
 ParOldGen       total 113664K, used 73275K [0x00000000e0000000, 0x00000000e6f00000, 0x00000000f5580000)
  object space 113664K, 64% used [0x00000000e0000000,0x00000000e478ee10,0x00000000e6f00000)
 Metaspace       used 98287K, capacity 106132K, committed 106368K, reserved 1140736K
  class space    used 11684K, capacity 14133K, committed 14208K, reserved 1048576K
}

