# JRE version: Java(TM) SE Runtime Environment (8.0_66-b18) (build 1.8.0_66-b18)
# Java VM: Java HotSpot(TM) 64-Bit Server VM (25.66-b18 mixed mode windows-amd64 compressed oops)
Heap:
 PSYoungGen      total 103936K, used 40744K [0x00000000f5580000, 0x00000000ffa00000, 0x0000000100000000)
  eden space 97792K, 41% used [0x00000000f5580000,0x00000000f7d4a280,0x00000000fb500000)
  from space 6144K, 0% used [0x00000000fb500000,0x00000000fb500000,0x00000000fbb00000)
  to   space 35328K, 0% used [0x00000000fd780000,0x00000000fd780000,0x00000000ffa00000)
 ParOldGen       total 121344K, used 64559K [0x00000000e0000000, 0x00000000e7680000, 0x00000000f5580000)
  object space 121344K, 53% used [0x00000000e0000000,0x00000000e3f0bcb0,0x00000000e7680000)
 Metaspace       used 87703K, capacity 95166K, committed 95400K, reserved 1132544K
  class space    used 10554K, capacity 12945K, committed 12968K, reserved 1048576K
GC Heap History (10 events):
Event: 250.854 GC heap before
{Heap before GC invocations=21 (full 6):
 PSYoungGen      total 135680K, used 5194K [0x00000000f5580000, 0x0000000100000000, 0x0000000100000000)
  eden space 97792K, 5% used [0x00000000f5580000,0x00000000f5a92b18,0x00000000fb500000)
  from space 37888K, 0% used [0x00000000fdb00000,0x00000000fdb00000,0x0000000100000000)
  to   space 38400K, 0% used [0x00000000fb500000,0x00000000fb500000,0x00000000fda80000)
 ParOldGen       total 121344K, used 62967K [0x00000000e0000000, 0x00000000e7680000, 0x00000000f5580000)
  object space 121344K, 51% used [0x00000000e0000000,0x00000000e3d7dd98,0x00000000e7680000)
 Metaspace       used 85631K, capacity 93070K, committed 93224K, reserved 1130496K
  class space    used 10410K, capacity 12719K, committed 12840K, reserved 1048576K
Event: 250.859 GC heap after
Heap after GC invocations=21 (full 6):
 PSYoungGen      total 136192K, used 128K [0x00000000f5580000, 0x0000000100000000, 0x0000000100000000)
  eden space 97792K, 0% used [0x00000000f5580000,0x00000000f5580000,0x00000000fb500000)
  from space 38400K, 0% used [0x00000000fb500000,0x00000000fb520000,0x00000000fda80000)
  to   space 38400K, 0% used [0x00000000fda80000,0x00000000fda80000,0x0000000100000000)
 ParOldGen       total 121344K, used 62967K [0x00000000e0000000, 0x00000000e7680000, 0x00000000f5580000)
  object space 121344K, 51% used [0x00000000e0000000,0x00000000e3d7dd98,0x00000000e7680000)
 Metaspace       used 85631K, capacity 93070K, committed 93224K, reserved 1130496K
  class space    used 10410K, capacity 12719K, committed 12840K, reserved 1048576K
}
Event: 250.859 GC heap before
{Heap before GC invocations=22 (full 7):
 PSYoungGen      total 136192K, used 128K [0x00000000f5580000, 0x0000000100000000, 0x0000000100000000)
  eden space 97792K, 0% used [0x00000000f5580000,0x00000000f5580000,0x00000000fb500000)
  from space 38400K, 0% used [0x00000000fb500000,0x00000000fb520000,0x00000000fda80000)
  to   space 38400K, 0% used [0x00000000fda80000,0x00000000fda80000,0x0000000100000000)
 ParOldGen       total 121344K, used 62967K [0x00000000e0000000, 0x00000000e7680000, 0x00000000f5580000)
  object space 121344K, 51% used [0x00000000e0000000,0x00000000e3d7dd98,0x00000000e7680000)
 Metaspace       used 85631K, capacity 93070K, committed 93224K, reserved 1130496K
  class space    used 10410K, capacity 12719K, committed 12840K, reserved 1048576K
Event: 251.065 GC heap after
Heap after GC invocations=22 (full 7):
 PSYoungGen      total 136192K, used 0K [0x00000000f5580000, 0x0000000100000000, 0x0000000100000000)
  eden space 97792K, 0% used [0x00000000f5580000,0x00000000f5580000,0x00000000fb500000)
  from space 38400K, 0% used [0x00000000fb500000,0x00000000fb500000,0x00000000fda80000)
  to   space 38400K, 0% used [0x00000000fda80000,0x00000000fda80000,0x0000000100000000)
 ParOldGen       total 121344K, used 62961K [0x00000000e0000000, 0x00000000e7680000, 0x00000000f5580000)
  object space 121344K, 51% used [0x00000000e0000000,0x00000000e3d7c500,0x00000000e7680000)
 Metaspace       used 85631K, capacity 93070K, committed 93224K, reserved 1130496K
  class space    used 10410K, capacity 12719K, committed 12840K, reserved 1048576K
}
Event: 315.627 GC heap before
{Heap before GC invocations=23 (full 7):
 PSYoungGen      total 136192K, used 97792K [0x00000000f5580000, 0x0000000100000000, 0x0000000100000000)
  eden space 97792K, 100% used [0x00000000f5580000,0x00000000fb500000,0x00000000fb500000)
  from space 38400K, 0% used [0x00000000fb500000,0x00000000fb500000,0x00000000fda80000)
  to   space 38400K, 0% used [0x00000000fda80000,0x00000000fda80000,0x0000000100000000)
 ParOldGen       total 121344K, used 62961K [0x00000000e0000000, 0x00000000e7680000, 0x00000000f5580000)
  object space 121344K, 51% used [0x00000000e0000000,0x00000000e3d7c500,0x00000000e7680000)
 Metaspace       used 86627K, capacity 93902K, committed 94248K, reserved 1130496K
  class space    used 10446K, capacity 12719K, committed 12840K, reserved 1048576K
Event: 315.635 GC heap after
Heap after GC invocations=23 (full 7):
 PSYoungGen      total 134144K, used 3565K [0x00000000f5580000, 0x00000000ffe00000, 0x0000000100000000)
  eden space 97792K, 0% used [0x00000000f5580000,0x00000000f5580000,0x00000000fb500000)
  from space 36352K, 9% used [0x00000000fda80000,0x00000000fddfb4a8,0x00000000ffe00000)
  to   space 37376K, 0% used [0x00000000fb500000,0x00000000fb500000,0x00000000fd980000)
 ParOldGen       total 121344K, used 63033K [0x00000000e0000000, 0x00000000e7680000, 0x00000000f5580000)
  object space 121344K, 51% used [0x00000000e0000000,0x00000000e3d8e510,0x00000000e7680000)
 Metaspace       used 86627K, capacity 93902K, committed 94248K, reserved 1130496K
  class space    used 10446K, capacity 12719K, committed 12840K, reserved 1048576K
}
Event: 332.191 GC heap before
{Heap before GC invocations=24 (full 7):
 PSYoungGen      total 134144K, used 47435K [0x00000000f5580000, 0x00000000ffe00000, 0x0000000100000000)
  eden space 97792K, 44% used [0x00000000f5580000,0x00000000f8057870,0x00000000fb500000)
  from space 36352K, 9% used [0x00000000fda80000,0x00000000fddfb4a8,0x00000000ffe00000)
  to   space 37376K, 0% used [0x00000000fb500000,0x00000000fb500000,0x00000000fd980000)
 ParOldGen       total 121344K, used 63033K [0x00000000e0000000, 0x00000000e7680000, 0x00000000f5580000)
  object space 121344K, 51% used [0x00000000e0000000,0x00000000e3d8e510,0x00000000e7680000)
 Metaspace       used 86790K, capacity 94074K, committed 94248K, reserved 1130496K
  class space    used 10454K, capacity 12753K, committed 12840K, reserved 1048576K
Event: 332.204 GC heap after
Heap after GC invocations=24 (full 7):
 PSYoungGen      total 103936K, used 5813K [0x00000000f5580000, 0x00000000ffa00000, 0x0000000100000000)
  eden space 97792K, 0% used [0x00000000f5580000,0x00000000f5580000,0x00000000fb500000)
  from space 6144K, 94% used [0x00000000fb500000,0x00000000fbaad4c8,0x00000000fbb00000)
  to   space 35328K, 0% used [0x00000000fd780000,0x00000000fd780000,0x00000000ffa00000)
 ParOldGen       total 121344K, used 63041K [0x00000000e0000000, 0x00000000e7680000, 0x00000000f5580000)
  object space 121344K, 51% used [0x00000000e0000000,0x00000000e3d90510,0x00000000e7680000)
 Metaspace       used 86790K, capacity 94074K, committed 94248K, reserved 1130496K
  class space    used 10454K, capacity 12753K, committed 12840K, reserved 1048576K
}
Event: 332.204 GC heap before
{Heap before GC invocations=25 (full 8):
 PSYoungGen      total 103936K, used 5813K [0x00000000f5580000, 0x00000000ffa00000, 0x0000000100000000)
  eden space 97792K, 0% used [0x00000000f5580000,0x00000000f5580000,0x00000000fb500000)
  from space 6144K, 94% used [0x00000000fb500000,0x00000000fbaad4c8,0x00000000fbb00000)
  to   space 35328K, 0% used [0x00000000fd780000,0x00000000fd780000,0x00000000ffa00000)
 ParOldGen       total 121344K, used 63041K [0x00000000e0000000, 0x00000000e7680000, 0x00000000f5580000)
  object space 121344K, 51% used [0x00000000e0000000,0x00000000e3d90510,0x00000000e7680000)
 Metaspace       used 86790K, capacity 94074K, committed 94248K, reserved 1130496K
  class space    used 10454K, capacity 12753K, committed 12840K, reserved 1048576K
Event: 332.532 GC heap after
Heap after GC invocations=25 (full 8):
 PSYoungGen      total 103936K, used 0K [0x00000000f5580000, 0x00000000ffa00000, 0x0000000100000000)
  eden space 97792K, 0% used [0x00000000f5580000,0x00000000f5580000,0x00000000fb500000)
  from space 6144K, 0% used [0x00000000fb500000,0x00000000fb500000,0x00000000fbb00000)
  to   space 35328K, 0% used [0x00000000fd780000,0x00000000fd780000,0x00000000ffa00000)
 ParOldGen       total 121344K, used 64559K [0x00000000e0000000, 0x00000000e7680000, 0x00000000f5580000)
  object space 121344K, 53% used [0x00000000e0000000,0x00000000e3f0bcb0,0x00000000e7680000)
 Metaspace       used 86790K, capacity 94074K, committed 94248K, reserved 1130496K
  class space    used 10454K, capacity 12753K, committed 12840K, reserved 1048576K
}

