# JRE version: Java(TM) SE Runtime Environment (8.0_66-b18) (build 1.8.0_66-b18)
# Java VM: Java HotSpot(TM) 64-Bit Server VM (25.66-b18 mixed mode windows-amd64 compressed oops)
Heap:
 PSYoungGen      total 111616K, used 31738K [0x00000000f5580000, 0x00000000fdf80000, 0x0000000100000000)
  eden space 84992K, 37% used [0x00000000f5580000,0x00000000f747ebb8,0x00000000fa880000)
  from space 26624K, 0% used [0x00000000fc580000,0x00000000fc580000,0x00000000fdf80000)
  to   space 28160K, 0% used [0x00000000fa880000,0x00000000fa880000,0x00000000fc400000)
 ParOldGen       total 113664K, used 45364K [0x00000000e0000000, 0x00000000e6f00000, 0x00000000f5580000)
  object space 113664K, 39% used [0x00000000e0000000,0x00000000e2c4d090,0x00000000e6f00000)
 Metaspace       used 82842K, capacity 90478K, committed 90904K, reserved 1128448K
  class space    used 9883K, capacity 12276K, committed 12336K, reserved 1048576K
GC Heap History (10 events):
Event: 442.285 GC heap before
{Heap before GC invocations=30 (full 10):
 PSYoungGen      total 114176K, used 2449K [0x00000000f5580000, 0x00000000fe380000, 0x0000000100000000)
  eden space 84992K, 0% used [0x00000000f5580000,0x00000000f5580000,0x00000000fa880000)
  from space 29184K, 8% used [0x00000000fc700000,0x00000000fc9647f8,0x00000000fe380000)
  to   space 30208K, 0% used [0x00000000fa880000,0x00000000fa880000,0x00000000fc600000)
 ParOldGen       total 113664K, used 57492K [0x00000000e0000000, 0x00000000e6f00000, 0x00000000f5580000)
  object space 113664K, 50% used [0x00000000e0000000,0x00000000e3825140,0x00000000e6f00000)
 Metaspace       used 81746K, capacity 89180K, committed 89368K, reserved 1126400K
  class space    used 9794K, capacity 12069K, committed 12080K, reserved 1048576K
Event: 442.453 GC heap after
Heap after GC invocations=30 (full 10):
 PSYoungGen      total 114176K, used 0K [0x00000000f5580000, 0x00000000fe380000, 0x0000000100000000)
  eden space 84992K, 0% used [0x00000000f5580000,0x00000000f5580000,0x00000000fa880000)
  from space 29184K, 0% used [0x00000000fc700000,0x00000000fc700000,0x00000000fe380000)
  to   space 30208K, 0% used [0x00000000fa880000,0x00000000fa880000,0x00000000fc600000)
 ParOldGen       total 113664K, used 57901K [0x00000000e0000000, 0x00000000e6f00000, 0x00000000f5580000)
  object space 113664K, 50% used [0x00000000e0000000,0x00000000e388b768,0x00000000e6f00000)
 Metaspace       used 81746K, capacity 89180K, committed 89368K, reserved 1126400K
  class space    used 9794K, capacity 12069K, committed 12080K, reserved 1048576K
}
Event: 502.290 GC heap before
{Heap before GC invocations=31 (full 10):
 PSYoungGen      total 114176K, used 9463K [0x00000000f5580000, 0x00000000fe380000, 0x0000000100000000)
  eden space 84992K, 11% used [0x00000000f5580000,0x00000000f5ebdcf8,0x00000000fa880000)
  from space 29184K, 0% used [0x00000000fc700000,0x00000000fc700000,0x00000000fe380000)
  to   space 30208K, 0% used [0x00000000fa880000,0x00000000fa880000,0x00000000fc600000)
 ParOldGen       total 113664K, used 57901K [0x00000000e0000000, 0x00000000e6f00000, 0x00000000f5580000)
  object space 113664K, 50% used [0x00000000e0000000,0x00000000e388b768,0x00000000e6f00000)
 Metaspace       used 81865K, capacity 89442K, committed 89624K, reserved 1126400K
  class space    used 9806K, capacity 12070K, committed 12080K, reserved 1048576K
Event: 502.296 GC heap after
Heap after GC invocations=31 (full 10):
 PSYoungGen      total 85504K, used 440K [0x00000000f5580000, 0x00000000fe280000, 0x0000000100000000)
  eden space 84992K, 0% used [0x00000000f5580000,0x00000000f5580000,0x00000000fa880000)
  from space 512K, 85% used [0x00000000fa880000,0x00000000fa8ee110,0x00000000fa900000)
  to   space 29696K, 0% used [0x00000000fc580000,0x00000000fc580000,0x00000000fe280000)
 ParOldGen       total 113664K, used 57909K [0x00000000e0000000, 0x00000000e6f00000, 0x00000000f5580000)
  object space 113664K, 50% used [0x00000000e0000000,0x00000000e388d768,0x00000000e6f00000)
 Metaspace       used 81865K, capacity 89442K, committed 89624K, reserved 1126400K
  class space    used 9806K, capacity 12070K, committed 12080K, reserved 1048576K
}
Event: 502.296 GC heap before
{Heap before GC invocations=32 (full 11):
 PSYoungGen      total 85504K, used 440K [0x00000000f5580000, 0x00000000fe280000, 0x0000000100000000)
  eden space 84992K, 0% used [0x00000000f5580000,0x00000000f5580000,0x00000000fa880000)
  from space 512K, 85% used [0x00000000fa880000,0x00000000fa8ee110,0x00000000fa900000)
  to   space 29696K, 0% used [0x00000000fc580000,0x00000000fc580000,0x00000000fe280000)
 ParOldGen       total 113664K, used 57909K [0x00000000e0000000, 0x00000000e6f00000, 0x00000000f5580000)
  object space 113664K, 50% used [0x00000000e0000000,0x00000000e388d768,0x00000000e6f00000)
 Metaspace       used 81865K, capacity 89442K, committed 89624K, reserved 1126400K
  class space    used 9806K, capacity 12070K, committed 12080K, reserved 1048576K
Event: 502.578 GC heap after
Heap after GC invocations=32 (full 11):
 PSYoungGen      total 85504K, used 0K [0x00000000f5580000, 0x00000000fe280000, 0x0000000100000000)
  eden space 84992K, 0% used [0x00000000f5580000,0x00000000f5580000,0x00000000fa880000)
  from space 512K, 0% used [0x00000000fa880000,0x00000000fa880000,0x00000000fa900000)
  to   space 29696K, 0% used [0x00000000fc580000,0x00000000fc580000,0x00000000fe280000)
 ParOldGen       total 113664K, used 45526K [0x00000000e0000000, 0x00000000e6f00000, 0x00000000f5580000)
  object space 113664K, 40% used [0x00000000e0000000,0x00000000e2c75a00,0x00000000e6f00000)
 Metaspace       used 81802K, capacity 89336K, committed 89624K, reserved 1126400K
  class space    used 9795K, capacity 12049K, committed 12080K, reserved 1048576K
}
Event: 573.574 GC heap before
{Heap before GC invocations=33 (full 11):
 PSYoungGen      total 85504K, used 82572K [0x00000000f5580000, 0x00000000fe280000, 0x0000000100000000)
  eden space 84992K, 97% used [0x00000000f5580000,0x00000000fa6232c0,0x00000000fa880000)
  from space 512K, 0% used [0x00000000fa880000,0x00000000fa880000,0x00000000fa900000)
  to   space 29696K, 0% used [0x00000000fc580000,0x00000000fc580000,0x00000000fe280000)
 ParOldGen       total 113664K, used 45526K [0x00000000e0000000, 0x00000000e6f00000, 0x00000000f5580000)
  object space 113664K, 40% used [0x00000000e0000000,0x00000000e2c75a00,0x00000000e6f00000)
 Metaspace       used 82057K, capacity 89668K, committed 89880K, reserved 1126400K
  class space    used 9796K, capacity 12051K, committed 12080K, reserved 1048576K
Event: 573.584 GC heap after
Heap after GC invocations=33 (full 11):
 PSYoungGen      total 111616K, used 2897K [0x00000000f5580000, 0x00000000fdf80000, 0x0000000100000000)
  eden space 84992K, 0% used [0x00000000f5580000,0x00000000f5580000,0x00000000fa880000)
  from space 26624K, 10% used [0x00000000fc580000,0x00000000fc854420,0x00000000fdf80000)
  to   space 28160K, 0% used [0x00000000fa880000,0x00000000fa880000,0x00000000fc400000)
 ParOldGen       total 113664K, used 45534K [0x00000000e0000000, 0x00000000e6f00000, 0x00000000f5580000)
  object space 113664K, 40% used [0x00000000e0000000,0x00000000e2c77a00,0x00000000e6f00000)
 Metaspace       used 82057K, capacity 89668K, committed 89880K, reserved 1126400K
  class space    used 9796K, capacity 12051K, committed 12080K, reserved 1048576K
}
Event: 573.584 GC heap before
{Heap before GC invocations=34 (full 12):
 PSYoungGen      total 111616K, used 2897K [0x00000000f5580000, 0x00000000fdf80000, 0x0000000100000000)
  eden space 84992K, 0% used [0x00000000f5580000,0x00000000f5580000,0x00000000fa880000)
  from space 26624K, 10% used [0x00000000fc580000,0x00000000fc854420,0x00000000fdf80000)
  to   space 28160K, 0% used [0x00000000fa880000,0x00000000fa880000,0x00000000fc400000)
 ParOldGen       total 113664K, used 45534K [0x00000000e0000000, 0x00000000e6f00000, 0x00000000f5580000)
  object space 113664K, 40% used [0x00000000e0000000,0x00000000e2c77a00,0x00000000e6f00000)
 Metaspace       used 82057K, capacity 89668K, committed 89880K, reserved 1126400K
  class space    used 9796K, capacity 12051K, committed 12080K, reserved 1048576K
Event: 573.850 GC heap after
Heap after GC invocations=34 (full 12):
 PSYoungGen      total 111616K, used 0K [0x00000000f5580000, 0x00000000fdf80000, 0x0000000100000000)
  eden space 84992K, 0% used [0x00000000f5580000,0x00000000f5580000,0x00000000fa880000)
  from space 26624K, 0% used [0x00000000fc580000,0x00000000fc580000,0x00000000fdf80000)
  to   space 28160K, 0% used [0x00000000fa880000,0x00000000fa880000,0x00000000fc400000)
 ParOldGen       total 113664K, used 45364K [0x00000000e0000000, 0x00000000e6f00000, 0x00000000f5580000)
  object space 113664K, 39% used [0x00000000e0000000,0x00000000e2c4d090,0x00000000e6f00000)
 Metaspace       used 82057K, capacity 89668K, committed 89880K, reserved 1126400K
  class space    used 9796K, capacity 12051K, committed 12080K, reserved 1048576K
}

