# JRE version: Java(TM) SE Runtime Environment (8.0_66-b18) (build 1.8.0_66-b18)
# Java VM: Java HotSpot(TM) 64-Bit Server VM (25.66-b18 mixed mode windows-amd64 compressed oops)
Heap:
 PSYoungGen      total 130048K, used 33942K [0x00000000f5580000, 0x0000000100000000, 0x0000000100000000)
  eden space 99840K, 33% used [0x00000000f5580000,0x00000000f76a5878,0x00000000fb700000)
  from space 30208K, 0% used [0x00000000fb700000,0x00000000fb700000,0x00000000fd480000)
  to   space 40448K, 0% used [0x00000000fd880000,0x00000000fd880000,0x0000000100000000)
 ParOldGen       total 108032K, used 65104K [0x00000000e0000000, 0x00000000e6980000, 0x00000000f5580000)
  object space 108032K, 60% used [0x00000000e0000000,0x00000000e3f94110,0x00000000e6980000)
 Metaspace       used 84766K, capacity 92222K, committed 92632K, reserved 1128448K
  class space    used 10248K, capacity 12673K, committed 12800K, reserved 1048576K
GC Heap History (10 events):
Event: 8.784 GC heap before
{Heap before GC invocations=11 (full 3):
 PSYoungGen      total 145920K, used 17156K [0x00000000f5580000, 0x0000000100000000, 0x0000000100000000)
  eden space 119296K, 0% used [0x00000000f5580000,0x00000000f5580000,0x00000000fca00000)
  from space 26624K, 64% used [0x00000000fe600000,0x00000000ff6c1198,0x0000000100000000)
  to   space 27648K, 0% used [0x00000000fca00000,0x00000000fca00000,0x00000000fe500000)
 ParOldGen       total 87552K, used 35842K [0x00000000e0000000, 0x00000000e5580000, 0x00000000f5580000)
  object space 87552K, 40% used [0x00000000e0000000,0x00000000e2300b48,0x00000000e5580000)
 Metaspace       used 54262K, capacity 58862K, committed 59028K, reserved 1099776K
  class space    used 6400K, capacity 7888K, committed 7936K, reserved 1048576K
Event: 9.041 GC heap after
Heap after GC invocations=11 (full 3):
 PSYoungGen      total 145920K, used 0K [0x00000000f5580000, 0x0000000100000000, 0x0000000100000000)
  eden space 119296K, 0% used [0x00000000f5580000,0x00000000f5580000,0x00000000fca00000)
  from space 26624K, 0% used [0x00000000fe600000,0x00000000fe600000,0x0000000100000000)
  to   space 27648K, 0% used [0x00000000fca00000,0x00000000fca00000,0x00000000fe500000)
 ParOldGen       total 108032K, used 39484K [0x00000000e0000000, 0x00000000e6980000, 0x00000000f5580000)
  object space 108032K, 36% used [0x00000000e0000000,0x00000000e268f240,0x00000000e6980000)
 Metaspace       used 54262K, capacity 58862K, committed 59028K, reserved 1099776K
  class space    used 6400K, capacity 7888K, committed 7936K, reserved 1048576K
}
Event: 11.944 GC heap before
{Heap before GC invocations=12 (full 3):
 PSYoungGen      total 145920K, used 119296K [0x00000000f5580000, 0x0000000100000000, 0x0000000100000000)
  eden space 119296K, 100% used [0x00000000f5580000,0x00000000fca00000,0x00000000fca00000)
  from space 26624K, 0% used [0x00000000fe600000,0x00000000fe600000,0x0000000100000000)
  to   space 27648K, 0% used [0x00000000fca00000,0x00000000fca00000,0x00000000fe500000)
 ParOldGen       total 108032K, used 39484K [0x00000000e0000000, 0x00000000e6980000, 0x00000000f5580000)
  object space 108032K, 36% used [0x00000000e0000000,0x00000000e268f240,0x00000000e6980000)
 Metaspace       used 66733K, capacity 72080K, committed 72152K, reserved 1112064K
  class space    used 8059K, capacity 9721K, committed 9728K, reserved 1048576K
Event: 11.970 GC heap after
Heap after GC invocations=12 (full 3):
 PSYoungGen      total 146432K, used 27010K [0x00000000f5580000, 0x0000000100000000, 0x0000000100000000)
  eden space 119296K, 0% used [0x00000000f5580000,0x00000000f5580000,0x00000000fca00000)
  from space 27136K, 99% used [0x00000000fca00000,0x00000000fe460a80,0x00000000fe480000)
  to   space 28160K, 0% used [0x00000000fe480000,0x00000000fe480000,0x0000000100000000)
 ParOldGen       total 108032K, used 39492K [0x00000000e0000000, 0x00000000e6980000, 0x00000000f5580000)
  object space 108032K, 36% used [0x00000000e0000000,0x00000000e2691240,0x00000000e6980000)
 Metaspace       used 66733K, capacity 72080K, committed 72152K, reserved 1112064K
  class space    used 8059K, capacity 9721K, committed 9728K, reserved 1048576K
}
Event: 44.316 GC heap before
{Heap before GC invocations=13 (full 3):
 PSYoungGen      total 146432K, used 146306K [0x00000000f5580000, 0x0000000100000000, 0x0000000100000000)
  eden space 119296K, 100% used [0x00000000f5580000,0x00000000fca00000,0x00000000fca00000)
  from space 27136K, 99% used [0x00000000fca00000,0x00000000fe460a80,0x00000000fe480000)
  to   space 28160K, 0% used [0x00000000fe480000,0x00000000fe480000,0x0000000100000000)
 ParOldGen       total 108032K, used 39492K [0x00000000e0000000, 0x00000000e6980000, 0x00000000f5580000)
  object space 108032K, 36% used [0x00000000e0000000,0x00000000e2691240,0x00000000e6980000)
 Metaspace       used 79502K, capacity 86100K, committed 86488K, reserved 1124352K
  class space    used 9616K, capacity 11706K, committed 11776K, reserved 1048576K
Event: 44.348 GC heap after
Heap after GC invocations=13 (full 3):
 PSYoungGen      total 128000K, used 28139K [0x00000000f5580000, 0x0000000100000000, 0x0000000100000000)
  eden space 99840K, 0% used [0x00000000f5580000,0x00000000f5580000,0x00000000fb700000)
  from space 28160K, 99% used [0x00000000fe480000,0x00000000ffffaf48,0x0000000100000000)
  to   space 37376K, 0% used [0x00000000fb700000,0x00000000fb700000,0x00000000fdb80000)
 ParOldGen       total 108032K, used 44166K [0x00000000e0000000, 0x00000000e6980000, 0x00000000f5580000)
  object space 108032K, 40% used [0x00000000e0000000,0x00000000e2b21a18,0x00000000e6980000)
 Metaspace       used 79502K, capacity 86100K, committed 86488K, reserved 1124352K
  class space    used 9616K, capacity 11706K, committed 11776K, reserved 1048576K
}
Event: 73.661 GC heap before
{Heap before GC invocations=14 (full 3):
 PSYoungGen      total 128000K, used 118215K [0x00000000f5580000, 0x0000000100000000, 0x0000000100000000)
  eden space 99840K, 90% used [0x00000000f5580000,0x00000000fad770a8,0x00000000fb700000)
  from space 28160K, 99% used [0x00000000fe480000,0x00000000ffffaf48,0x0000000100000000)
  to   space 37376K, 0% used [0x00000000fb700000,0x00000000fb700000,0x00000000fdb80000)
 ParOldGen       total 108032K, used 44166K [0x00000000e0000000, 0x00000000e6980000, 0x00000000f5580000)
  object space 108032K, 40% used [0x00000000e0000000,0x00000000e2b21a18,0x00000000e6980000)
 Metaspace       used 83439K, capacity 90778K, committed 91096K, reserved 1128448K
  class space    used 10110K, capacity 12449K, committed 12544K, reserved 1048576K
Event: 73.710 GC heap after
Heap after GC invocations=14 (full 3):
 PSYoungGen      total 130048K, used 29948K [0x00000000f5580000, 0x0000000100000000, 0x0000000100000000)
  eden space 99840K, 0% used [0x00000000f5580000,0x00000000f5580000,0x00000000fb700000)
  from space 30208K, 99% used [0x00000000fb700000,0x00000000fd43f2c8,0x00000000fd480000)
  to   space 40448K, 0% used [0x00000000fd880000,0x00000000fd880000,0x0000000100000000)
 ParOldGen       total 108032K, used 44193K [0x00000000e0000000, 0x00000000e6980000, 0x00000000f5580000)
  object space 108032K, 40% used [0x00000000e0000000,0x00000000e2b28668,0x00000000e6980000)
 Metaspace       used 83439K, capacity 90778K, committed 91096K, reserved 1128448K
  class space    used 10110K, capacity 12449K, committed 12544K, reserved 1048576K
}
Event: 73.710 GC heap before
{Heap before GC invocations=15 (full 4):
 PSYoungGen      total 130048K, used 29948K [0x00000000f5580000, 0x0000000100000000, 0x0000000100000000)
  eden space 99840K, 0% used [0x00000000f5580000,0x00000000f5580000,0x00000000fb700000)
  from space 30208K, 99% used [0x00000000fb700000,0x00000000fd43f2c8,0x00000000fd480000)
  to   space 40448K, 0% used [0x00000000fd880000,0x00000000fd880000,0x0000000100000000)
 ParOldGen       total 108032K, used 44193K [0x00000000e0000000, 0x00000000e6980000, 0x00000000f5580000)
  object space 108032K, 40% used [0x00000000e0000000,0x00000000e2b28668,0x00000000e6980000)
 Metaspace       used 83439K, capacity 90778K, committed 91096K, reserved 1128448K
  class space    used 10110K, capacity 12449K, committed 12544K, reserved 1048576K
Event: 74.097 GC heap after
Heap after GC invocations=15 (full 4):
 PSYoungGen      total 130048K, used 0K [0x00000000f5580000, 0x0000000100000000, 0x0000000100000000)
  eden space 99840K, 0% used [0x00000000f5580000,0x00000000f5580000,0x00000000fb700000)
  from space 30208K, 0% used [0x00000000fb700000,0x00000000fb700000,0x00000000fd480000)
  to   space 40448K, 0% used [0x00000000fd880000,0x00000000fd880000,0x0000000100000000)
 ParOldGen       total 108032K, used 65104K [0x00000000e0000000, 0x00000000e6980000, 0x00000000f5580000)
  object space 108032K, 60% used [0x00000000e0000000,0x00000000e3f94110,0x00000000e6980000)
 Metaspace       used 83439K, capacity 90778K, committed 91096K, reserved 1128448K
  class space    used 10110K, capacity 12449K, committed 12544K, reserved 1048576K
}

