# JRE version: Java(TM) SE Runtime Environment (8.0_66-b18) (build 1.8.0_66-b18)
# Java VM: Java HotSpot(TM) 64-Bit Server VM (25.66-b18 mixed mode windows-amd64 compressed oops)
Heap:
 PSYoungGen      total 87552K, used 36250K [0x00000000f5580000, 0x00000000fb000000, 0x0000000100000000)
  eden space 83456K, 43% used [0x00000000f5580000,0x00000000f78e6978,0x00000000fa700000)
  from space 4096K, 0% used [0x00000000fac00000,0x00000000fac00000,0x00000000fb000000)
  to   space 4608K, 0% used [0x00000000fa700000,0x00000000fa700000,0x00000000fab80000)
 ParOldGen       total 111616K, used 41290K [0x00000000e0000000, 0x00000000e6d00000, 0x00000000f5580000)
  object space 111616K, 36% used [0x00000000e0000000,0x00000000e2852a58,0x00000000e6d00000)
 Metaspace       used 76472K, capacity 83540K, committed 83800K, reserved 1122304K
  class space    used 9120K, capacity 11528K, committed 11608K, reserved 1048576K
GC Heap History (10 events):
Event: 2104.612 GC heap before
{Heap before GC invocations=84 (full 38):
 PSYoungGen      total 89088K, used 128K [0x00000000f5580000, 0x00000000fb200000, 0x0000000100000000)
  eden space 83456K, 0% used [0x00000000f5580000,0x00000000f5580000,0x00000000fa700000)
  from space 5632K, 2% used [0x00000000fac80000,0x00000000faca0000,0x00000000fb200000)
  to   space 5632K, 0% used [0x00000000fa700000,0x00000000fa700000,0x00000000fac80000)
 ParOldGen       total 111616K, used 41299K [0x00000000e0000000, 0x00000000e6d00000, 0x00000000f5580000)
  object space 111616K, 37% used [0x00000000e0000000,0x00000000e2854c58,0x00000000e6d00000)
 Metaspace       used 75671K, capacity 82730K, committed 83160K, reserved 1120256K
  class space    used 9038K, capacity 11367K, committed 11480K, reserved 1048576K
Event: 2104.719 GC heap after
Heap after GC invocations=84 (full 38):
 PSYoungGen      total 89088K, used 0K [0x00000000f5580000, 0x00000000fb200000, 0x0000000100000000)
  eden space 83456K, 0% used [0x00000000f5580000,0x00000000f5580000,0x00000000fa700000)
  from space 5632K, 0% used [0x00000000fac80000,0x00000000fac80000,0x00000000fb200000)
  to   space 5632K, 0% used [0x00000000fa700000,0x00000000fa700000,0x00000000fac80000)
 ParOldGen       total 111616K, used 41286K [0x00000000e0000000, 0x00000000e6d00000, 0x00000000f5580000)
  object space 111616K, 36% used [0x00000000e0000000,0x00000000e2851b98,0x00000000e6d00000)
 Metaspace       used 75671K, capacity 82730K, committed 83160K, reserved 1120256K
  class space    used 9038K, capacity 11367K, committed 11480K, reserved 1048576K
}
Event: 2164.616 GC heap before
{Heap before GC invocations=85 (full 38):
 PSYoungGen      total 89088K, used 11589K [0x00000000f5580000, 0x00000000fb200000, 0x0000000100000000)
  eden space 83456K, 13% used [0x00000000f5580000,0x00000000f60d1598,0x00000000fa700000)
  from space 5632K, 0% used [0x00000000fac80000,0x00000000fac80000,0x00000000fb200000)
  to   space 5632K, 0% used [0x00000000fa700000,0x00000000fa700000,0x00000000fac80000)
 ParOldGen       total 111616K, used 41286K [0x00000000e0000000, 0x00000000e6d00000, 0x00000000f5580000)
  object space 111616K, 36% used [0x00000000e0000000,0x00000000e2851b98,0x00000000e6d00000)
 Metaspace       used 75695K, capacity 82736K, committed 83160K, reserved 1120256K
  class space    used 9038K, capacity 11368K, committed 11480K, reserved 1048576K
Event: 2164.621 GC heap after
Heap after GC invocations=85 (full 38):
 PSYoungGen      total 83968K, used 448K [0x00000000f5580000, 0x00000000fb100000, 0x0000000100000000)
  eden space 83456K, 0% used [0x00000000f5580000,0x00000000f5580000,0x00000000fa700000)
  from space 512K, 87% used [0x00000000fa700000,0x00000000fa770000,0x00000000fa780000)
  to   space 5120K, 0% used [0x00000000fac00000,0x00000000fac00000,0x00000000fb100000)
 ParOldGen       total 111616K, used 41286K [0x00000000e0000000, 0x00000000e6d00000, 0x00000000f5580000)
  object space 111616K, 36% used [0x00000000e0000000,0x00000000e2851b98,0x00000000e6d00000)
 Metaspace       used 75695K, capacity 82736K, committed 83160K, reserved 1120256K
  class space    used 9038K, capacity 11368K, committed 11480K, reserved 1048576K
}
Event: 2164.621 GC heap before
{Heap before GC invocations=86 (full 39):
 PSYoungGen      total 83968K, used 448K [0x00000000f5580000, 0x00000000fb100000, 0x0000000100000000)
  eden space 83456K, 0% used [0x00000000f5580000,0x00000000f5580000,0x00000000fa700000)
  from space 512K, 87% used [0x00000000fa700000,0x00000000fa770000,0x00000000fa780000)
  to   space 5120K, 0% used [0x00000000fac00000,0x00000000fac00000,0x00000000fb100000)
 ParOldGen       total 111616K, used 41286K [0x00000000e0000000, 0x00000000e6d00000, 0x00000000f5580000)
  object space 111616K, 36% used [0x00000000e0000000,0x00000000e2851b98,0x00000000e6d00000)
 Metaspace       used 75695K, capacity 82736K, committed 83160K, reserved 1120256K
  class space    used 9038K, capacity 11368K, committed 11480K, reserved 1048576K
Event: 2164.736 GC heap after
Heap after GC invocations=86 (full 39):
 PSYoungGen      total 83968K, used 0K [0x00000000f5580000, 0x00000000fb100000, 0x0000000100000000)
  eden space 83456K, 0% used [0x00000000f5580000,0x00000000f5580000,0x00000000fa700000)
  from space 512K, 0% used [0x00000000fa700000,0x00000000fa700000,0x00000000fa780000)
  to   space 5120K, 0% used [0x00000000fac00000,0x00000000fac00000,0x00000000fb100000)
 ParOldGen       total 111616K, used 41435K [0x00000000e0000000, 0x00000000e6d00000, 0x00000000f5580000)
  object space 111616K, 37% used [0x00000000e0000000,0x00000000e2876f00,0x00000000e6d00000)
 Metaspace       used 75695K, capacity 82736K, committed 83160K, reserved 1120256K
  class space    used 9038K, capacity 11368K, committed 11480K, reserved 1048576K
}
Event: 2224.633 GC heap before
{Heap before GC invocations=87 (full 39):
 PSYoungGen      total 83968K, used 5502K [0x00000000f5580000, 0x00000000fb100000, 0x0000000100000000)
  eden space 83456K, 6% used [0x00000000f5580000,0x00000000f5adf808,0x00000000fa700000)
  from space 512K, 0% used [0x00000000fa700000,0x00000000fa700000,0x00000000fa780000)
  to   space 5120K, 0% used [0x00000000fac00000,0x00000000fac00000,0x00000000fb100000)
 ParOldGen       total 111616K, used 41435K [0x00000000e0000000, 0x00000000e6d00000, 0x00000000f5580000)
  object space 111616K, 37% used [0x00000000e0000000,0x00000000e2876f00,0x00000000e6d00000)
 Metaspace       used 75698K, capacity 82736K, committed 83160K, reserved 1120256K
  class space    used 9038K, capacity 11368K, committed 11480K, reserved 1048576K
Event: 2224.637 GC heap after
Heap after GC invocations=87 (full 39):
 PSYoungGen      total 87552K, used 128K [0x00000000f5580000, 0x00000000fb000000, 0x0000000100000000)
  eden space 83456K, 0% used [0x00000000f5580000,0x00000000f5580000,0x00000000fa700000)
  from space 4096K, 3% used [0x00000000fac00000,0x00000000fac20000,0x00000000fb000000)
  to   space 4608K, 0% used [0x00000000fa700000,0x00000000fa700000,0x00000000fab80000)
 ParOldGen       total 111616K, used 41435K [0x00000000e0000000, 0x00000000e6d00000, 0x00000000f5580000)
  object space 111616K, 37% used [0x00000000e0000000,0x00000000e2876f00,0x00000000e6d00000)
 Metaspace       used 75698K, capacity 82736K, committed 83160K, reserved 1120256K
  class space    used 9038K, capacity 11368K, committed 11480K, reserved 1048576K
}
Event: 2224.637 GC heap before
{Heap before GC invocations=88 (full 40):
 PSYoungGen      total 87552K, used 128K [0x00000000f5580000, 0x00000000fb000000, 0x0000000100000000)
  eden space 83456K, 0% used [0x00000000f5580000,0x00000000f5580000,0x00000000fa700000)
  from space 4096K, 3% used [0x00000000fac00000,0x00000000fac20000,0x00000000fb000000)
  to   space 4608K, 0% used [0x00000000fa700000,0x00000000fa700000,0x00000000fab80000)
 ParOldGen       total 111616K, used 41435K [0x00000000e0000000, 0x00000000e6d00000, 0x00000000f5580000)
  object space 111616K, 37% used [0x00000000e0000000,0x00000000e2876f00,0x00000000e6d00000)
 Metaspace       used 75698K, capacity 82736K, committed 83160K, reserved 1120256K
  class space    used 9038K, capacity 11368K, committed 11480K, reserved 1048576K
Event: 2224.737 GC heap after
Heap after GC invocations=88 (full 40):
 PSYoungGen      total 87552K, used 0K [0x00000000f5580000, 0x00000000fb000000, 0x0000000100000000)
  eden space 83456K, 0% used [0x00000000f5580000,0x00000000f5580000,0x00000000fa700000)
  from space 4096K, 0% used [0x00000000fac00000,0x00000000fac00000,0x00000000fb000000)
  to   space 4608K, 0% used [0x00000000fa700000,0x00000000fa700000,0x00000000fab80000)
 ParOldGen       total 111616K, used 41290K [0x00000000e0000000, 0x00000000e6d00000, 0x00000000f5580000)
  object space 111616K, 36% used [0x00000000e0000000,0x00000000e2852a58,0x00000000e6d00000)
 Metaspace       used 75698K, capacity 82736K, committed 83160K, reserved 1120256K
  class space    used 9038K, capacity 11368K, committed 11480K, reserved 1048576K
}

