# JRE version: Java(TM) SE Runtime Environment (8.0_66-b18) (build 1.8.0_66-b18)
# Java VM: Java HotSpot(TM) 64-Bit Server VM (25.66-b18 mixed mode windows-amd64 compressed oops)
Heap:
 PSYoungGen      total 136704K, used 58013K [0x00000000f5580000, 0x0000000100000000, 0x0000000100000000)
  eden space 97792K, 51% used [0x00000000f5580000,0x00000000f8685440,0x00000000fb500000)
  from space 38912K, 20% used [0x00000000fda00000,0x00000000fe1a1fe8,0x0000000100000000)
  to   space 37888K, 0% used [0x00000000fb500000,0x00000000fb500000,0x00000000fda00000)
 ParOldGen       total 102400K, used 59910K [0x00000000e0000000, 0x00000000e6400000, 0x00000000f5580000)
  object space 102400K, 58% used [0x00000000e0000000,0x00000000e3a81bf0,0x00000000e6400000)
 Metaspace       used 87083K, capacity 94746K, committed 94872K, reserved 1130496K
  class space    used 10663K, capacity 13147K, committed 13224K, reserved 1048576K
GC Heap History (10 events):
Event: 15.734 GC heap before
{Heap before GC invocations=12 (full 3):
 PSYoungGen      total 144384K, used 117248K [0x00000000f5580000, 0x0000000100000000, 0x0000000100000000)
  eden space 117248K, 100% used [0x00000000f5580000,0x00000000fc800000,0x00000000fc800000)
  from space 27136K, 0% used [0x00000000fe580000,0x00000000fe580000,0x0000000100000000)
  to   space 28672K, 0% used [0x00000000fc800000,0x00000000fc800000,0x00000000fe400000)
 ParOldGen       total 102400K, used 41801K [0x00000000e0000000, 0x00000000e6400000, 0x00000000f5580000)
  object space 102400K, 40% used [0x00000000e0000000,0x00000000e28d24c0,0x00000000e6400000)
 Metaspace       used 66730K, capacity 71952K, committed 72216K, reserved 1112064K
  class space    used 8065K, capacity 9745K, committed 9768K, reserved 1048576K
Event: 15.762 GC heap after
Heap after GC invocations=12 (full 3):
 PSYoungGen      total 143360K, used 25753K [0x00000000f5580000, 0x0000000100000000, 0x0000000100000000)
  eden space 117248K, 0% used [0x00000000f5580000,0x00000000f5580000,0x00000000fc800000)
  from space 26112K, 98% used [0x00000000fc800000,0x00000000fe1267e0,0x00000000fe180000)
  to   space 31232K, 0% used [0x00000000fe180000,0x00000000fe180000,0x0000000100000000)
 ParOldGen       total 102400K, used 41809K [0x00000000e0000000, 0x00000000e6400000, 0x00000000f5580000)
  object space 102400K, 40% used [0x00000000e0000000,0x00000000e28d44c0,0x00000000e6400000)
 Metaspace       used 66730K, capacity 71952K, committed 72216K, reserved 1112064K
  class space    used 8065K, capacity 9745K, committed 9768K, reserved 1048576K
}
Event: 87.225 GC heap before
{Heap before GC invocations=13 (full 3):
 PSYoungGen      total 143360K, used 143001K [0x00000000f5580000, 0x0000000100000000, 0x0000000100000000)
  eden space 117248K, 100% used [0x00000000f5580000,0x00000000fc800000,0x00000000fc800000)
  from space 26112K, 98% used [0x00000000fc800000,0x00000000fe1267e0,0x00000000fe180000)
  to   space 31232K, 0% used [0x00000000fe180000,0x00000000fe180000,0x0000000100000000)
 ParOldGen       total 102400K, used 41809K [0x00000000e0000000, 0x00000000e6400000, 0x00000000f5580000)
  object space 102400K, 40% used [0x00000000e0000000,0x00000000e28d44c0,0x00000000e6400000)
 Metaspace       used 81003K, capacity 87808K, committed 87960K, reserved 1124352K
  class space    used 9941K, capacity 12100K, committed 12200K, reserved 1048576K
Event: 87.253 GC heap after
Heap after GC invocations=13 (full 3):
 PSYoungGen      total 129024K, used 31229K [0x00000000f5580000, 0x0000000100000000, 0x0000000100000000)
  eden space 97792K, 0% used [0x00000000f5580000,0x00000000f5580000,0x00000000fb500000)
  from space 31232K, 99% used [0x00000000fe180000,0x00000000fffff6e8,0x0000000100000000)
  to   space 38400K, 0% used [0x00000000fb500000,0x00000000fb500000,0x00000000fda80000)
 ParOldGen       total 102400K, used 44690K [0x00000000e0000000, 0x00000000e6400000, 0x00000000f5580000)
  object space 102400K, 43% used [0x00000000e0000000,0x00000000e2ba4af8,0x00000000e6400000)
 Metaspace       used 81003K, capacity 87808K, committed 87960K, reserved 1124352K
  class space    used 9941K, capacity 12100K, committed 12200K, reserved 1048576K
}
Event: 88.216 GC heap before
{Heap before GC invocations=14 (full 3):
 PSYoungGen      total 129024K, used 42133K [0x00000000f5580000, 0x0000000100000000, 0x0000000100000000)
  eden space 97792K, 11% used [0x00000000f5580000,0x00000000f6025d68,0x00000000fb500000)
  from space 31232K, 99% used [0x00000000fe180000,0x00000000fffff6e8,0x0000000100000000)
  to   space 38400K, 0% used [0x00000000fb500000,0x00000000fb500000,0x00000000fda80000)
 ParOldGen       total 102400K, used 44690K [0x00000000e0000000, 0x00000000e6400000, 0x00000000f5580000)
  object space 102400K, 43% used [0x00000000e0000000,0x00000000e2ba4af8,0x00000000e6400000)
 Metaspace       used 81201K, capacity 88000K, committed 88216K, reserved 1126400K
  class space    used 9955K, capacity 12100K, committed 12200K, reserved 1048576K
Event: 88.250 GC heap after
Heap after GC invocations=14 (full 3):
 PSYoungGen      total 120832K, used 22769K [0x00000000f5580000, 0x0000000100000000, 0x0000000100000000)
  eden space 97792K, 0% used [0x00000000f5580000,0x00000000f5580000,0x00000000fb500000)
  from space 23040K, 98% used [0x00000000fb500000,0x00000000fcb3c5d0,0x00000000fcb80000)
  to   space 38912K, 0% used [0x00000000fda00000,0x00000000fda00000,0x0000000100000000)
 ParOldGen       total 102400K, used 44698K [0x00000000e0000000, 0x00000000e6400000, 0x00000000f5580000)
  object space 102400K, 43% used [0x00000000e0000000,0x00000000e2ba6af8,0x00000000e6400000)
 Metaspace       used 81201K, capacity 88000K, committed 88216K, reserved 1126400K
  class space    used 9955K, capacity 12100K, committed 12200K, reserved 1048576K
}
Event: 88.250 GC heap before
{Heap before GC invocations=15 (full 4):
 PSYoungGen      total 120832K, used 22769K [0x00000000f5580000, 0x0000000100000000, 0x0000000100000000)
  eden space 97792K, 0% used [0x00000000f5580000,0x00000000f5580000,0x00000000fb500000)
  from space 23040K, 98% used [0x00000000fb500000,0x00000000fcb3c5d0,0x00000000fcb80000)
  to   space 38912K, 0% used [0x00000000fda00000,0x00000000fda00000,0x0000000100000000)
 ParOldGen       total 102400K, used 44698K [0x00000000e0000000, 0x00000000e6400000, 0x00000000f5580000)
  object space 102400K, 43% used [0x00000000e0000000,0x00000000e2ba6af8,0x00000000e6400000)
 Metaspace       used 81201K, capacity 88000K, committed 88216K, reserved 1126400K
  class space    used 9955K, capacity 12100K, committed 12200K, reserved 1048576K
Event: 88.624 GC heap after
Heap after GC invocations=15 (full 4):
 PSYoungGen      total 120832K, used 0K [0x00000000f5580000, 0x0000000100000000, 0x0000000100000000)
  eden space 97792K, 0% used [0x00000000f5580000,0x00000000f5580000,0x00000000fb500000)
  from space 23040K, 0% used [0x00000000fb500000,0x00000000fb500000,0x00000000fcb80000)
  to   space 38912K, 0% used [0x00000000fda00000,0x00000000fda00000,0x0000000100000000)
 ParOldGen       total 102400K, used 59902K [0x00000000e0000000, 0x00000000e6400000, 0x00000000f5580000)
  object space 102400K, 58% used [0x00000000e0000000,0x00000000e3a7fbf0,0x00000000e6400000)
 Metaspace       used 81201K, capacity 88000K, committed 88216K, reserved 1126400K
  class space    used 9955K, capacity 12100K, committed 12200K, reserved 1048576K
}
Event: 123.886 GC heap before
{Heap before GC invocations=16 (full 4):
 PSYoungGen      total 120832K, used 97782K [0x00000000f5580000, 0x0000000100000000, 0x0000000100000000)
  eden space 97792K, 99% used [0x00000000f5580000,0x00000000fb4fd848,0x00000000fb500000)
  from space 23040K, 0% used [0x00000000fb500000,0x00000000fb500000,0x00000000fcb80000)
  to   space 38912K, 0% used [0x00000000fda00000,0x00000000fda00000,0x0000000100000000)
 ParOldGen       total 102400K, used 59902K [0x00000000e0000000, 0x00000000e6400000, 0x00000000f5580000)
  object space 102400K, 58% used [0x00000000e0000000,0x00000000e3a7fbf0,0x00000000e6400000)
 Metaspace       used 85570K, capacity 93254K, committed 93592K, reserved 1130496K
  class space    used 10504K, capacity 12889K, committed 12968K, reserved 1048576K
Event: 123.902 GC heap after
Heap after GC invocations=16 (full 4):
 PSYoungGen      total 136704K, used 7815K [0x00000000f5580000, 0x0000000100000000, 0x0000000100000000)
  eden space 97792K, 0% used [0x00000000f5580000,0x00000000f5580000,0x00000000fb500000)
  from space 38912K, 20% used [0x00000000fda00000,0x00000000fe1a1fe8,0x0000000100000000)
  to   space 37888K, 0% used [0x00000000fb500000,0x00000000fb500000,0x00000000fda00000)
 ParOldGen       total 102400K, used 59910K [0x00000000e0000000, 0x00000000e6400000, 0x00000000f5580000)
  object space 102400K, 58% used [0x00000000e0000000,0x00000000e3a81bf0,0x00000000e6400000)
 Metaspace       used 85570K, capacity 93254K, committed 93592K, reserved 1130496K
  class space    used 10504K, capacity 12889K, committed 12968K, reserved 1048576K
}

