# JRE version: Java(TM) SE Runtime Environment (8.0_66-b18) (build 1.8.0_66-b18)
# Java VM: Java HotSpot(TM) 64-Bit Server VM (25.66-b18 mixed mode windows-amd64 compressed oops)
Heap:
 PSYoungGen      total 82432K, used 32178K [0x00000000f5580000, 0x00000000fd080000, 0x0000000100000000)
  eden space 81920K, 39% used [0x00000000f5580000,0x00000000f74ec848,0x00000000fa580000)
  from space 512K, 0% used [0x00000000fa580000,0x00000000fa580000,0x00000000fa600000)
  to   space 22016K, 0% used [0x00000000fbb00000,0x00000000fbb00000,0x00000000fd080000)
 ParOldGen       total 118784K, used 50651K [0x00000000e0000000, 0x00000000e7400000, 0x00000000f5580000)
  object space 118784K, 42% used [0x00000000e0000000,0x00000000e3176f08,0x00000000e7400000)
 Metaspace       used 86415K, capacity 93892K, committed 94168K, reserved 1130496K
  class space    used 10245K, capacity 12684K, committed 12800K, reserved 1048576K
GC Heap History (10 events):
Event: 631.110 GC heap before
{Heap before GC invocations=38 (full 13):
 PSYoungGen      total 91136K, used 8794K [0x00000000f5580000, 0x00000000fd380000, 0x0000000100000000)
  eden space 81920K, 0% used [0x00000000f5580000,0x00000000f5580000,0x00000000fa580000)
  from space 9216K, 95% used [0x00000000fa580000,0x00000000fae16be0,0x00000000fae80000)
  to   space 23552K, 0% used [0x00000000fbc80000,0x00000000fbc80000,0x00000000fd380000)
 ParOldGen       total 118784K, used 49819K [0x00000000e0000000, 0x00000000e7400000, 0x00000000f5580000)
  object space 118784K, 41% used [0x00000000e0000000,0x00000000e30a6d50,0x00000000e7400000)
 Metaspace       used 85460K, capacity 93082K, committed 93400K, reserved 1130496K
  class space    used 10138K, capacity 12523K, committed 12544K, reserved 1048576K
Event: 631.439 GC heap after
Heap after GC invocations=38 (full 13):
 PSYoungGen      total 91136K, used 0K [0x00000000f5580000, 0x00000000fd380000, 0x0000000100000000)
  eden space 81920K, 0% used [0x00000000f5580000,0x00000000f5580000,0x00000000fa580000)
  from space 9216K, 0% used [0x00000000fa580000,0x00000000fa580000,0x00000000fae80000)
  to   space 23552K, 0% used [0x00000000fbc80000,0x00000000fbc80000,0x00000000fd380000)
 ParOldGen       total 118784K, used 53550K [0x00000000e0000000, 0x00000000e7400000, 0x00000000f5580000)
  object space 118784K, 45% used [0x00000000e0000000,0x00000000e344b848,0x00000000e7400000)
 Metaspace       used 85460K, capacity 93082K, committed 93400K, reserved 1130496K
  class space    used 10138K, capacity 12523K, committed 12544K, reserved 1048576K
}
Event: 691.113 GC heap before
{Heap before GC invocations=39 (full 13):
 PSYoungGen      total 91136K, used 28539K [0x00000000f5580000, 0x00000000fd380000, 0x0000000100000000)
  eden space 81920K, 34% used [0x00000000f5580000,0x00000000f715ef48,0x00000000fa580000)
  from space 9216K, 0% used [0x00000000fa580000,0x00000000fa580000,0x00000000fae80000)
  to   space 23552K, 0% used [0x00000000fbc80000,0x00000000fbc80000,0x00000000fd380000)
 ParOldGen       total 118784K, used 53550K [0x00000000e0000000, 0x00000000e7400000, 0x00000000f5580000)
  object space 118784K, 45% used [0x00000000e0000000,0x00000000e344b848,0x00000000e7400000)
 Metaspace       used 85495K, capacity 93146K, committed 93400K, reserved 1130496K
  class space    used 10138K, capacity 12523K, committed 12544K, reserved 1048576K
Event: 691.120 GC heap after
Heap after GC invocations=39 (full 13):
 PSYoungGen      total 103424K, used 712K [0x00000000f5580000, 0x00000000fd180000, 0x0000000100000000)
  eden space 81920K, 0% used [0x00000000f5580000,0x00000000f5580000,0x00000000fa580000)
  from space 21504K, 3% used [0x00000000fbc80000,0x00000000fbd32268,0x00000000fd180000)
  to   space 22528K, 0% used [0x00000000fa580000,0x00000000fa580000,0x00000000fbb80000)
 ParOldGen       total 118784K, used 53550K [0x00000000e0000000, 0x00000000e7400000, 0x00000000f5580000)
  object space 118784K, 45% used [0x00000000e0000000,0x00000000e344b848,0x00000000e7400000)
 Metaspace       used 85495K, capacity 93146K, committed 93400K, reserved 1130496K
  class space    used 10138K, capacity 12523K, committed 12544K, reserved 1048576K
}
Event: 691.120 GC heap before
{Heap before GC invocations=40 (full 14):
 PSYoungGen      total 103424K, used 712K [0x00000000f5580000, 0x00000000fd180000, 0x0000000100000000)
  eden space 81920K, 0% used [0x00000000f5580000,0x00000000f5580000,0x00000000fa580000)
  from space 21504K, 3% used [0x00000000fbc80000,0x00000000fbd32268,0x00000000fd180000)
  to   space 22528K, 0% used [0x00000000fa580000,0x00000000fa580000,0x00000000fbb80000)
 ParOldGen       total 118784K, used 53550K [0x00000000e0000000, 0x00000000e7400000, 0x00000000f5580000)
  object space 118784K, 45% used [0x00000000e0000000,0x00000000e344b848,0x00000000e7400000)
 Metaspace       used 85495K, capacity 93146K, committed 93400K, reserved 1130496K
  class space    used 10138K, capacity 12523K, committed 12544K, reserved 1048576K
Event: 691.380 GC heap after
Heap after GC invocations=40 (full 14):
 PSYoungGen      total 103424K, used 0K [0x00000000f5580000, 0x00000000fd180000, 0x0000000100000000)
  eden space 81920K, 0% used [0x00000000f5580000,0x00000000f5580000,0x00000000fa580000)
  from space 21504K, 0% used [0x00000000fbc80000,0x00000000fbc80000,0x00000000fd180000)
  to   space 22528K, 0% used [0x00000000fa580000,0x00000000fa580000,0x00000000fbb80000)
 ParOldGen       total 118784K, used 50773K [0x00000000e0000000, 0x00000000e7400000, 0x00000000f5580000)
  object space 118784K, 42% used [0x00000000e0000000,0x00000000e3195720,0x00000000e7400000)
 Metaspace       used 85495K, capacity 93146K, committed 93400K, reserved 1130496K
  class space    used 10138K, capacity 12523K, committed 12544K, reserved 1048576K
}
Event: 751.125 GC heap before
{Heap before GC invocations=41 (full 14):
 PSYoungGen      total 103424K, used 3879K [0x00000000f5580000, 0x00000000fd180000, 0x0000000100000000)
  eden space 81920K, 4% used [0x00000000f5580000,0x00000000f5949fc8,0x00000000fa580000)
  from space 21504K, 0% used [0x00000000fbc80000,0x00000000fbc80000,0x00000000fd180000)
  to   space 22528K, 0% used [0x00000000fa580000,0x00000000fa580000,0x00000000fbb80000)
 ParOldGen       total 118784K, used 50773K [0x00000000e0000000, 0x00000000e7400000, 0x00000000f5580000)
  object space 118784K, 42% used [0x00000000e0000000,0x00000000e3195720,0x00000000e7400000)
 Metaspace       used 85497K, capacity 93146K, committed 93400K, reserved 1130496K
  class space    used 10138K, capacity 12523K, committed 12544K, reserved 1048576K
Event: 751.130 GC heap after
Heap after GC invocations=41 (full 14):
 PSYoungGen      total 82432K, used 128K [0x00000000f5580000, 0x00000000fd080000, 0x0000000100000000)
  eden space 81920K, 0% used [0x00000000f5580000,0x00000000f5580000,0x00000000fa580000)
  from space 512K, 25% used [0x00000000fa580000,0x00000000fa5a0000,0x00000000fa600000)
  to   space 22016K, 0% used [0x00000000fbb00000,0x00000000fbb00000,0x00000000fd080000)
 ParOldGen       total 118784K, used 50773K [0x00000000e0000000, 0x00000000e7400000, 0x00000000f5580000)
  object space 118784K, 42% used [0x00000000e0000000,0x00000000e3195720,0x00000000e7400000)
 Metaspace       used 85497K, capacity 93146K, committed 93400K, reserved 1130496K
  class space    used 10138K, capacity 12523K, committed 12544K, reserved 1048576K
}
Event: 751.130 GC heap before
{Heap before GC invocations=42 (full 15):
 PSYoungGen      total 82432K, used 128K [0x00000000f5580000, 0x00000000fd080000, 0x0000000100000000)
  eden space 81920K, 0% used [0x00000000f5580000,0x00000000f5580000,0x00000000fa580000)
  from space 512K, 25% used [0x00000000fa580000,0x00000000fa5a0000,0x00000000fa600000)
  to   space 22016K, 0% used [0x00000000fbb00000,0x00000000fbb00000,0x00000000fd080000)
 ParOldGen       total 118784K, used 50773K [0x00000000e0000000, 0x00000000e7400000, 0x00000000f5580000)
  object space 118784K, 42% used [0x00000000e0000000,0x00000000e3195720,0x00000000e7400000)
 Metaspace       used 85497K, capacity 93146K, committed 93400K, reserved 1130496K
  class space    used 10138K, capacity 12523K, committed 12544K, reserved 1048576K
Event: 751.316 GC heap after
Heap after GC invocations=42 (full 15):
 PSYoungGen      total 82432K, used 0K [0x00000000f5580000, 0x00000000fd080000, 0x0000000100000000)
  eden space 81920K, 0% used [0x00000000f5580000,0x00000000f5580000,0x00000000fa580000)
  from space 512K, 0% used [0x00000000fa580000,0x00000000fa580000,0x00000000fa600000)
  to   space 22016K, 0% used [0x00000000fbb00000,0x00000000fbb00000,0x00000000fd080000)
 ParOldGen       total 118784K, used 50651K [0x00000000e0000000, 0x00000000e7400000, 0x00000000f5580000)
  object space 118784K, 42% used [0x00000000e0000000,0x00000000e3176f08,0x00000000e7400000)
 Metaspace       used 85497K, capacity 93146K, committed 93400K, reserved 1130496K
  class space    used 10138K, capacity 12523K, committed 12544K, reserved 1048576K
}

