# JRE version: Java(TM) SE Runtime Environment (8.0_66-b18) (build 1.8.0_66-b18)
# Java VM: Java HotSpot(TM) 64-Bit Server VM (25.66-b18 mixed mode windows-amd64 compressed oops)
Heap:
 PSYoungGen      total 147456K, used 120566K [0x00000000f5580000, 0x00000000fff00000, 0x0000000100000000)
  eden space 120832K, 87% used [0x00000000f5580000,0x00000000fbd09c08,0x00000000fcb80000)
  from space 26624K, 54% used [0x00000000fcb80000,0x00000000fd9b3c08,0x00000000fe580000)
  to   space 25600K, 0% used [0x00000000fe600000,0x00000000fe600000,0x00000000fff00000)
 ParOldGen       total 106496K, used 56224K [0x00000000e0000000, 0x00000000e6800000, 0x00000000f5580000)
  object space 106496K, 52% used [0x00000000e0000000,0x00000000e36e81b0,0x00000000e6800000)
 Metaspace       used 93708K, capacity 101274K, committed 101672K, reserved 1136640K
  class space    used 11062K, capacity 13498K, committed 13608K, reserved 1048576K
GC Heap History (10 events):
Event: 200.797 GC heap before
{Heap before GC invocations=17 (full 4):
 PSYoungGen      total 140288K, used 126337K [0x00000000f5580000, 0x00000000ffc80000, 0x0000000100000000)
  eden space 113664K, 100% used [0x00000000f5580000,0x00000000fc480000,0x00000000fc480000)
  from space 26624K, 47% used [0x00000000fe280000,0x00000000feee0680,0x00000000ffc80000)
  to   space 28672K, 0% used [0x00000000fc480000,0x00000000fc480000,0x00000000fe080000)
 ParOldGen       total 106496K, used 56192K [0x00000000e0000000, 0x00000000e6800000, 0x00000000f5580000)
  object space 106496K, 52% used [0x00000000e0000000,0x00000000e36e01b0,0x00000000e6800000)
 Metaspace       used 88618K, capacity 96198K, committed 96424K, reserved 1132544K
  class space    used 10643K, capacity 13133K, committed 13224K, reserved 1048576K
Event: 200.814 GC heap after
Heap after GC invocations=17 (full 4):
 PSYoungGen      total 142336K, used 15161K [0x00000000f5580000, 0x0000000100000000, 0x0000000100000000)
  eden space 113664K, 0% used [0x00000000f5580000,0x00000000f5580000,0x00000000fc480000)
  from space 28672K, 52% used [0x00000000fc480000,0x00000000fd34e518,0x00000000fe080000)
  to   space 28160K, 0% used [0x00000000fe480000,0x00000000fe480000,0x0000000100000000)
 ParOldGen       total 106496K, used 56200K [0x00000000e0000000, 0x00000000e6800000, 0x00000000f5580000)
  object space 106496K, 52% used [0x00000000e0000000,0x00000000e36e21b0,0x00000000e6800000)
 Metaspace       used 88618K, capacity 96198K, committed 96424K, reserved 1132544K
  class space    used 10643K, capacity 13133K, committed 13224K, reserved 1048576K
}
Event: 202.053 GC heap before
{Heap before GC invocations=18 (full 4):
 PSYoungGen      total 142336K, used 128825K [0x00000000f5580000, 0x0000000100000000, 0x0000000100000000)
  eden space 113664K, 100% used [0x00000000f5580000,0x00000000fc480000,0x00000000fc480000)
  from space 28672K, 52% used [0x00000000fc480000,0x00000000fd34e518,0x00000000fe080000)
  to   space 28160K, 0% used [0x00000000fe480000,0x00000000fe480000,0x0000000100000000)
 ParOldGen       total 106496K, used 56200K [0x00000000e0000000, 0x00000000e6800000, 0x00000000f5580000)
  object space 106496K, 52% used [0x00000000e0000000,0x00000000e36e21b0,0x00000000e6800000)
 Metaspace       used 89027K, capacity 96652K, committed 96936K, reserved 1132544K
  class space    used 10664K, capacity 13134K, committed 13224K, reserved 1048576K
Event: 202.079 GC heap after
Heap after GC invocations=18 (full 4):
 PSYoungGen      total 143360K, used 14698K [0x00000000f5580000, 0x00000000ffd80000, 0x0000000100000000)
  eden space 117760K, 0% used [0x00000000f5580000,0x00000000f5580000,0x00000000fc880000)
  from space 25600K, 57% used [0x00000000fe480000,0x00000000ff2daae0,0x00000000ffd80000)
  to   space 27136K, 0% used [0x00000000fc880000,0x00000000fc880000,0x00000000fe300000)
 ParOldGen       total 106496K, used 56200K [0x00000000e0000000, 0x00000000e6800000, 0x00000000f5580000)
  object space 106496K, 52% used [0x00000000e0000000,0x00000000e36e21b0,0x00000000e6800000)
 Metaspace       used 89027K, capacity 96652K, committed 96936K, reserved 1132544K
  class space    used 10664K, capacity 13134K, committed 13224K, reserved 1048576K
}
Event: 253.960 GC heap before
{Heap before GC invocations=19 (full 4):
 PSYoungGen      total 143360K, used 132458K [0x00000000f5580000, 0x00000000ffd80000, 0x0000000100000000)
  eden space 117760K, 100% used [0x00000000f5580000,0x00000000fc880000,0x00000000fc880000)
  from space 25600K, 57% used [0x00000000fe480000,0x00000000ff2daae0,0x00000000ffd80000)
  to   space 27136K, 0% used [0x00000000fc880000,0x00000000fc880000,0x00000000fe300000)
 ParOldGen       total 106496K, used 56200K [0x00000000e0000000, 0x00000000e6800000, 0x00000000f5580000)
  object space 106496K, 52% used [0x00000000e0000000,0x00000000e36e21b0,0x00000000e6800000)
 Metaspace       used 89834K, capacity 97548K, committed 97704K, reserved 1134592K
  class space    used 10700K, capacity 13134K, committed 13224K, reserved 1048576K
Event: 253.974 GC heap after
Heap after GC invocations=19 (full 4):
 PSYoungGen      total 144896K, used 13146K [0x00000000f5580000, 0x00000000ffe80000, 0x0000000100000000)
  eden space 117760K, 0% used [0x00000000f5580000,0x00000000f5580000,0x00000000fc880000)
  from space 27136K, 48% used [0x00000000fc880000,0x00000000fd556af0,0x00000000fe300000)
  to   space 25600K, 0% used [0x00000000fe580000,0x00000000fe580000,0x00000000ffe80000)
 ParOldGen       total 106496K, used 56208K [0x00000000e0000000, 0x00000000e6800000, 0x00000000f5580000)
  object space 106496K, 52% used [0x00000000e0000000,0x00000000e36e41b0,0x00000000e6800000)
 Metaspace       used 89834K, capacity 97548K, committed 97704K, reserved 1134592K
  class space    used 10700K, capacity 13134K, committed 13224K, reserved 1048576K
}
Event: 266.597 GC heap before
{Heap before GC invocations=20 (full 4):
 PSYoungGen      total 144896K, used 130906K [0x00000000f5580000, 0x00000000ffe80000, 0x0000000100000000)
  eden space 117760K, 100% used [0x00000000f5580000,0x00000000fc880000,0x00000000fc880000)
  from space 27136K, 48% used [0x00000000fc880000,0x00000000fd556af0,0x00000000fe300000)
  to   space 25600K, 0% used [0x00000000fe580000,0x00000000fe580000,0x00000000ffe80000)
 ParOldGen       total 106496K, used 56208K [0x00000000e0000000, 0x00000000e6800000, 0x00000000f5580000)
  object space 106496K, 52% used [0x00000000e0000000,0x00000000e36e41b0,0x00000000e6800000)
 Metaspace       used 90763K, capacity 98610K, committed 98856K, reserved 1134592K
  class space    used 10801K, capacity 13231K, committed 13352K, reserved 1048576K
Event: 266.616 GC heap after
Heap after GC invocations=20 (full 4):
 PSYoungGen      total 146432K, used 19108K [0x00000000f5580000, 0x0000000100000000, 0x0000000100000000)
  eden space 120832K, 0% used [0x00000000f5580000,0x00000000f5580000,0x00000000fcb80000)
  from space 25600K, 74% used [0x00000000fe580000,0x00000000ff829218,0x00000000ffe80000)
  to   space 26624K, 0% used [0x00000000fcb80000,0x00000000fcb80000,0x00000000fe580000)
 ParOldGen       total 106496K, used 56216K [0x00000000e0000000, 0x00000000e6800000, 0x00000000f5580000)
  object space 106496K, 52% used [0x00000000e0000000,0x00000000e36e61b0,0x00000000e6800000)
 Metaspace       used 90763K, capacity 98610K, committed 98856K, reserved 1134592K
  class space    used 10801K, capacity 13231K, committed 13352K, reserved 1048576K
}
Event: 292.251 GC heap before
{Heap before GC invocations=21 (full 4):
 PSYoungGen      total 146432K, used 139940K [0x00000000f5580000, 0x0000000100000000, 0x0000000100000000)
  eden space 120832K, 100% used [0x00000000f5580000,0x00000000fcb80000,0x00000000fcb80000)
  from space 25600K, 74% used [0x00000000fe580000,0x00000000ff829218,0x00000000ffe80000)
  to   space 26624K, 0% used [0x00000000fcb80000,0x00000000fcb80000,0x00000000fe580000)
 ParOldGen       total 106496K, used 56216K [0x00000000e0000000, 0x00000000e6800000, 0x00000000f5580000)
  object space 106496K, 52% used [0x00000000e0000000,0x00000000e36e61b0,0x00000000e6800000)
 Metaspace       used 92255K, capacity 100004K, committed 100136K, reserved 1136640K
  class space    used 10939K, capacity 13335K, committed 13352K, reserved 1048576K
Event: 292.265 GC heap after
Heap after GC invocations=21 (full 4):
 PSYoungGen      total 147456K, used 14543K [0x00000000f5580000, 0x00000000fff00000, 0x0000000100000000)
  eden space 120832K, 0% used [0x00000000f5580000,0x00000000f5580000,0x00000000fcb80000)
  from space 26624K, 54% used [0x00000000fcb80000,0x00000000fd9b3c08,0x00000000fe580000)
  to   space 25600K, 0% used [0x00000000fe600000,0x00000000fe600000,0x00000000fff00000)
 ParOldGen       total 106496K, used 56224K [0x00000000e0000000, 0x00000000e6800000, 0x00000000f5580000)
  object space 106496K, 52% used [0x00000000e0000000,0x00000000e36e81b0,0x00000000e6800000)
 Metaspace       used 92255K, capacity 100004K, committed 100136K, reserved 1136640K
  class space    used 10939K, capacity 13335K, committed 13352K, reserved 1048576K
}

