# JRE version: Java(TM) SE Runtime Environment (8.0_66-b18) (build 1.8.0_66-b18)
# Java VM: Java HotSpot(TM) 64-Bit Server VM (25.66-b18 mixed mode windows-amd64 compressed oops)
Heap:
 PSYoungGen      total 146432K, used 40335K [0x00000000f5580000, 0x00000000fff00000, 0x0000000100000000)
  eden space 119296K, 33% used [0x00000000f5580000,0x00000000f7ce3f88,0x00000000fca00000)
  from space 27136K, 0% used [0x00000000fe480000,0x00000000fe480000,0x00000000fff00000)
  to   space 27136K, 0% used [0x00000000fca00000,0x00000000fca00000,0x00000000fe480000)
 ParOldGen       total 119296K, used 41636K [0x00000000e0000000, 0x00000000e7480000, 0x00000000f5580000)
  object space 119296K, 34% used [0x00000000e0000000,0x00000000e28a9298,0x00000000e7480000)
 Metaspace       used 76194K, capacity 83466K, committed 83800K, reserved 1122304K
  class space    used 9116K, capacity 11587K, committed 11648K, reserved 1048576K
GC Heap History (10 events):
Event: 548.151 GC heap before
{Heap before GC invocations=30 (full 12):
 PSYoungGen      total 145408K, used 128K [0x00000000f5580000, 0x0000000100000000, 0x0000000100000000)
  eden space 115200K, 0% used [0x00000000f5580000,0x00000000f5580000,0x00000000fc600000)
  from space 30208K, 0% used [0x00000000fe280000,0x00000000fe2a0000,0x0000000100000000)
  to   space 29184K, 0% used [0x00000000fc600000,0x00000000fc600000,0x00000000fe280000)
 ParOldGen       total 119296K, used 42490K [0x00000000e0000000, 0x00000000e7480000, 0x00000000f5580000)
  object space 119296K, 35% used [0x00000000e0000000,0x00000000e297ebe8,0x00000000e7480000)
 Metaspace       used 75352K, capacity 82642K, committed 83032K, reserved 1120256K
  class space    used 9034K, capacity 11333K, committed 11392K, reserved 1048576K
Event: 548.356 GC heap after
Heap after GC invocations=30 (full 12):
 PSYoungGen      total 145408K, used 0K [0x00000000f5580000, 0x0000000100000000, 0x0000000100000000)
  eden space 115200K, 0% used [0x00000000f5580000,0x00000000f5580000,0x00000000fc600000)
  from space 30208K, 0% used [0x00000000fe280000,0x00000000fe280000,0x0000000100000000)
  to   space 29184K, 0% used [0x00000000fc600000,0x00000000fc600000,0x00000000fe280000)
 ParOldGen       total 119296K, used 42333K [0x00000000e0000000, 0x00000000e7480000, 0x00000000f5580000)
  object space 119296K, 35% used [0x00000000e0000000,0x00000000e2957688,0x00000000e7480000)
 Metaspace       used 75346K, capacity 82630K, committed 83032K, reserved 1120256K
  class space    used 9033K, capacity 11331K, committed 11392K, reserved 1048576K
}
Event: 608.162 GC heap before
{Heap before GC invocations=31 (full 12):
 PSYoungGen      total 145408K, used 13337K [0x00000000f5580000, 0x0000000100000000, 0x0000000100000000)
  eden space 115200K, 11% used [0x00000000f5580000,0x00000000f6286520,0x00000000fc600000)
  from space 30208K, 0% used [0x00000000fe280000,0x00000000fe280000,0x0000000100000000)
  to   space 29184K, 0% used [0x00000000fc600000,0x00000000fc600000,0x00000000fe280000)
 ParOldGen       total 119296K, used 42333K [0x00000000e0000000, 0x00000000e7480000, 0x00000000f5580000)
  object space 119296K, 35% used [0x00000000e0000000,0x00000000e2957688,0x00000000e7480000)
 Metaspace       used 75395K, capacity 82694K, committed 83032K, reserved 1120256K
  class space    used 9033K, capacity 11331K, committed 11392K, reserved 1048576K
Event: 608.167 GC heap after
Heap after GC invocations=31 (full 12):
 PSYoungGen      total 144384K, used 448K [0x00000000f5580000, 0x0000000100000000, 0x0000000100000000)
  eden space 115200K, 0% used [0x00000000f5580000,0x00000000f5580000,0x00000000fc600000)
  from space 29184K, 1% used [0x00000000fc600000,0x00000000fc670000,0x00000000fe280000)
  to   space 28160K, 0% used [0x00000000fe480000,0x00000000fe480000,0x0000000100000000)
 ParOldGen       total 119296K, used 42333K [0x00000000e0000000, 0x00000000e7480000, 0x00000000f5580000)
  object space 119296K, 35% used [0x00000000e0000000,0x00000000e2957688,0x00000000e7480000)
 Metaspace       used 75395K, capacity 82694K, committed 83032K, reserved 1120256K
  class space    used 9033K, capacity 11331K, committed 11392K, reserved 1048576K
}
Event: 608.167 GC heap before
{Heap before GC invocations=32 (full 13):
 PSYoungGen      total 144384K, used 448K [0x00000000f5580000, 0x0000000100000000, 0x0000000100000000)
  eden space 115200K, 0% used [0x00000000f5580000,0x00000000f5580000,0x00000000fc600000)
  from space 29184K, 1% used [0x00000000fc600000,0x00000000fc670000,0x00000000fe280000)
  to   space 28160K, 0% used [0x00000000fe480000,0x00000000fe480000,0x0000000100000000)
 ParOldGen       total 119296K, used 42333K [0x00000000e0000000, 0x00000000e7480000, 0x00000000f5580000)
  object space 119296K, 35% used [0x00000000e0000000,0x00000000e2957688,0x00000000e7480000)
 Metaspace       used 75395K, capacity 82694K, committed 83032K, reserved 1120256K
  class space    used 9033K, capacity 11331K, committed 11392K, reserved 1048576K
Event: 608.382 GC heap after
Heap after GC invocations=32 (full 13):
 PSYoungGen      total 144384K, used 0K [0x00000000f5580000, 0x0000000100000000, 0x0000000100000000)
  eden space 115200K, 0% used [0x00000000f5580000,0x00000000f5580000,0x00000000fc600000)
  from space 29184K, 0% used [0x00000000fc600000,0x00000000fc600000,0x00000000fe280000)
  to   space 28160K, 0% used [0x00000000fe480000,0x00000000fe480000,0x0000000100000000)
 ParOldGen       total 119296K, used 41782K [0x00000000e0000000, 0x00000000e7480000, 0x00000000f5580000)
  object space 119296K, 35% used [0x00000000e0000000,0x00000000e28cdb10,0x00000000e7480000)
 Metaspace       used 75395K, capacity 82694K, committed 83032K, reserved 1120256K
  class space    used 9033K, capacity 11331K, committed 11392K, reserved 1048576K
}
Event: 668.171 GC heap before
{Heap before GC invocations=33 (full 13):
 PSYoungGen      total 144384K, used 9497K [0x00000000f5580000, 0x0000000100000000, 0x0000000100000000)
  eden space 115200K, 8% used [0x00000000f5580000,0x00000000f5ec65c0,0x00000000fc600000)
  from space 29184K, 0% used [0x00000000fc600000,0x00000000fc600000,0x00000000fe280000)
  to   space 28160K, 0% used [0x00000000fe480000,0x00000000fe480000,0x0000000100000000)
 ParOldGen       total 119296K, used 41782K [0x00000000e0000000, 0x00000000e7480000, 0x00000000f5580000)
  object space 119296K, 35% used [0x00000000e0000000,0x00000000e28cdb10,0x00000000e7480000)
 Metaspace       used 75404K, capacity 82694K, committed 83032K, reserved 1120256K
  class space    used 9033K, capacity 11331K, committed 11392K, reserved 1048576K
Event: 668.176 GC heap after
Heap after GC invocations=33 (full 13):
 PSYoungGen      total 146432K, used 128K [0x00000000f5580000, 0x00000000fff00000, 0x0000000100000000)
  eden space 119296K, 0% used [0x00000000f5580000,0x00000000f5580000,0x00000000fca00000)
  from space 27136K, 0% used [0x00000000fe480000,0x00000000fe4a0000,0x00000000fff00000)
  to   space 27136K, 0% used [0x00000000fca00000,0x00000000fca00000,0x00000000fe480000)
 ParOldGen       total 119296K, used 41782K [0x00000000e0000000, 0x00000000e7480000, 0x00000000f5580000)
  object space 119296K, 35% used [0x00000000e0000000,0x00000000e28cdb10,0x00000000e7480000)
 Metaspace       used 75404K, capacity 82694K, committed 83032K, reserved 1120256K
  class space    used 9033K, capacity 11331K, committed 11392K, reserved 1048576K
}
Event: 668.176 GC heap before
{Heap before GC invocations=34 (full 14):
 PSYoungGen      total 146432K, used 128K [0x00000000f5580000, 0x00000000fff00000, 0x0000000100000000)
  eden space 119296K, 0% used [0x00000000f5580000,0x00000000f5580000,0x00000000fca00000)
  from space 27136K, 0% used [0x00000000fe480000,0x00000000fe4a0000,0x00000000fff00000)
  to   space 27136K, 0% used [0x00000000fca00000,0x00000000fca00000,0x00000000fe480000)
 ParOldGen       total 119296K, used 41782K [0x00000000e0000000, 0x00000000e7480000, 0x00000000f5580000)
  object space 119296K, 35% used [0x00000000e0000000,0x00000000e28cdb10,0x00000000e7480000)
 Metaspace       used 75404K, capacity 82694K, committed 83032K, reserved 1120256K
  class space    used 9033K, capacity 11331K, committed 11392K, reserved 1048576K
Event: 668.279 GC heap after
Heap after GC invocations=34 (full 14):
 PSYoungGen      total 146432K, used 0K [0x00000000f5580000, 0x00000000fff00000, 0x0000000100000000)
  eden space 119296K, 0% used [0x00000000f5580000,0x00000000f5580000,0x00000000fca00000)
  from space 27136K, 0% used [0x00000000fe480000,0x00000000fe480000,0x00000000fff00000)
  to   space 27136K, 0% used [0x00000000fca00000,0x00000000fca00000,0x00000000fe480000)
 ParOldGen       total 119296K, used 41636K [0x00000000e0000000, 0x00000000e7480000, 0x00000000f5580000)
  object space 119296K, 34% used [0x00000000e0000000,0x00000000e28a9298,0x00000000e7480000)
 Metaspace       used 75404K, capacity 82694K, committed 83032K, reserved 1120256K
  class space    used 9033K, capacity 11331K, committed 11392K, reserved 1048576K
}

