# JRE version: Java(TM) SE Runtime Environment (8.0_66-b18) (build 1.8.0_66-b18)
# Java VM: Java HotSpot(TM) 64-Bit Server VM (25.66-b18 mixed mode windows-amd64 compressed oops)
Heap:
 PSYoungGen      total 126976K, used 54652K [0x00000000f5580000, 0x00000000fd480000, 0x0000000100000000)
  eden space 123904K, 44% used [0x00000000f5580000,0x00000000f8adf008,0x00000000fce80000)
  from space 3072K, 0% used [0x00000000fce80000,0x00000000fce80000,0x00000000fd180000)
  to   space 3072K, 0% used [0x00000000fd180000,0x00000000fd180000,0x00000000fd480000)
 ParOldGen       total 113152K, used 59984K [0x00000000e0000000, 0x00000000e6e80000, 0x00000000f5580000)
  object space 113152K, 53% used [0x00000000e0000000,0x00000000e3a94260,0x00000000e6e80000)
 Metaspace       used 96517K, capacity 104326K, committed 104472K, reserved 1140736K
  class space    used 11553K, capacity 14097K, committed 14128K, reserved 1048576K
GC Heap History (10 events):
Event: 6468.221 GC heap before
{Heap before GC invocations=228 (full 109):
 PSYoungGen      total 124416K, used 160K [0x00000000f5580000, 0x00000000fd480000, 0x0000000100000000)
  eden space 123904K, 0% used [0x00000000f5580000,0x00000000f5580000,0x00000000fce80000)
  from space 512K, 31% used [0x00000000fce80000,0x00000000fcea8000,0x00000000fcf00000)
  to   space 3072K, 0% used [0x00000000fd180000,0x00000000fd180000,0x00000000fd480000)
 ParOldGen       total 113152K, used 59929K [0x00000000e0000000, 0x00000000e6e80000, 0x00000000f5580000)
  object space 113152K, 52% used [0x00000000e0000000,0x00000000e3a86768,0x00000000e6e80000)
 Metaspace       used 95640K, capacity 103590K, committed 103832K, reserved 1138688K
  class space    used 11448K, capacity 13901K, committed 14000K, reserved 1048576K
Event: 6468.402 GC heap after
Heap after GC invocations=228 (full 109):
 PSYoungGen      total 124416K, used 0K [0x00000000f5580000, 0x00000000fd480000, 0x0000000100000000)
  eden space 123904K, 0% used [0x00000000f5580000,0x00000000f5580000,0x00000000fce80000)
  from space 512K, 0% used [0x00000000fce80000,0x00000000fce80000,0x00000000fcf00000)
  to   space 3072K, 0% used [0x00000000fd180000,0x00000000fd180000,0x00000000fd480000)
 ParOldGen       total 113152K, used 59984K [0x00000000e0000000, 0x00000000e6e80000, 0x00000000f5580000)
  object space 113152K, 53% used [0x00000000e0000000,0x00000000e3a942c0,0x00000000e6e80000)
 Metaspace       used 95640K, capacity 103590K, committed 103832K, reserved 1138688K
  class space    used 11448K, capacity 13901K, committed 14000K, reserved 1048576K
}
Event: 6528.236 GC heap before
{Heap before GC invocations=229 (full 109):
 PSYoungGen      total 124416K, used 2740K [0x00000000f5580000, 0x00000000fd480000, 0x0000000100000000)
  eden space 123904K, 2% used [0x00000000f5580000,0x00000000f582d170,0x00000000fce80000)
  from space 512K, 0% used [0x00000000fce80000,0x00000000fce80000,0x00000000fcf00000)
  to   space 3072K, 0% used [0x00000000fd180000,0x00000000fd180000,0x00000000fd480000)
 ParOldGen       total 113152K, used 59984K [0x00000000e0000000, 0x00000000e6e80000, 0x00000000f5580000)
  object space 113152K, 53% used [0x00000000e0000000,0x00000000e3a942c0,0x00000000e6e80000)
 Metaspace       used 95640K, capacity 103590K, committed 103832K, reserved 1138688K
  class space    used 11448K, capacity 13901K, committed 14000K, reserved 1048576K
Event: 6528.239 GC heap after
Heap after GC invocations=229 (full 109):
 PSYoungGen      total 126976K, used 128K [0x00000000f5580000, 0x00000000fd480000, 0x0000000100000000)
  eden space 123904K, 0% used [0x00000000f5580000,0x00000000f5580000,0x00000000fce80000)
  from space 3072K, 4% used [0x00000000fd180000,0x00000000fd1a0000,0x00000000fd480000)
  to   space 3072K, 0% used [0x00000000fce80000,0x00000000fce80000,0x00000000fd180000)
 ParOldGen       total 113152K, used 59984K [0x00000000e0000000, 0x00000000e6e80000, 0x00000000f5580000)
  object space 113152K, 53% used [0x00000000e0000000,0x00000000e3a942c0,0x00000000e6e80000)
 Metaspace       used 95640K, capacity 103590K, committed 103832K, reserved 1138688K
  class space    used 11448K, capacity 13901K, committed 14000K, reserved 1048576K
}
Event: 6528.239 GC heap before
{Heap before GC invocations=230 (full 110):
 PSYoungGen      total 126976K, used 128K [0x00000000f5580000, 0x00000000fd480000, 0x0000000100000000)
  eden space 123904K, 0% used [0x00000000f5580000,0x00000000f5580000,0x00000000fce80000)
  from space 3072K, 4% used [0x00000000fd180000,0x00000000fd1a0000,0x00000000fd480000)
  to   space 3072K, 0% used [0x00000000fce80000,0x00000000fce80000,0x00000000fd180000)
 ParOldGen       total 113152K, used 59984K [0x00000000e0000000, 0x00000000e6e80000, 0x00000000f5580000)
  object space 113152K, 53% used [0x00000000e0000000,0x00000000e3a942c0,0x00000000e6e80000)
 Metaspace       used 95640K, capacity 103590K, committed 103832K, reserved 1138688K
  class space    used 11448K, capacity 13901K, committed 14000K, reserved 1048576K
Event: 6528.417 GC heap after
Heap after GC invocations=230 (full 110):
 PSYoungGen      total 126976K, used 0K [0x00000000f5580000, 0x00000000fd480000, 0x0000000100000000)
  eden space 123904K, 0% used [0x00000000f5580000,0x00000000f5580000,0x00000000fce80000)
  from space 3072K, 0% used [0x00000000fd180000,0x00000000fd180000,0x00000000fd480000)
  to   space 3072K, 0% used [0x00000000fce80000,0x00000000fce80000,0x00000000fd180000)
 ParOldGen       total 113152K, used 59984K [0x00000000e0000000, 0x00000000e6e80000, 0x00000000f5580000)
  object space 113152K, 53% used [0x00000000e0000000,0x00000000e3a941a0,0x00000000e6e80000)
 Metaspace       used 95640K, capacity 103590K, committed 103832K, reserved 1138688K
  class space    used 11448K, capacity 13901K, committed 14000K, reserved 1048576K
}
Event: 6588.245 GC heap before
{Heap before GC invocations=231 (full 110):
 PSYoungGen      total 126976K, used 3152K [0x00000000f5580000, 0x00000000fd480000, 0x0000000100000000)
  eden space 123904K, 2% used [0x00000000f5580000,0x00000000f5894090,0x00000000fce80000)
  from space 3072K, 0% used [0x00000000fd180000,0x00000000fd180000,0x00000000fd480000)
  to   space 3072K, 0% used [0x00000000fce80000,0x00000000fce80000,0x00000000fd180000)
 ParOldGen       total 113152K, used 59984K [0x00000000e0000000, 0x00000000e6e80000, 0x00000000f5580000)
  object space 113152K, 53% used [0x00000000e0000000,0x00000000e3a941a0,0x00000000e6e80000)
 Metaspace       used 95640K, capacity 103590K, committed 103832K, reserved 1138688K
  class space    used 11448K, capacity 13901K, committed 14000K, reserved 1048576K
Event: 6588.248 GC heap after
Heap after GC invocations=231 (full 110):
 PSYoungGen      total 126976K, used 96K [0x00000000f5580000, 0x00000000fd480000, 0x0000000100000000)
  eden space 123904K, 0% used [0x00000000f5580000,0x00000000f5580000,0x00000000fce80000)
  from space 3072K, 3% used [0x00000000fce80000,0x00000000fce98000,0x00000000fd180000)
  to   space 3072K, 0% used [0x00000000fd180000,0x00000000fd180000,0x00000000fd480000)
 ParOldGen       total 113152K, used 59984K [0x00000000e0000000, 0x00000000e6e80000, 0x00000000f5580000)
  object space 113152K, 53% used [0x00000000e0000000,0x00000000e3a941a0,0x00000000e6e80000)
 Metaspace       used 95640K, capacity 103590K, committed 103832K, reserved 1138688K
  class space    used 11448K, capacity 13901K, committed 14000K, reserved 1048576K
}
Event: 6588.248 GC heap before
{Heap before GC invocations=232 (full 111):
 PSYoungGen      total 126976K, used 96K [0x00000000f5580000, 0x00000000fd480000, 0x0000000100000000)
  eden space 123904K, 0% used [0x00000000f5580000,0x00000000f5580000,0x00000000fce80000)
  from space 3072K, 3% used [0x00000000fce80000,0x00000000fce98000,0x00000000fd180000)
  to   space 3072K, 0% used [0x00000000fd180000,0x00000000fd180000,0x00000000fd480000)
 ParOldGen       total 113152K, used 59984K [0x00000000e0000000, 0x00000000e6e80000, 0x00000000f5580000)
  object space 113152K, 53% used [0x00000000e0000000,0x00000000e3a941a0,0x00000000e6e80000)
 Metaspace       used 95640K, capacity 103590K, committed 103832K, reserved 1138688K
  class space    used 11448K, capacity 13901K, committed 14000K, reserved 1048576K
Event: 6588.412 GC heap after
Heap after GC invocations=232 (full 111):
 PSYoungGen      total 126976K, used 0K [0x00000000f5580000, 0x00000000fd480000, 0x0000000100000000)
  eden space 123904K, 0% used [0x00000000f5580000,0x00000000f5580000,0x00000000fce80000)
  from space 3072K, 0% used [0x00000000fce80000,0x00000000fce80000,0x00000000fd180000)
  to   space 3072K, 0% used [0x00000000fd180000,0x00000000fd180000,0x00000000fd480000)
 ParOldGen       total 113152K, used 59984K [0x00000000e0000000, 0x00000000e6e80000, 0x00000000f5580000)
  object space 113152K, 53% used [0x00000000e0000000,0x00000000e3a94260,0x00000000e6e80000)
 Metaspace       used 95640K, capacity 103590K, committed 103832K, reserved 1138688K
  class space    used 11448K, capacity 13901K, committed 14000K, reserved 1048576K
}

