# JRE version: Java(TM) SE Runtime Environment (8.0_66-b18) (build 1.8.0_66-b18)
# Java VM: Java HotSpot(TM) 64-Bit Server VM (25.66-b18 mixed mode windows-amd64 compressed oops)
Heap:
 PSYoungGen      total 136704K, used 40320K [0x00000000f5580000, 0x00000000fee80000, 0x0000000100000000)
  eden space 118784K, 33% used [0x00000000f5580000,0x00000000f7ce0388,0x00000000fc980000)
  from space 17920K, 0% used [0x00000000fdd00000,0x00000000fdd00000,0x00000000fee80000)
  to   space 18944K, 0% used [0x00000000fc980000,0x00000000fc980000,0x00000000fdc00000)
 ParOldGen       total 116224K, used 39077K [0x00000000e0000000, 0x00000000e7180000, 0x00000000f5580000)
  object space 116224K, 33% used [0x00000000e0000000,0x00000000e2629578,0x00000000e7180000)
 Metaspace       used 76856K, capacity 84146K, committed 84568K, reserved 1122304K
  class space    used 9129K, capacity 11559K, committed 11648K, reserved 1048576K
GC Heap History (10 events):
Event: 906.335 GC heap before
{Heap before GC invocations=42 (full 18):
 PSYoungGen      total 139264K, used 416K [0x00000000f5580000, 0x00000000ff380000, 0x0000000100000000)
  eden space 118784K, 0% used [0x00000000f5580000,0x00000000f5580000,0x00000000fc980000)
  from space 20480K, 2% used [0x00000000fdf80000,0x00000000fdfe8000,0x00000000ff380000)
  to   space 21504K, 0% used [0x00000000fc980000,0x00000000fc980000,0x00000000fde80000)
 ParOldGen       total 116224K, used 39160K [0x00000000e0000000, 0x00000000e7180000, 0x00000000f5580000)
  object space 116224K, 33% used [0x00000000e0000000,0x00000000e263e140,0x00000000e7180000)
 Metaspace       used 76081K, capacity 83220K, committed 83544K, reserved 1122304K
  class space    used 9052K, capacity 11336K, committed 11392K, reserved 1048576K
Event: 906.451 GC heap after
Heap after GC invocations=42 (full 18):
 PSYoungGen      total 139264K, used 0K [0x00000000f5580000, 0x00000000ff380000, 0x0000000100000000)
  eden space 118784K, 0% used [0x00000000f5580000,0x00000000f5580000,0x00000000fc980000)
  from space 20480K, 0% used [0x00000000fdf80000,0x00000000fdf80000,0x00000000ff380000)
  to   space 21504K, 0% used [0x00000000fc980000,0x00000000fc980000,0x00000000fde80000)
 ParOldGen       total 116224K, used 39305K [0x00000000e0000000, 0x00000000e7180000, 0x00000000f5580000)
  object space 116224K, 33% used [0x00000000e0000000,0x00000000e2662780,0x00000000e7180000)
 Metaspace       used 76081K, capacity 83220K, committed 83544K, reserved 1122304K
  class space    used 9052K, capacity 11336K, committed 11392K, reserved 1048576K
}
Event: 966.342 GC heap before
{Heap before GC invocations=43 (full 18):
 PSYoungGen      total 139264K, used 7356K [0x00000000f5580000, 0x00000000ff380000, 0x0000000100000000)
  eden space 118784K, 6% used [0x00000000f5580000,0x00000000f5caf0b8,0x00000000fc980000)
  from space 20480K, 0% used [0x00000000fdf80000,0x00000000fdf80000,0x00000000ff380000)
  to   space 21504K, 0% used [0x00000000fc980000,0x00000000fc980000,0x00000000fde80000)
 ParOldGen       total 116224K, used 39305K [0x00000000e0000000, 0x00000000e7180000, 0x00000000f5580000)
  object space 116224K, 33% used [0x00000000e0000000,0x00000000e2662780,0x00000000e7180000)
 Metaspace       used 76082K, capacity 83220K, committed 83544K, reserved 1122304K
  class space    used 9052K, capacity 11336K, committed 11392K, reserved 1048576K
Event: 966.364 GC heap after
Heap after GC invocations=43 (full 18):
 PSYoungGen      total 119296K, used 128K [0x00000000f5580000, 0x00000000ff080000, 0x0000000100000000)
  eden space 118784K, 0% used [0x00000000f5580000,0x00000000f5580000,0x00000000fc980000)
  from space 512K, 25% used [0x00000000fc980000,0x00000000fc9a0000,0x00000000fca00000)
  to   space 19968K, 0% used [0x00000000fdd00000,0x00000000fdd00000,0x00000000ff080000)
 ParOldGen       total 116224K, used 39305K [0x00000000e0000000, 0x00000000e7180000, 0x00000000f5580000)
  object space 116224K, 33% used [0x00000000e0000000,0x00000000e2662780,0x00000000e7180000)
 Metaspace       used 76082K, capacity 83220K, committed 83544K, reserved 1122304K
  class space    used 9052K, capacity 11336K, committed 11392K, reserved 1048576K
}
Event: 966.364 GC heap before
{Heap before GC invocations=44 (full 19):
 PSYoungGen      total 119296K, used 128K [0x00000000f5580000, 0x00000000ff080000, 0x0000000100000000)
  eden space 118784K, 0% used [0x00000000f5580000,0x00000000f5580000,0x00000000fc980000)
  from space 512K, 25% used [0x00000000fc980000,0x00000000fc9a0000,0x00000000fca00000)
  to   space 19968K, 0% used [0x00000000fdd00000,0x00000000fdd00000,0x00000000ff080000)
 ParOldGen       total 116224K, used 39305K [0x00000000e0000000, 0x00000000e7180000, 0x00000000f5580000)
  object space 116224K, 33% used [0x00000000e0000000,0x00000000e2662780,0x00000000e7180000)
 Metaspace       used 76082K, capacity 83220K, committed 83544K, reserved 1122304K
  class space    used 9052K, capacity 11336K, committed 11392K, reserved 1048576K
Event: 966.506 GC heap after
Heap after GC invocations=44 (full 19):
 PSYoungGen      total 119296K, used 0K [0x00000000f5580000, 0x00000000ff080000, 0x0000000100000000)
  eden space 118784K, 0% used [0x00000000f5580000,0x00000000f5580000,0x00000000fc980000)
  from space 512K, 0% used [0x00000000fc980000,0x00000000fc980000,0x00000000fca00000)
  to   space 19968K, 0% used [0x00000000fdd00000,0x00000000fdd00000,0x00000000ff080000)
 ParOldGen       total 116224K, used 39160K [0x00000000e0000000, 0x00000000e7180000, 0x00000000f5580000)
  object space 116224K, 33% used [0x00000000e0000000,0x00000000e263e0d0,0x00000000e7180000)
 Metaspace       used 76082K, capacity 83220K, committed 83544K, reserved 1122304K
  class space    used 9052K, capacity 11336K, committed 11392K, reserved 1048576K
}
Event: 1026.350 GC heap before
{Heap before GC invocations=45 (full 19):
 PSYoungGen      total 119296K, used 7222K [0x00000000f5580000, 0x00000000ff080000, 0x0000000100000000)
  eden space 118784K, 6% used [0x00000000f5580000,0x00000000f5c8d868,0x00000000fc980000)
  from space 512K, 0% used [0x00000000fc980000,0x00000000fc980000,0x00000000fca00000)
  to   space 19968K, 0% used [0x00000000fdd00000,0x00000000fdd00000,0x00000000ff080000)
 ParOldGen       total 116224K, used 39160K [0x00000000e0000000, 0x00000000e7180000, 0x00000000f5580000)
  object space 116224K, 33% used [0x00000000e0000000,0x00000000e263e0d0,0x00000000e7180000)
 Metaspace       used 76082K, capacity 83220K, committed 83544K, reserved 1122304K
  class space    used 9052K, capacity 11336K, committed 11392K, reserved 1048576K
Event: 1026.352 GC heap after
Heap after GC invocations=45 (full 19):
 PSYoungGen      total 136704K, used 128K [0x00000000f5580000, 0x00000000fee80000, 0x0000000100000000)
  eden space 118784K, 0% used [0x00000000f5580000,0x00000000f5580000,0x00000000fc980000)
  from space 17920K, 0% used [0x00000000fdd00000,0x00000000fdd20000,0x00000000fee80000)
  to   space 18944K, 0% used [0x00000000fc980000,0x00000000fc980000,0x00000000fdc00000)
 ParOldGen       total 116224K, used 39160K [0x00000000e0000000, 0x00000000e7180000, 0x00000000f5580000)
  object space 116224K, 33% used [0x00000000e0000000,0x00000000e263e0d0,0x00000000e7180000)
 Metaspace       used 76082K, capacity 83220K, committed 83544K, reserved 1122304K
  class space    used 9052K, capacity 11336K, committed 11392K, reserved 1048576K
}
Event: 1026.352 GC heap before
{Heap before GC invocations=46 (full 20):
 PSYoungGen      total 136704K, used 128K [0x00000000f5580000, 0x00000000fee80000, 0x0000000100000000)
  eden space 118784K, 0% used [0x00000000f5580000,0x00000000f5580000,0x00000000fc980000)
  from space 17920K, 0% used [0x00000000fdd00000,0x00000000fdd20000,0x00000000fee80000)
  to   space 18944K, 0% used [0x00000000fc980000,0x00000000fc980000,0x00000000fdc00000)
 ParOldGen       total 116224K, used 39160K [0x00000000e0000000, 0x00000000e7180000, 0x00000000f5580000)
  object space 116224K, 33% used [0x00000000e0000000,0x00000000e263e0d0,0x00000000e7180000)
 Metaspace       used 76082K, capacity 83220K, committed 83544K, reserved 1122304K
  class space    used 9052K, capacity 11336K, committed 11392K, reserved 1048576K
Event: 1026.551 GC heap after
Heap after GC invocations=46 (full 20):
 PSYoungGen      total 136704K, used 0K [0x00000000f5580000, 0x00000000fee80000, 0x0000000100000000)
  eden space 118784K, 0% used [0x00000000f5580000,0x00000000f5580000,0x00000000fc980000)
  from space 17920K, 0% used [0x00000000fdd00000,0x00000000fdd00000,0x00000000fee80000)
  to   space 18944K, 0% used [0x00000000fc980000,0x00000000fc980000,0x00000000fdc00000)
 ParOldGen       total 116224K, used 39077K [0x00000000e0000000, 0x00000000e7180000, 0x00000000f5580000)
  object space 116224K, 33% used [0x00000000e0000000,0x00000000e2629578,0x00000000e7180000)
 Metaspace       used 76080K, capacity 83214K, committed 83544K, reserved 1122304K
  class space    used 9051K, capacity 11335K, committed 11392K, reserved 1048576K
}

