# JRE version: Java(TM) SE Runtime Environment (8.0_66-b18) (build 1.8.0_66-b18)
# Java VM: Java HotSpot(TM) 64-Bit Server VM (25.66-b18 mixed mode windows-amd64 compressed oops)
Heap:
 PSYoungGen      total 125952K, used 95746K [0x00000000f5580000, 0x0000000100000000, 0x0000000100000000)
  eden space 97792K, 69% used [0x00000000f5580000,0x00000000f9783ee0,0x00000000fb500000)
  from space 28160K, 99% used [0x00000000fe480000,0x00000000ffffcb38,0x0000000100000000)
  to   space 38400K, 0% used [0x00000000fb500000,0x00000000fb500000,0x00000000fda80000)
 ParOldGen       total 99840K, used 45058K [0x00000000e0000000, 0x00000000e6180000, 0x00000000f5580000)
  object space 99840K, 45% used [0x00000000e0000000,0x00000000e2c00938,0x00000000e6180000)
 Metaspace       used 83395K, capacity 90674K, committed 90752K, reserved 1128448K
  class space    used 10172K, capacity 12653K, committed 12672K, reserved 1048576K
GC Heap History (10 events):
Event: 6.379 GC heap before
{Heap before GC invocations=9 (full 2):
 PSYoungGen      total 116736K, used 95744K [0x00000000f5580000, 0x00000000fed80000, 0x0000000100000000)
  eden space 95744K, 100% used [0x00000000f5580000,0x00000000fb300000,0x00000000fb300000)
  from space 20992K, 0% used [0x00000000fc780000,0x00000000fc780000,0x00000000fdc00000)
  to   space 20992K, 0% used [0x00000000fb300000,0x00000000fb300000,0x00000000fc780000)
 ParOldGen       total 84480K, used 32802K [0x00000000e0000000, 0x00000000e5280000, 0x00000000f5580000)
  object space 84480K, 38% used [0x00000000e0000000,0x00000000e2008b18,0x00000000e5280000)
 Metaspace       used 49623K, capacity 53750K, committed 53888K, reserved 1095680K
  class space    used 5806K, capacity 7179K, committed 7296K, reserved 1048576K
Event: 6.400 GC heap after
Heap after GC invocations=9 (full 2):
 PSYoungGen      total 116736K, used 20960K [0x00000000f5580000, 0x0000000100000000, 0x0000000100000000)
  eden space 95744K, 0% used [0x00000000f5580000,0x00000000f5580000,0x00000000fb300000)
  from space 20992K, 99% used [0x00000000fb300000,0x00000000fc7783b8,0x00000000fc780000)
  to   space 27648K, 0% used [0x00000000fe500000,0x00000000fe500000,0x0000000100000000)
 ParOldGen       total 84480K, used 36962K [0x00000000e0000000, 0x00000000e5280000, 0x00000000f5580000)
  object space 84480K, 43% used [0x00000000e0000000,0x00000000e2418838,0x00000000e5280000)
 Metaspace       used 49623K, capacity 53750K, committed 53888K, reserved 1095680K
  class space    used 5806K, capacity 7179K, committed 7296K, reserved 1048576K
}
Event: 7.118 GC heap before
{Heap before GC invocations=10 (full 2):
 PSYoungGen      total 116736K, used 43439K [0x00000000f5580000, 0x0000000100000000, 0x0000000100000000)
  eden space 95744K, 23% used [0x00000000f5580000,0x00000000f6b73a68,0x00000000fb300000)
  from space 20992K, 99% used [0x00000000fb300000,0x00000000fc7783b8,0x00000000fc780000)
  to   space 27648K, 0% used [0x00000000fe500000,0x00000000fe500000,0x0000000100000000)
 ParOldGen       total 84480K, used 36962K [0x00000000e0000000, 0x00000000e5280000, 0x00000000f5580000)
  object space 84480K, 43% used [0x00000000e0000000,0x00000000e2418838,0x00000000e5280000)
 Metaspace       used 54302K, capacity 58928K, committed 59028K, reserved 1099776K
  class space    used 6412K, capacity 7890K, committed 7936K, reserved 1048576K
Event: 7.134 GC heap after
Heap after GC invocations=10 (full 2):
 PSYoungGen      total 145920K, used 16214K [0x00000000f5580000, 0x0000000100000000, 0x0000000100000000)
  eden space 118272K, 0% used [0x00000000f5580000,0x00000000f5580000,0x00000000fc900000)
  from space 27648K, 58% used [0x00000000fe500000,0x00000000ff4d5908,0x0000000100000000)
  to   space 28160K, 0% used [0x00000000fc900000,0x00000000fc900000,0x00000000fe480000)
 ParOldGen       total 84480K, used 36970K [0x00000000e0000000, 0x00000000e5280000, 0x00000000f5580000)
  object space 84480K, 43% used [0x00000000e0000000,0x00000000e241a838,0x00000000e5280000)
 Metaspace       used 54302K, capacity 58928K, committed 59028K, reserved 1099776K
  class space    used 6412K, capacity 7890K, committed 7936K, reserved 1048576K
}
Event: 7.134 GC heap before
{Heap before GC invocations=11 (full 3):
 PSYoungGen      total 145920K, used 16214K [0x00000000f5580000, 0x0000000100000000, 0x0000000100000000)
  eden space 118272K, 0% used [0x00000000f5580000,0x00000000f5580000,0x00000000fc900000)
  from space 27648K, 58% used [0x00000000fe500000,0x00000000ff4d5908,0x0000000100000000)
  to   space 28160K, 0% used [0x00000000fc900000,0x00000000fc900000,0x00000000fe480000)
 ParOldGen       total 84480K, used 36970K [0x00000000e0000000, 0x00000000e5280000, 0x00000000f5580000)
  object space 84480K, 43% used [0x00000000e0000000,0x00000000e241a838,0x00000000e5280000)
 Metaspace       used 54302K, capacity 58928K, committed 59028K, reserved 1099776K
  class space    used 6412K, capacity 7890K, committed 7936K, reserved 1048576K
Event: 7.392 GC heap after
Heap after GC invocations=11 (full 3):
 PSYoungGen      total 145920K, used 0K [0x00000000f5580000, 0x0000000100000000, 0x0000000100000000)
  eden space 118272K, 0% used [0x00000000f5580000,0x00000000f5580000,0x00000000fc900000)
  from space 27648K, 0% used [0x00000000fe500000,0x00000000fe500000,0x0000000100000000)
  to   space 28160K, 0% used [0x00000000fc900000,0x00000000fc900000,0x00000000fe480000)
 ParOldGen       total 99840K, used 38883K [0x00000000e0000000, 0x00000000e6180000, 0x00000000f5580000)
  object space 99840K, 38% used [0x00000000e0000000,0x00000000e25f8f08,0x00000000e6180000)
 Metaspace       used 54302K, capacity 58928K, committed 59028K, reserved 1099776K
  class space    used 6412K, capacity 7890K, committed 7936K, reserved 1048576K
}
Event: 9.861 GC heap before
{Heap before GC invocations=12 (full 3):
 PSYoungGen      total 145920K, used 118272K [0x00000000f5580000, 0x0000000100000000, 0x0000000100000000)
  eden space 118272K, 100% used [0x00000000f5580000,0x00000000fc900000,0x00000000fc900000)
  from space 27648K, 0% used [0x00000000fe500000,0x00000000fe500000,0x0000000100000000)
  to   space 28160K, 0% used [0x00000000fc900000,0x00000000fc900000,0x00000000fe480000)
 ParOldGen       total 99840K, used 38883K [0x00000000e0000000, 0x00000000e6180000, 0x00000000f5580000)
  object space 99840K, 38% used [0x00000000e0000000,0x00000000e25f8f08,0x00000000e6180000)
 Metaspace       used 68905K, capacity 74678K, committed 74752K, reserved 1114112K
  class space    used 8347K, capacity 10206K, committed 10240K, reserved 1048576K
Event: 9.894 GC heap after
Heap after GC invocations=12 (full 3):
 PSYoungGen      total 146432K, used 28131K [0x00000000f5580000, 0x0000000100000000, 0x0000000100000000)
  eden space 118272K, 0% used [0x00000000f5580000,0x00000000f5580000,0x00000000fc900000)
  from space 28160K, 99% used [0x00000000fc900000,0x00000000fe478d48,0x00000000fe480000)
  to   space 28160K, 0% used [0x00000000fe480000,0x00000000fe480000,0x0000000100000000)
 ParOldGen       total 99840K, used 40198K [0x00000000e0000000, 0x00000000e6180000, 0x00000000f5580000)
  object space 99840K, 40% used [0x00000000e0000000,0x00000000e2741a40,0x00000000e6180000)
 Metaspace       used 68905K, capacity 74678K, committed 74752K, reserved 1114112K
  class space    used 8347K, capacity 10206K, committed 10240K, reserved 1048576K
}
Event: 39.839 GC heap before
{Heap before GC invocations=13 (full 3):
 PSYoungGen      total 146432K, used 146403K [0x00000000f5580000, 0x0000000100000000, 0x0000000100000000)
  eden space 118272K, 100% used [0x00000000f5580000,0x00000000fc900000,0x00000000fc900000)
  from space 28160K, 99% used [0x00000000fc900000,0x00000000fe478d48,0x00000000fe480000)
  to   space 28160K, 0% used [0x00000000fe480000,0x00000000fe480000,0x0000000100000000)
 ParOldGen       total 99840K, used 40198K [0x00000000e0000000, 0x00000000e6180000, 0x00000000f5580000)
  object space 99840K, 40% used [0x00000000e0000000,0x00000000e2741af0,0x00000000e6180000)
 Metaspace       used 80890K, capacity 88094K, committed 88192K, reserved 1126400K
  class space    used 9899K, capacity 12157K, committed 12160K, reserved 1048576K
Event: 39.868 GC heap after
Heap after GC invocations=13 (full 3):
 PSYoungGen      total 125952K, used 28146K [0x00000000f5580000, 0x0000000100000000, 0x0000000100000000)
  eden space 97792K, 0% used [0x00000000f5580000,0x00000000f5580000,0x00000000fb500000)
  from space 28160K, 99% used [0x00000000fe480000,0x00000000ffffcb38,0x0000000100000000)
  to   space 38400K, 0% used [0x00000000fb500000,0x00000000fb500000,0x00000000fda80000)
 ParOldGen       total 99840K, used 45058K [0x00000000e0000000, 0x00000000e6180000, 0x00000000f5580000)
  object space 99840K, 45% used [0x00000000e0000000,0x00000000e2c00938,0x00000000e6180000)
 Metaspace       used 80890K, capacity 88094K, committed 88192K, reserved 1126400K
  class space    used 9899K, capacity 12157K, committed 12160K, reserved 1048576K
}

