# JRE version: Java(TM) SE Runtime Environment (8.0_66-b18) (build 1.8.0_66-b18)
# Java VM: Java HotSpot(TM) 64-Bit Server VM (25.66-b18 mixed mode windows-amd64 compressed oops)
Heap:
 PSYoungGen      total 113152K, used 44804K [0x00000000f5580000, 0x00000000fed80000, 0x0000000100000000)
  eden space 112640K, 39% used [0x00000000f5580000,0x00000000f8141000,0x00000000fc380000)
  from space 512K, 0% used [0x00000000fc380000,0x00000000fc380000,0x00000000fc400000)
  to   space 21504K, 0% used [0x00000000fd880000,0x00000000fd880000,0x00000000fed80000)
 ParOldGen       total 120320K, used 60735K [0x00000000e0000000, 0x00000000e7580000, 0x00000000f5580000)
  object space 120320K, 50% used [0x00000000e0000000,0x00000000e3b4fc38,0x00000000e7580000)
 Metaspace       used 98475K, capacity 106328K, committed 106712K, reserved 1142784K
  class space    used 11626K, capacity 14178K, committed 14296K, reserved 1048576K
GC Heap History (10 events):
Event: 815.296 GC heap before
{Heap before GC invocations=44 (full 15):
 PSYoungGen      total 113152K, used 128K [0x00000000f5580000, 0x00000000ff180000, 0x0000000100000000)
  eden space 112640K, 0% used [0x00000000f5580000,0x00000000f5580000,0x00000000fc380000)
  from space 512K, 25% used [0x00000000fc380000,0x00000000fc3a0000,0x00000000fc400000)
  to   space 23552K, 0% used [0x00000000fda80000,0x00000000fda80000,0x00000000ff180000)
 ParOldGen       total 120320K, used 62473K [0x00000000e0000000, 0x00000000e7580000, 0x00000000f5580000)
  object space 120320K, 51% used [0x00000000e0000000,0x00000000e3d02628,0x00000000e7580000)
 Metaspace       used 97799K, capacity 105690K, committed 106072K, reserved 1140736K
  class space    used 11554K, capacity 14051K, committed 14168K, reserved 1048576K
Event: 815.673 GC heap after
Heap after GC invocations=44 (full 15):
 PSYoungGen      total 113152K, used 0K [0x00000000f5580000, 0x00000000ff180000, 0x0000000100000000)
  eden space 112640K, 0% used [0x00000000f5580000,0x00000000f5580000,0x00000000fc380000)
  from space 512K, 0% used [0x00000000fc380000,0x00000000fc380000,0x00000000fc400000)
  to   space 23552K, 0% used [0x00000000fda80000,0x00000000fda80000,0x00000000ff180000)
 ParOldGen       total 120320K, used 62307K [0x00000000e0000000, 0x00000000e7580000, 0x00000000f5580000)
  object space 120320K, 51% used [0x00000000e0000000,0x00000000e3cd8f10,0x00000000e7580000)
 Metaspace       used 97785K, capacity 105666K, committed 106072K, reserved 1140736K
  class space    used 11552K, capacity 14047K, committed 14168K, reserved 1048576K
}
Event: 875.303 GC heap before
{Heap before GC invocations=45 (full 15):
 PSYoungGen      total 113152K, used 3513K [0x00000000f5580000, 0x00000000ff180000, 0x0000000100000000)
  eden space 112640K, 3% used [0x00000000f5580000,0x00000000f58ee750,0x00000000fc380000)
  from space 512K, 0% used [0x00000000fc380000,0x00000000fc380000,0x00000000fc400000)
  to   space 23552K, 0% used [0x00000000fda80000,0x00000000fda80000,0x00000000ff180000)
 ParOldGen       total 120320K, used 62307K [0x00000000e0000000, 0x00000000e7580000, 0x00000000f5580000)
  object space 120320K, 51% used [0x00000000e0000000,0x00000000e3cd8f10,0x00000000e7580000)
 Metaspace       used 97790K, capacity 105666K, committed 106072K, reserved 1140736K
  class space    used 11552K, capacity 14047K, committed 14168K, reserved 1048576K
Event: 875.309 GC heap after
Heap after GC invocations=45 (full 15):
 PSYoungGen      total 134144K, used 128K [0x00000000f5580000, 0x00000000fef80000, 0x0000000100000000)
  eden space 112640K, 0% used [0x00000000f5580000,0x00000000f5580000,0x00000000fc380000)
  from space 21504K, 0% used [0x00000000fda80000,0x00000000fdaa0000,0x00000000fef80000)
  to   space 22528K, 0% used [0x00000000fc380000,0x00000000fc380000,0x00000000fd980000)
 ParOldGen       total 120320K, used 62315K [0x00000000e0000000, 0x00000000e7580000, 0x00000000f5580000)
  object space 120320K, 51% used [0x00000000e0000000,0x00000000e3cdaf10,0x00000000e7580000)
 Metaspace       used 97790K, capacity 105666K, committed 106072K, reserved 1140736K
  class space    used 11552K, capacity 14047K, committed 14168K, reserved 1048576K
}
Event: 875.309 GC heap before
{Heap before GC invocations=46 (full 16):
 PSYoungGen      total 134144K, used 128K [0x00000000f5580000, 0x00000000fef80000, 0x0000000100000000)
  eden space 112640K, 0% used [0x00000000f5580000,0x00000000f5580000,0x00000000fc380000)
  from space 21504K, 0% used [0x00000000fda80000,0x00000000fdaa0000,0x00000000fef80000)
  to   space 22528K, 0% used [0x00000000fc380000,0x00000000fc380000,0x00000000fd980000)
 ParOldGen       total 120320K, used 62315K [0x00000000e0000000, 0x00000000e7580000, 0x00000000f5580000)
  object space 120320K, 51% used [0x00000000e0000000,0x00000000e3cdaf10,0x00000000e7580000)
 Metaspace       used 97790K, capacity 105666K, committed 106072K, reserved 1140736K
  class space    used 11552K, capacity 14047K, committed 14168K, reserved 1048576K
Event: 875.654 GC heap after
Heap after GC invocations=46 (full 16):
 PSYoungGen      total 134144K, used 0K [0x00000000f5580000, 0x00000000fef80000, 0x0000000100000000)
  eden space 112640K, 0% used [0x00000000f5580000,0x00000000f5580000,0x00000000fc380000)
  from space 21504K, 0% used [0x00000000fda80000,0x00000000fda80000,0x00000000fef80000)
  to   space 22528K, 0% used [0x00000000fc380000,0x00000000fc380000,0x00000000fd980000)
 ParOldGen       total 120320K, used 62009K [0x00000000e0000000, 0x00000000e7580000, 0x00000000f5580000)
  object space 120320K, 51% used [0x00000000e0000000,0x00000000e3c8e508,0x00000000e7580000)
 Metaspace       used 97790K, capacity 105666K, committed 106072K, reserved 1140736K
  class space    used 11552K, capacity 14047K, committed 14168K, reserved 1048576K
}
Event: 935.309 GC heap before
{Heap before GC invocations=47 (full 16):
 PSYoungGen      total 134144K, used 9405K [0x00000000f5580000, 0x00000000fef80000, 0x0000000100000000)
  eden space 112640K, 8% used [0x00000000f5580000,0x00000000f5eaf490,0x00000000fc380000)
  from space 21504K, 0% used [0x00000000fda80000,0x00000000fda80000,0x00000000fef80000)
  to   space 22528K, 0% used [0x00000000fc380000,0x00000000fc380000,0x00000000fd980000)
 ParOldGen       total 120320K, used 62009K [0x00000000e0000000, 0x00000000e7580000, 0x00000000f5580000)
  object space 120320K, 51% used [0x00000000e0000000,0x00000000e3c8e508,0x00000000e7580000)
 Metaspace       used 97807K, capacity 105730K, committed 106072K, reserved 1140736K
  class space    used 11552K, capacity 14047K, committed 14168K, reserved 1048576K
Event: 935.315 GC heap after
Heap after GC invocations=47 (full 16):
 PSYoungGen      total 113152K, used 448K [0x00000000f5580000, 0x00000000fed80000, 0x0000000100000000)
  eden space 112640K, 0% used [0x00000000f5580000,0x00000000f5580000,0x00000000fc380000)
  from space 512K, 87% used [0x00000000fc380000,0x00000000fc3f0000,0x00000000fc400000)
  to   space 21504K, 0% used [0x00000000fd880000,0x00000000fd880000,0x00000000fed80000)
 ParOldGen       total 120320K, used 62017K [0x00000000e0000000, 0x00000000e7580000, 0x00000000f5580000)
  object space 120320K, 51% used [0x00000000e0000000,0x00000000e3c90508,0x00000000e7580000)
 Metaspace       used 97807K, capacity 105730K, committed 106072K, reserved 1140736K
  class space    used 11552K, capacity 14047K, committed 14168K, reserved 1048576K
}
Event: 935.315 GC heap before
{Heap before GC invocations=48 (full 17):
 PSYoungGen      total 113152K, used 448K [0x00000000f5580000, 0x00000000fed80000, 0x0000000100000000)
  eden space 112640K, 0% used [0x00000000f5580000,0x00000000f5580000,0x00000000fc380000)
  from space 512K, 87% used [0x00000000fc380000,0x00000000fc3f0000,0x00000000fc400000)
  to   space 21504K, 0% used [0x00000000fd880000,0x00000000fd880000,0x00000000fed80000)
 ParOldGen       total 120320K, used 62017K [0x00000000e0000000, 0x00000000e7580000, 0x00000000f5580000)
  object space 120320K, 51% used [0x00000000e0000000,0x00000000e3c90508,0x00000000e7580000)
 Metaspace       used 97807K, capacity 105730K, committed 106072K, reserved 1140736K
  class space    used 11552K, capacity 14047K, committed 14168K, reserved 1048576K
Event: 935.606 GC heap after
Heap after GC invocations=48 (full 17):
 PSYoungGen      total 113152K, used 0K [0x00000000f5580000, 0x00000000fed80000, 0x0000000100000000)
  eden space 112640K, 0% used [0x00000000f5580000,0x00000000f5580000,0x00000000fc380000)
  from space 512K, 0% used [0x00000000fc380000,0x00000000fc380000,0x00000000fc400000)
  to   space 21504K, 0% used [0x00000000fd880000,0x00000000fd880000,0x00000000fed80000)
 ParOldGen       total 120320K, used 60735K [0x00000000e0000000, 0x00000000e7580000, 0x00000000f5580000)
  object space 120320K, 50% used [0x00000000e0000000,0x00000000e3b4fc38,0x00000000e7580000)
 Metaspace       used 97807K, capacity 105730K, committed 106072K, reserved 1140736K
  class space    used 11552K, capacity 14047K, committed 14168K, reserved 1048576K
}

