# JRE version: Java(TM) SE Runtime Environment (8.0_66-b18) (build 1.8.0_66-b18)
# Java VM: Java HotSpot(TM) 64-Bit Server VM (25.66-b18 mixed mode windows-amd64 compressed oops)
Heap:
 PSYoungGen      total 136192K, used 34737K [0x00000000f5580000, 0x0000000100000000, 0x0000000100000000)
  eden space 98304K, 35% used [0x00000000f5580000,0x00000000f776c710,0x00000000fb580000)
  from space 37888K, 0% used [0x00000000fb580000,0x00000000fb580000,0x00000000fda80000)
  to   space 37888K, 0% used [0x00000000fdb00000,0x00000000fdb00000,0x0000000100000000)
 ParOldGen       total 119808K, used 62242K [0x00000000e0000000, 0x00000000e7500000, 0x00000000f5580000)
  object space 119808K, 51% used [0x00000000e0000000,0x00000000e3cc8b80,0x00000000e7500000)
 Metaspace       used 85674K, capacity 93250K, committed 93464K, reserved 1130496K
  class space    used 10337K, capacity 12779K, committed 12840K, reserved 1048576K
GC Heap History (10 events):
Event: 86.835 GC heap before
{Heap before GC invocations=15 (full 4):
 PSYoungGen      total 132096K, used 98816K [0x00000000f5580000, 0x0000000100000000, 0x0000000100000000)
  eden space 98816K, 100% used [0x00000000f5580000,0x00000000fb600000,0x00000000fb600000)
  from space 33280K, 0% used [0x00000000fdf80000,0x00000000fdf80000,0x0000000100000000)
  to   space 37888K, 0% used [0x00000000fb600000,0x00000000fb600000,0x00000000fdb00000)
 ParOldGen       total 119808K, used 65054K [0x00000000e0000000, 0x00000000e7500000, 0x00000000f5580000)
  object space 119808K, 54% used [0x00000000e0000000,0x00000000e3f87b98,0x00000000e7500000)
 Metaspace       used 84196K, capacity 91608K, committed 91672K, reserved 1128448K
  class space    used 10191K, capacity 12554K, committed 12584K, reserved 1048576K
Event: 86.841 GC heap after
Heap after GC invocations=15 (full 4):
 PSYoungGen      total 102912K, used 3937K [0x00000000f5580000, 0x0000000100000000, 0x0000000100000000)
  eden space 98816K, 0% used [0x00000000f5580000,0x00000000f5580000,0x00000000fb600000)
  from space 4096K, 96% used [0x00000000fb600000,0x00000000fb9d85a8,0x00000000fba00000)
  to   space 38400K, 0% used [0x00000000fda80000,0x00000000fda80000,0x0000000100000000)
 ParOldGen       total 119808K, used 65062K [0x00000000e0000000, 0x00000000e7500000, 0x00000000f5580000)
  object space 119808K, 54% used [0x00000000e0000000,0x00000000e3f89b98,0x00000000e7500000)
 Metaspace       used 84196K, capacity 91608K, committed 91672K, reserved 1128448K
  class space    used 10191K, capacity 12554K, committed 12584K, reserved 1048576K
}
Event: 124.030 GC heap before
{Heap before GC invocations=16 (full 4):
 PSYoungGen      total 102912K, used 43014K [0x00000000f5580000, 0x0000000100000000, 0x0000000100000000)
  eden space 98816K, 39% used [0x00000000f5580000,0x00000000f7ba9320,0x00000000fb600000)
  from space 4096K, 96% used [0x00000000fb600000,0x00000000fb9d85a8,0x00000000fba00000)
  to   space 38400K, 0% used [0x00000000fda80000,0x00000000fda80000,0x0000000100000000)
 ParOldGen       total 119808K, used 65062K [0x00000000e0000000, 0x00000000e7500000, 0x00000000f5580000)
  object space 119808K, 54% used [0x00000000e0000000,0x00000000e3f89b98,0x00000000e7500000)
 Metaspace       used 84394K, capacity 91966K, committed 92312K, reserved 1128448K
  class space    used 10200K, capacity 12587K, committed 12712K, reserved 1048576K
Event: 124.051 GC heap after
Heap after GC invocations=16 (full 4):
 PSYoungGen      total 136704K, used 5324K [0x00000000f5580000, 0x0000000100000000, 0x0000000100000000)
  eden space 98304K, 0% used [0x00000000f5580000,0x00000000f5580000,0x00000000fb580000)
  from space 38400K, 13% used [0x00000000fda80000,0x00000000fdfb3360,0x0000000100000000)
  to   space 37888K, 0% used [0x00000000fb580000,0x00000000fb580000,0x00000000fda80000)
 ParOldGen       total 119808K, used 65070K [0x00000000e0000000, 0x00000000e7500000, 0x00000000f5580000)
  object space 119808K, 54% used [0x00000000e0000000,0x00000000e3f8bb98,0x00000000e7500000)
 Metaspace       used 84394K, capacity 91966K, committed 92312K, reserved 1128448K
  class space    used 10200K, capacity 12587K, committed 12712K, reserved 1048576K
}
Event: 124.051 GC heap before
{Heap before GC invocations=17 (full 5):
 PSYoungGen      total 136704K, used 5324K [0x00000000f5580000, 0x0000000100000000, 0x0000000100000000)
  eden space 98304K, 0% used [0x00000000f5580000,0x00000000f5580000,0x00000000fb580000)
  from space 38400K, 13% used [0x00000000fda80000,0x00000000fdfb3360,0x0000000100000000)
  to   space 37888K, 0% used [0x00000000fb580000,0x00000000fb580000,0x00000000fda80000)
 ParOldGen       total 119808K, used 65070K [0x00000000e0000000, 0x00000000e7500000, 0x00000000f5580000)
  object space 119808K, 54% used [0x00000000e0000000,0x00000000e3f8bb98,0x00000000e7500000)
 Metaspace       used 84394K, capacity 91966K, committed 92312K, reserved 1128448K
  class space    used 10200K, capacity 12587K, committed 12712K, reserved 1048576K
Event: 124.391 GC heap after
Heap after GC invocations=17 (full 5):
 PSYoungGen      total 136704K, used 0K [0x00000000f5580000, 0x0000000100000000, 0x0000000100000000)
  eden space 98304K, 0% used [0x00000000f5580000,0x00000000f5580000,0x00000000fb580000)
  from space 38400K, 0% used [0x00000000fda80000,0x00000000fda80000,0x0000000100000000)
  to   space 37888K, 0% used [0x00000000fb580000,0x00000000fb580000,0x00000000fda80000)
 ParOldGen       total 119808K, used 62617K [0x00000000e0000000, 0x00000000e7500000, 0x00000000f5580000)
  object space 119808K, 52% used [0x00000000e0000000,0x00000000e3d26670,0x00000000e7500000)
 Metaspace       used 84394K, capacity 91966K, committed 92312K, reserved 1128448K
  class space    used 10200K, capacity 12587K, committed 12712K, reserved 1048576K
}
Event: 184.043 GC heap before
{Heap before GC invocations=18 (full 5):
 PSYoungGen      total 136704K, used 6100K [0x00000000f5580000, 0x0000000100000000, 0x0000000100000000)
  eden space 98304K, 6% used [0x00000000f5580000,0x00000000f5b75258,0x00000000fb580000)
  from space 38400K, 0% used [0x00000000fda80000,0x00000000fda80000,0x0000000100000000)
  to   space 37888K, 0% used [0x00000000fb580000,0x00000000fb580000,0x00000000fda80000)
 ParOldGen       total 119808K, used 62617K [0x00000000e0000000, 0x00000000e7500000, 0x00000000f5580000)
  object space 119808K, 52% used [0x00000000e0000000,0x00000000e3d26670,0x00000000e7500000)
 Metaspace       used 84408K, capacity 91966K, committed 92312K, reserved 1128448K
  class space    used 10200K, capacity 12587K, committed 12712K, reserved 1048576K
Event: 184.048 GC heap after
Heap after GC invocations=18 (full 5):
 PSYoungGen      total 136192K, used 128K [0x00000000f5580000, 0x0000000100000000, 0x0000000100000000)
  eden space 98304K, 0% used [0x00000000f5580000,0x00000000f5580000,0x00000000fb580000)
  from space 37888K, 0% used [0x00000000fb580000,0x00000000fb5a0000,0x00000000fda80000)
  to   space 37888K, 0% used [0x00000000fdb00000,0x00000000fdb00000,0x0000000100000000)
 ParOldGen       total 119808K, used 62625K [0x00000000e0000000, 0x00000000e7500000, 0x00000000f5580000)
  object space 119808K, 52% used [0x00000000e0000000,0x00000000e3d28670,0x00000000e7500000)
 Metaspace       used 84408K, capacity 91966K, committed 92312K, reserved 1128448K
  class space    used 10200K, capacity 12587K, committed 12712K, reserved 1048576K
}
Event: 184.048 GC heap before
{Heap before GC invocations=19 (full 6):
 PSYoungGen      total 136192K, used 128K [0x00000000f5580000, 0x0000000100000000, 0x0000000100000000)
  eden space 98304K, 0% used [0x00000000f5580000,0x00000000f5580000,0x00000000fb580000)
  from space 37888K, 0% used [0x00000000fb580000,0x00000000fb5a0000,0x00000000fda80000)
  to   space 37888K, 0% used [0x00000000fdb00000,0x00000000fdb00000,0x0000000100000000)
 ParOldGen       total 119808K, used 62625K [0x00000000e0000000, 0x00000000e7500000, 0x00000000f5580000)
  object space 119808K, 52% used [0x00000000e0000000,0x00000000e3d28670,0x00000000e7500000)
 Metaspace       used 84408K, capacity 91966K, committed 92312K, reserved 1128448K
  class space    used 10200K, capacity 12587K, committed 12712K, reserved 1048576K
Event: 184.324 GC heap after
Heap after GC invocations=19 (full 6):
 PSYoungGen      total 136192K, used 0K [0x00000000f5580000, 0x0000000100000000, 0x0000000100000000)
  eden space 98304K, 0% used [0x00000000f5580000,0x00000000f5580000,0x00000000fb580000)
  from space 37888K, 0% used [0x00000000fb580000,0x00000000fb580000,0x00000000fda80000)
  to   space 37888K, 0% used [0x00000000fdb00000,0x00000000fdb00000,0x0000000100000000)
 ParOldGen       total 119808K, used 62242K [0x00000000e0000000, 0x00000000e7500000, 0x00000000f5580000)
  object space 119808K, 51% used [0x00000000e0000000,0x00000000e3cc8b80,0x00000000e7500000)
 Metaspace       used 84408K, capacity 91966K, committed 92312K, reserved 1128448K
  class space    used 10200K, capacity 12587K, committed 12712K, reserved 1048576K
}

